{"numFailedTestSuites":3,"numFailedTests":8,"numPassedTestSuites":16,"numPassedTests":102,"numPendingTestSuites":0,"numPendingTests":0,"numRuntimeErrorTestSuites":1,"numTodoTests":0,"numTotalTestSuites":19,"numTotalTests":110,"openHandles":[],"snapshot":{"added":0,"didUpdate":false,"failure":false,"filesAdded":0,"filesRemoved":0,"filesRemovedList":[],"filesUnmatched":0,"filesUpdated":0,"matched":0,"total":0,"unchecked":0,"uncheckedKeysByFile":[],"unmatched":0,"updated":0},"startTime":1738569108443,"success":false,"testResults":[{"assertionResults":[{"ancestorTitles":["Search Strategy Generation"],"duration":507,"failureDetails":[{}],"failureMessages":["Error: It looks like you're running in a browser-like environment.\n\nThis is disabled by default, as it risks exposing your secret API credentials to attackers.\nIf you understand the risks and have appropriate mitigations in place,\nyou can set the `dangerouslyAllowBrowser` option to `true`, e.g.,\n\nnew OpenAI({ apiKey, dangerouslyAllowBrowser: true });\n\nhttps://help.openai.com/en/articles/5112595-best-practices-for-api-key-safety\n\n    at new OpenAI (/Users/reeceharding/Gauntlet/New Scrapin'/node_modules/openai/src/index.ts:236:13)\n    at new NLPService (/Users/reeceharding/Gauntlet/New Scrapin'/src/services/nlp/service.ts:27:37)\n    at Object.<anonymous> (/Users/reeceharding/Gauntlet/New Scrapin'/src/services/nlp/__tests__/search-strategy.test.ts:15:18)\n    at Promise.then.completed (/Users/reeceharding/Gauntlet/New Scrapin'/node_modules/jest-circus/build/utils.js:298:28)\n    at new Promise (<anonymous>)\n    at callAsyncCircusFn (/Users/reeceharding/Gauntlet/New Scrapin'/node_modules/jest-circus/build/utils.js:231:10)\n    at _callCircusHook (/Users/reeceharding/Gauntlet/New Scrapin'/node_modules/jest-circus/build/run.js:281:40)\n    at _runTest (/Users/reeceharding/Gauntlet/New Scrapin'/node_modules/jest-circus/build/run.js:246:5)\n    at _runTestsForDescribeBlock (/Users/reeceharding/Gauntlet/New Scrapin'/node_modules/jest-circus/build/run.js:126:9)\n    at _runTestsForDescribeBlock (/Users/reeceharding/Gauntlet/New Scrapin'/node_modules/jest-circus/build/run.js:121:9)\n    at run (/Users/reeceharding/Gauntlet/New Scrapin'/node_modules/jest-circus/build/run.js:71:3)\n    at runAndTransformResultsToJestFormat (/Users/reeceharding/Gauntlet/New Scrapin'/node_modules/jest-circus/build/legacy-code-todo-rewrite/jestAdapterInit.js:122:21)\n    at jestAdapter (/Users/reeceharding/Gauntlet/New Scrapin'/node_modules/jest-circus/build/legacy-code-todo-rewrite/jestAdapter.js:79:19)\n    at runTestInternal (/Users/reeceharding/Gauntlet/New Scrapin'/node_modules/jest-runner/build/runTest.js:367:16)\n    at runTest (/Users/reeceharding/Gauntlet/New Scrapin'/node_modules/jest-runner/build/runTest.js:444:34)"],"fullName":"Search Strategy Generation should generate a complete search strategy with all components","invocations":1,"location":null,"numPassingAsserts":0,"retryReasons":[],"status":"failed","title":"should generate a complete search strategy with all components"},{"ancestorTitles":["Search Strategy Generation"],"duration":506,"failureDetails":[{}],"failureMessages":["Error: It looks like you're running in a browser-like environment.\n\nThis is disabled by default, as it risks exposing your secret API credentials to attackers.\nIf you understand the risks and have appropriate mitigations in place,\nyou can set the `dangerouslyAllowBrowser` option to `true`, e.g.,\n\nnew OpenAI({ apiKey, dangerouslyAllowBrowser: true });\n\nhttps://help.openai.com/en/articles/5112595-best-practices-for-api-key-safety\n\n    at new OpenAI (/Users/reeceharding/Gauntlet/New Scrapin'/node_modules/openai/src/index.ts:236:13)\n    at new NLPService (/Users/reeceharding/Gauntlet/New Scrapin'/src/services/nlp/service.ts:27:37)\n    at Object.<anonymous> (/Users/reeceharding/Gauntlet/New Scrapin'/src/services/nlp/__tests__/search-strategy.test.ts:15:18)\n    at Promise.then.completed (/Users/reeceharding/Gauntlet/New Scrapin'/node_modules/jest-circus/build/utils.js:298:28)\n    at new Promise (<anonymous>)\n    at callAsyncCircusFn (/Users/reeceharding/Gauntlet/New Scrapin'/node_modules/jest-circus/build/utils.js:231:10)\n    at _callCircusHook (/Users/reeceharding/Gauntlet/New Scrapin'/node_modules/jest-circus/build/run.js:281:40)\n    at _runTest (/Users/reeceharding/Gauntlet/New Scrapin'/node_modules/jest-circus/build/run.js:246:5)\n    at _runTestsForDescribeBlock (/Users/reeceharding/Gauntlet/New Scrapin'/node_modules/jest-circus/build/run.js:126:9)\n    at _runTestsForDescribeBlock (/Users/reeceharding/Gauntlet/New Scrapin'/node_modules/jest-circus/build/run.js:121:9)\n    at run (/Users/reeceharding/Gauntlet/New Scrapin'/node_modules/jest-circus/build/run.js:71:3)\n    at runAndTransformResultsToJestFormat (/Users/reeceharding/Gauntlet/New Scrapin'/node_modules/jest-circus/build/legacy-code-todo-rewrite/jestAdapterInit.js:122:21)\n    at jestAdapter (/Users/reeceharding/Gauntlet/New Scrapin'/node_modules/jest-circus/build/legacy-code-todo-rewrite/jestAdapter.js:79:19)\n    at runTestInternal (/Users/reeceharding/Gauntlet/New Scrapin'/node_modules/jest-runner/build/runTest.js:367:16)\n    at runTest (/Users/reeceharding/Gauntlet/New Scrapin'/node_modules/jest-runner/build/runTest.js:444:34)"],"fullName":"Search Strategy Generation should handle missing location gracefully","invocations":1,"location":null,"numPassingAsserts":0,"retryReasons":[],"status":"failed","title":"should handle missing location gracefully"},{"ancestorTitles":["Search Strategy Generation"],"duration":510,"failureDetails":[{}],"failureMessages":["Error: It looks like you're running in a browser-like environment.\n\nThis is disabled by default, as it risks exposing your secret API credentials to attackers.\nIf you understand the risks and have appropriate mitigations in place,\nyou can set the `dangerouslyAllowBrowser` option to `true`, e.g.,\n\nnew OpenAI({ apiKey, dangerouslyAllowBrowser: true });\n\nhttps://help.openai.com/en/articles/5112595-best-practices-for-api-key-safety\n\n    at new OpenAI (/Users/reeceharding/Gauntlet/New Scrapin'/node_modules/openai/src/index.ts:236:13)\n    at new NLPService (/Users/reeceharding/Gauntlet/New Scrapin'/src/services/nlp/service.ts:27:37)\n    at Object.<anonymous> (/Users/reeceharding/Gauntlet/New Scrapin'/src/services/nlp/__tests__/search-strategy.test.ts:15:18)\n    at Promise.then.completed (/Users/reeceharding/Gauntlet/New Scrapin'/node_modules/jest-circus/build/utils.js:298:28)\n    at new Promise (<anonymous>)\n    at callAsyncCircusFn (/Users/reeceharding/Gauntlet/New Scrapin'/node_modules/jest-circus/build/utils.js:231:10)\n    at _callCircusHook (/Users/reeceharding/Gauntlet/New Scrapin'/node_modules/jest-circus/build/run.js:281:40)\n    at _runTest (/Users/reeceharding/Gauntlet/New Scrapin'/node_modules/jest-circus/build/run.js:246:5)\n    at _runTestsForDescribeBlock (/Users/reeceharding/Gauntlet/New Scrapin'/node_modules/jest-circus/build/run.js:126:9)\n    at _runTestsForDescribeBlock (/Users/reeceharding/Gauntlet/New Scrapin'/node_modules/jest-circus/build/run.js:121:9)\n    at run (/Users/reeceharding/Gauntlet/New Scrapin'/node_modules/jest-circus/build/run.js:71:3)\n    at runAndTransformResultsToJestFormat (/Users/reeceharding/Gauntlet/New Scrapin'/node_modules/jest-circus/build/legacy-code-todo-rewrite/jestAdapterInit.js:122:21)\n    at jestAdapter (/Users/reeceharding/Gauntlet/New Scrapin'/node_modules/jest-circus/build/legacy-code-todo-rewrite/jestAdapter.js:79:19)\n    at runTestInternal (/Users/reeceharding/Gauntlet/New Scrapin'/node_modules/jest-runner/build/runTest.js:367:16)\n    at runTest (/Users/reeceharding/Gauntlet/New Scrapin'/node_modules/jest-runner/build/runTest.js:444:34)"],"fullName":"Search Strategy Generation should handle missing industry gracefully","invocations":1,"location":null,"numPassingAsserts":0,"retryReasons":[],"status":"failed","title":"should handle missing industry gracefully"},{"ancestorTitles":["Search Strategy Generation"],"duration":505,"failureDetails":[{}],"failureMessages":["Error: It looks like you're running in a browser-like environment.\n\nThis is disabled by default, as it risks exposing your secret API credentials to attackers.\nIf you understand the risks and have appropriate mitigations in place,\nyou can set the `dangerouslyAllowBrowser` option to `true`, e.g.,\n\nnew OpenAI({ apiKey, dangerouslyAllowBrowser: true });\n\nhttps://help.openai.com/en/articles/5112595-best-practices-for-api-key-safety\n\n    at new OpenAI (/Users/reeceharding/Gauntlet/New Scrapin'/node_modules/openai/src/index.ts:236:13)\n    at new NLPService (/Users/reeceharding/Gauntlet/New Scrapin'/src/services/nlp/service.ts:27:37)\n    at Object.<anonymous> (/Users/reeceharding/Gauntlet/New Scrapin'/src/services/nlp/__tests__/search-strategy.test.ts:15:18)\n    at Promise.then.completed (/Users/reeceharding/Gauntlet/New Scrapin'/node_modules/jest-circus/build/utils.js:298:28)\n    at new Promise (<anonymous>)\n    at callAsyncCircusFn (/Users/reeceharding/Gauntlet/New Scrapin'/node_modules/jest-circus/build/utils.js:231:10)\n    at _callCircusHook (/Users/reeceharding/Gauntlet/New Scrapin'/node_modules/jest-circus/build/run.js:281:40)\n    at _runTest (/Users/reeceharding/Gauntlet/New Scrapin'/node_modules/jest-circus/build/run.js:246:5)\n    at _runTestsForDescribeBlock (/Users/reeceharding/Gauntlet/New Scrapin'/node_modules/jest-circus/build/run.js:126:9)\n    at _runTestsForDescribeBlock (/Users/reeceharding/Gauntlet/New Scrapin'/node_modules/jest-circus/build/run.js:121:9)\n    at run (/Users/reeceharding/Gauntlet/New Scrapin'/node_modules/jest-circus/build/run.js:71:3)\n    at runAndTransformResultsToJestFormat (/Users/reeceharding/Gauntlet/New Scrapin'/node_modules/jest-circus/build/legacy-code-todo-rewrite/jestAdapterInit.js:122:21)\n    at jestAdapter (/Users/reeceharding/Gauntlet/New Scrapin'/node_modules/jest-circus/build/legacy-code-todo-rewrite/jestAdapter.js:79:19)\n    at runTestInternal (/Users/reeceharding/Gauntlet/New Scrapin'/node_modules/jest-runner/build/runTest.js:367:16)\n    at runTest (/Users/reeceharding/Gauntlet/New Scrapin'/node_modules/jest-runner/build/runTest.js:444:34)"],"fullName":"Search Strategy Generation should use cache when enabled","invocations":1,"location":null,"numPassingAsserts":0,"retryReasons":[],"status":"failed","title":"should use cache when enabled"},{"ancestorTitles":["Search Strategy Generation"],"duration":509,"failureDetails":[{}],"failureMessages":["Error: It looks like you're running in a browser-like environment.\n\nThis is disabled by default, as it risks exposing your secret API credentials to attackers.\nIf you understand the risks and have appropriate mitigations in place,\nyou can set the `dangerouslyAllowBrowser` option to `true`, e.g.,\n\nnew OpenAI({ apiKey, dangerouslyAllowBrowser: true });\n\nhttps://help.openai.com/en/articles/5112595-best-practices-for-api-key-safety\n\n    at new OpenAI (/Users/reeceharding/Gauntlet/New Scrapin'/node_modules/openai/src/index.ts:236:13)\n    at new NLPService (/Users/reeceharding/Gauntlet/New Scrapin'/src/services/nlp/service.ts:27:37)\n    at Object.<anonymous> (/Users/reeceharding/Gauntlet/New Scrapin'/src/services/nlp/__tests__/search-strategy.test.ts:15:18)\n    at Promise.then.completed (/Users/reeceharding/Gauntlet/New Scrapin'/node_modules/jest-circus/build/utils.js:298:28)\n    at new Promise (<anonymous>)\n    at callAsyncCircusFn (/Users/reeceharding/Gauntlet/New Scrapin'/node_modules/jest-circus/build/utils.js:231:10)\n    at _callCircusHook (/Users/reeceharding/Gauntlet/New Scrapin'/node_modules/jest-circus/build/run.js:281:40)\n    at _runTest (/Users/reeceharding/Gauntlet/New Scrapin'/node_modules/jest-circus/build/run.js:246:5)\n    at _runTestsForDescribeBlock (/Users/reeceharding/Gauntlet/New Scrapin'/node_modules/jest-circus/build/run.js:126:9)\n    at _runTestsForDescribeBlock (/Users/reeceharding/Gauntlet/New Scrapin'/node_modules/jest-circus/build/run.js:121:9)\n    at run (/Users/reeceharding/Gauntlet/New Scrapin'/node_modules/jest-circus/build/run.js:71:3)\n    at runAndTransformResultsToJestFormat (/Users/reeceharding/Gauntlet/New Scrapin'/node_modules/jest-circus/build/legacy-code-todo-rewrite/jestAdapterInit.js:122:21)\n    at jestAdapter (/Users/reeceharding/Gauntlet/New Scrapin'/node_modules/jest-circus/build/legacy-code-todo-rewrite/jestAdapter.js:79:19)\n    at runTestInternal (/Users/reeceharding/Gauntlet/New Scrapin'/node_modules/jest-runner/build/runTest.js:367:16)\n    at runTest (/Users/reeceharding/Gauntlet/New Scrapin'/node_modules/jest-runner/build/runTest.js:444:34)"],"fullName":"Search Strategy Generation should throw error on invalid input","invocations":1,"location":null,"numPassingAsserts":0,"retryReasons":[],"status":"failed","title":"should throw error on invalid input"},{"ancestorTitles":["Search Strategy Generation"],"duration":506,"failureDetails":[{}],"failureMessages":["Error: It looks like you're running in a browser-like environment.\n\nThis is disabled by default, as it risks exposing your secret API credentials to attackers.\nIf you understand the risks and have appropriate mitigations in place,\nyou can set the `dangerouslyAllowBrowser` option to `true`, e.g.,\n\nnew OpenAI({ apiKey, dangerouslyAllowBrowser: true });\n\nhttps://help.openai.com/en/articles/5112595-best-practices-for-api-key-safety\n\n    at new OpenAI (/Users/reeceharding/Gauntlet/New Scrapin'/node_modules/openai/src/index.ts:236:13)\n    at new NLPService (/Users/reeceharding/Gauntlet/New Scrapin'/src/services/nlp/service.ts:27:37)\n    at Object.<anonymous> (/Users/reeceharding/Gauntlet/New Scrapin'/src/services/nlp/__tests__/search-strategy.test.ts:15:18)\n    at Promise.then.completed (/Users/reeceharding/Gauntlet/New Scrapin'/node_modules/jest-circus/build/utils.js:298:28)\n    at new Promise (<anonymous>)\n    at callAsyncCircusFn (/Users/reeceharding/Gauntlet/New Scrapin'/node_modules/jest-circus/build/utils.js:231:10)\n    at _callCircusHook (/Users/reeceharding/Gauntlet/New Scrapin'/node_modules/jest-circus/build/run.js:281:40)\n    at _runTest (/Users/reeceharding/Gauntlet/New Scrapin'/node_modules/jest-circus/build/run.js:246:5)\n    at _runTestsForDescribeBlock (/Users/reeceharding/Gauntlet/New Scrapin'/node_modules/jest-circus/build/run.js:126:9)\n    at _runTestsForDescribeBlock (/Users/reeceharding/Gauntlet/New Scrapin'/node_modules/jest-circus/build/run.js:121:9)\n    at run (/Users/reeceharding/Gauntlet/New Scrapin'/node_modules/jest-circus/build/run.js:71:3)\n    at runAndTransformResultsToJestFormat (/Users/reeceharding/Gauntlet/New Scrapin'/node_modules/jest-circus/build/legacy-code-todo-rewrite/jestAdapterInit.js:122:21)\n    at jestAdapter (/Users/reeceharding/Gauntlet/New Scrapin'/node_modules/jest-circus/build/legacy-code-todo-rewrite/jestAdapter.js:79:19)\n    at runTestInternal (/Users/reeceharding/Gauntlet/New Scrapin'/node_modules/jest-runner/build/runTest.js:367:16)\n    at runTest (/Users/reeceharding/Gauntlet/New Scrapin'/node_modules/jest-runner/build/runTest.js:444:34)"],"fullName":"Search Strategy Generation should generate appropriate industry filters","invocations":1,"location":null,"numPassingAsserts":0,"retryReasons":[],"status":"failed","title":"should generate appropriate industry filters"},{"ancestorTitles":["Search Strategy Generation"],"duration":504,"failureDetails":[{}],"failureMessages":["Error: It looks like you're running in a browser-like environment.\n\nThis is disabled by default, as it risks exposing your secret API credentials to attackers.\nIf you understand the risks and have appropriate mitigations in place,\nyou can set the `dangerouslyAllowBrowser` option to `true`, e.g.,\n\nnew OpenAI({ apiKey, dangerouslyAllowBrowser: true });\n\nhttps://help.openai.com/en/articles/5112595-best-practices-for-api-key-safety\n\n    at new OpenAI (/Users/reeceharding/Gauntlet/New Scrapin'/node_modules/openai/src/index.ts:236:13)\n    at new NLPService (/Users/reeceharding/Gauntlet/New Scrapin'/src/services/nlp/service.ts:27:37)\n    at Object.<anonymous> (/Users/reeceharding/Gauntlet/New Scrapin'/src/services/nlp/__tests__/search-strategy.test.ts:15:18)\n    at Promise.then.completed (/Users/reeceharding/Gauntlet/New Scrapin'/node_modules/jest-circus/build/utils.js:298:28)\n    at new Promise (<anonymous>)\n    at callAsyncCircusFn (/Users/reeceharding/Gauntlet/New Scrapin'/node_modules/jest-circus/build/utils.js:231:10)\n    at _callCircusHook (/Users/reeceharding/Gauntlet/New Scrapin'/node_modules/jest-circus/build/run.js:281:40)\n    at _runTest (/Users/reeceharding/Gauntlet/New Scrapin'/node_modules/jest-circus/build/run.js:246:5)\n    at _runTestsForDescribeBlock (/Users/reeceharding/Gauntlet/New Scrapin'/node_modules/jest-circus/build/run.js:126:9)\n    at _runTestsForDescribeBlock (/Users/reeceharding/Gauntlet/New Scrapin'/node_modules/jest-circus/build/run.js:121:9)\n    at run (/Users/reeceharding/Gauntlet/New Scrapin'/node_modules/jest-circus/build/run.js:71:3)\n    at runAndTransformResultsToJestFormat (/Users/reeceharding/Gauntlet/New Scrapin'/node_modules/jest-circus/build/legacy-code-todo-rewrite/jestAdapterInit.js:122:21)\n    at jestAdapter (/Users/reeceharding/Gauntlet/New Scrapin'/node_modules/jest-circus/build/legacy-code-todo-rewrite/jestAdapter.js:79:19)\n    at runTestInternal (/Users/reeceharding/Gauntlet/New Scrapin'/node_modules/jest-runner/build/runTest.js:367:16)\n    at runTest (/Users/reeceharding/Gauntlet/New Scrapin'/node_modules/jest-runner/build/runTest.js:444:34)"],"fullName":"Search Strategy Generation should handle API errors gracefully","invocations":1,"location":null,"numPassingAsserts":0,"retryReasons":[],"status":"failed","title":"should handle API errors gracefully"}],"endTime":1738569113894,"message":"\u001b[1m\u001b[31m  \u001b[1m● \u001b[22m\u001b[1mSearch Strategy Generation › should generate a complete search strategy with all components\u001b[39m\u001b[22m\n\n    It looks like you're running in a browser-like environment.\n\n    This is disabled by default, as it risks exposing your secret API credentials to attackers.\n    If you understand the risks and have appropriate mitigations in place,\n    you can set the `dangerouslyAllowBrowser` option to `true`, e.g.,\n\n    new OpenAI({ apiKey, dangerouslyAllowBrowser: true });\n\n    https://help.openai.com/en/articles/5112595-best-practices-for-api-key-safety\n\u001b[2m\u001b[22m\n\u001b[2m    \u001b[0m \u001b[90m 25 |\u001b[39m     \u001b[36mthis\u001b[39m\u001b[33m.\u001b[39mconfig \u001b[33m=\u001b[39m { \u001b[33m...\u001b[39m\u001b[33mDEFAULT_CONFIG\u001b[39m\u001b[33m,\u001b[39m \u001b[33m...\u001b[39moptions\u001b[33m.\u001b[39mconfig }\u001b[33m;\u001b[39m\u001b[22m\n\u001b[2m     \u001b[90m 26 |\u001b[39m     \u001b[36mthis\u001b[39m\u001b[33m.\u001b[39mlogger \u001b[33m=\u001b[39m options\u001b[33m.\u001b[39mlogger \u001b[33m||\u001b[39m console\u001b[33m;\u001b[39m\u001b[22m\n\u001b[2m    \u001b[31m\u001b[1m>\u001b[22m\u001b[2m\u001b[39m\u001b[90m 27 |\u001b[39m     \u001b[36mthis\u001b[39m\u001b[33m.\u001b[39mopenai \u001b[33m=\u001b[39m options\u001b[33m.\u001b[39mopenai \u001b[33m||\u001b[39m \u001b[36mnew\u001b[39m \u001b[33mOpenAI\u001b[39m({ apiKey\u001b[33m:\u001b[39m \u001b[36mthis\u001b[39m\u001b[33m.\u001b[39mconfig\u001b[33m.\u001b[39mopenaiApiKey })\u001b[33m;\u001b[39m\u001b[22m\n\u001b[2m     \u001b[90m    |\u001b[39m                                     \u001b[31m\u001b[1m^\u001b[22m\u001b[2m\u001b[39m\u001b[22m\n\u001b[2m     \u001b[90m 28 |\u001b[39m     \u001b[22m\n\u001b[2m     \u001b[90m 29 |\u001b[39m     \u001b[36mif\u001b[39m (\u001b[36mthis\u001b[39m\u001b[33m.\u001b[39mconfig\u001b[33m.\u001b[39mcacheEnabled) {\u001b[22m\n\u001b[2m     \u001b[90m 30 |\u001b[39m       \u001b[36mthis\u001b[39m\u001b[33m.\u001b[39mcache \u001b[33m=\u001b[39m \u001b[36mnew\u001b[39m \u001b[33mLRUCache\u001b[39m({\u001b[0m\u001b[22m\n\u001b[2m\u001b[22m\n\u001b[2m      \u001b[2mat new OpenAI (\u001b[22m\u001b[2mnode_modules/openai/src/index.ts\u001b[2m:236:13)\u001b[22m\u001b[2m\u001b[22m\n\u001b[2m      \u001b[2mat new NLPService (\u001b[22m\u001b[2msrc/services/nlp/service.ts\u001b[2m:27:37)\u001b[22m\u001b[2m\u001b[22m\n\u001b[2m      \u001b[2mat Object.<anonymous> (\u001b[22m\u001b[2m\u001b[0m\u001b[36msrc/services/nlp/__tests__/search-strategy.test.ts\u001b[39m\u001b[0m\u001b[2m:15:18)\u001b[22m\u001b[2m\u001b[22m\n\n\u001b[1m\u001b[31m  \u001b[1m● \u001b[22m\u001b[1mSearch Strategy Generation › should handle missing location gracefully\u001b[39m\u001b[22m\n\n    It looks like you're running in a browser-like environment.\n\n    This is disabled by default, as it risks exposing your secret API credentials to attackers.\n    If you understand the risks and have appropriate mitigations in place,\n    you can set the `dangerouslyAllowBrowser` option to `true`, e.g.,\n\n    new OpenAI({ apiKey, dangerouslyAllowBrowser: true });\n\n    https://help.openai.com/en/articles/5112595-best-practices-for-api-key-safety\n\u001b[2m\u001b[22m\n\u001b[2m    \u001b[0m \u001b[90m 25 |\u001b[39m     \u001b[36mthis\u001b[39m\u001b[33m.\u001b[39mconfig \u001b[33m=\u001b[39m { \u001b[33m...\u001b[39m\u001b[33mDEFAULT_CONFIG\u001b[39m\u001b[33m,\u001b[39m \u001b[33m...\u001b[39moptions\u001b[33m.\u001b[39mconfig }\u001b[33m;\u001b[39m\u001b[22m\n\u001b[2m     \u001b[90m 26 |\u001b[39m     \u001b[36mthis\u001b[39m\u001b[33m.\u001b[39mlogger \u001b[33m=\u001b[39m options\u001b[33m.\u001b[39mlogger \u001b[33m||\u001b[39m console\u001b[33m;\u001b[39m\u001b[22m\n\u001b[2m    \u001b[31m\u001b[1m>\u001b[22m\u001b[2m\u001b[39m\u001b[90m 27 |\u001b[39m     \u001b[36mthis\u001b[39m\u001b[33m.\u001b[39mopenai \u001b[33m=\u001b[39m options\u001b[33m.\u001b[39mopenai \u001b[33m||\u001b[39m \u001b[36mnew\u001b[39m \u001b[33mOpenAI\u001b[39m({ apiKey\u001b[33m:\u001b[39m \u001b[36mthis\u001b[39m\u001b[33m.\u001b[39mconfig\u001b[33m.\u001b[39mopenaiApiKey })\u001b[33m;\u001b[39m\u001b[22m\n\u001b[2m     \u001b[90m    |\u001b[39m                                     \u001b[31m\u001b[1m^\u001b[22m\u001b[2m\u001b[39m\u001b[22m\n\u001b[2m     \u001b[90m 28 |\u001b[39m     \u001b[22m\n\u001b[2m     \u001b[90m 29 |\u001b[39m     \u001b[36mif\u001b[39m (\u001b[36mthis\u001b[39m\u001b[33m.\u001b[39mconfig\u001b[33m.\u001b[39mcacheEnabled) {\u001b[22m\n\u001b[2m     \u001b[90m 30 |\u001b[39m       \u001b[36mthis\u001b[39m\u001b[33m.\u001b[39mcache \u001b[33m=\u001b[39m \u001b[36mnew\u001b[39m \u001b[33mLRUCache\u001b[39m({\u001b[0m\u001b[22m\n\u001b[2m\u001b[22m\n\u001b[2m      \u001b[2mat new OpenAI (\u001b[22m\u001b[2mnode_modules/openai/src/index.ts\u001b[2m:236:13)\u001b[22m\u001b[2m\u001b[22m\n\u001b[2m      \u001b[2mat new NLPService (\u001b[22m\u001b[2msrc/services/nlp/service.ts\u001b[2m:27:37)\u001b[22m\u001b[2m\u001b[22m\n\u001b[2m      \u001b[2mat Object.<anonymous> (\u001b[22m\u001b[2m\u001b[0m\u001b[36msrc/services/nlp/__tests__/search-strategy.test.ts\u001b[39m\u001b[0m\u001b[2m:15:18)\u001b[22m\u001b[2m\u001b[22m\n\n\u001b[1m\u001b[31m  \u001b[1m● \u001b[22m\u001b[1mSearch Strategy Generation › should handle missing industry gracefully\u001b[39m\u001b[22m\n\n    It looks like you're running in a browser-like environment.\n\n    This is disabled by default, as it risks exposing your secret API credentials to attackers.\n    If you understand the risks and have appropriate mitigations in place,\n    you can set the `dangerouslyAllowBrowser` option to `true`, e.g.,\n\n    new OpenAI({ apiKey, dangerouslyAllowBrowser: true });\n\n    https://help.openai.com/en/articles/5112595-best-practices-for-api-key-safety\n\u001b[2m\u001b[22m\n\u001b[2m    \u001b[0m \u001b[90m 25 |\u001b[39m     \u001b[36mthis\u001b[39m\u001b[33m.\u001b[39mconfig \u001b[33m=\u001b[39m { \u001b[33m...\u001b[39m\u001b[33mDEFAULT_CONFIG\u001b[39m\u001b[33m,\u001b[39m \u001b[33m...\u001b[39moptions\u001b[33m.\u001b[39mconfig }\u001b[33m;\u001b[39m\u001b[22m\n\u001b[2m     \u001b[90m 26 |\u001b[39m     \u001b[36mthis\u001b[39m\u001b[33m.\u001b[39mlogger \u001b[33m=\u001b[39m options\u001b[33m.\u001b[39mlogger \u001b[33m||\u001b[39m console\u001b[33m;\u001b[39m\u001b[22m\n\u001b[2m    \u001b[31m\u001b[1m>\u001b[22m\u001b[2m\u001b[39m\u001b[90m 27 |\u001b[39m     \u001b[36mthis\u001b[39m\u001b[33m.\u001b[39mopenai \u001b[33m=\u001b[39m options\u001b[33m.\u001b[39mopenai \u001b[33m||\u001b[39m \u001b[36mnew\u001b[39m \u001b[33mOpenAI\u001b[39m({ apiKey\u001b[33m:\u001b[39m \u001b[36mthis\u001b[39m\u001b[33m.\u001b[39mconfig\u001b[33m.\u001b[39mopenaiApiKey })\u001b[33m;\u001b[39m\u001b[22m\n\u001b[2m     \u001b[90m    |\u001b[39m                                     \u001b[31m\u001b[1m^\u001b[22m\u001b[2m\u001b[39m\u001b[22m\n\u001b[2m     \u001b[90m 28 |\u001b[39m     \u001b[22m\n\u001b[2m     \u001b[90m 29 |\u001b[39m     \u001b[36mif\u001b[39m (\u001b[36mthis\u001b[39m\u001b[33m.\u001b[39mconfig\u001b[33m.\u001b[39mcacheEnabled) {\u001b[22m\n\u001b[2m     \u001b[90m 30 |\u001b[39m       \u001b[36mthis\u001b[39m\u001b[33m.\u001b[39mcache \u001b[33m=\u001b[39m \u001b[36mnew\u001b[39m \u001b[33mLRUCache\u001b[39m({\u001b[0m\u001b[22m\n\u001b[2m\u001b[22m\n\u001b[2m      \u001b[2mat new OpenAI (\u001b[22m\u001b[2mnode_modules/openai/src/index.ts\u001b[2m:236:13)\u001b[22m\u001b[2m\u001b[22m\n\u001b[2m      \u001b[2mat new NLPService (\u001b[22m\u001b[2msrc/services/nlp/service.ts\u001b[2m:27:37)\u001b[22m\u001b[2m\u001b[22m\n\u001b[2m      \u001b[2mat Object.<anonymous> (\u001b[22m\u001b[2m\u001b[0m\u001b[36msrc/services/nlp/__tests__/search-strategy.test.ts\u001b[39m\u001b[0m\u001b[2m:15:18)\u001b[22m\u001b[2m\u001b[22m\n\n\u001b[1m\u001b[31m  \u001b[1m● \u001b[22m\u001b[1mSearch Strategy Generation › should use cache when enabled\u001b[39m\u001b[22m\n\n    It looks like you're running in a browser-like environment.\n\n    This is disabled by default, as it risks exposing your secret API credentials to attackers.\n    If you understand the risks and have appropriate mitigations in place,\n    you can set the `dangerouslyAllowBrowser` option to `true`, e.g.,\n\n    new OpenAI({ apiKey, dangerouslyAllowBrowser: true });\n\n    https://help.openai.com/en/articles/5112595-best-practices-for-api-key-safety\n\u001b[2m\u001b[22m\n\u001b[2m    \u001b[0m \u001b[90m 25 |\u001b[39m     \u001b[36mthis\u001b[39m\u001b[33m.\u001b[39mconfig \u001b[33m=\u001b[39m { \u001b[33m...\u001b[39m\u001b[33mDEFAULT_CONFIG\u001b[39m\u001b[33m,\u001b[39m \u001b[33m...\u001b[39moptions\u001b[33m.\u001b[39mconfig }\u001b[33m;\u001b[39m\u001b[22m\n\u001b[2m     \u001b[90m 26 |\u001b[39m     \u001b[36mthis\u001b[39m\u001b[33m.\u001b[39mlogger \u001b[33m=\u001b[39m options\u001b[33m.\u001b[39mlogger \u001b[33m||\u001b[39m console\u001b[33m;\u001b[39m\u001b[22m\n\u001b[2m    \u001b[31m\u001b[1m>\u001b[22m\u001b[2m\u001b[39m\u001b[90m 27 |\u001b[39m     \u001b[36mthis\u001b[39m\u001b[33m.\u001b[39mopenai \u001b[33m=\u001b[39m options\u001b[33m.\u001b[39mopenai \u001b[33m||\u001b[39m \u001b[36mnew\u001b[39m \u001b[33mOpenAI\u001b[39m({ apiKey\u001b[33m:\u001b[39m \u001b[36mthis\u001b[39m\u001b[33m.\u001b[39mconfig\u001b[33m.\u001b[39mopenaiApiKey })\u001b[33m;\u001b[39m\u001b[22m\n\u001b[2m     \u001b[90m    |\u001b[39m                                     \u001b[31m\u001b[1m^\u001b[22m\u001b[2m\u001b[39m\u001b[22m\n\u001b[2m     \u001b[90m 28 |\u001b[39m     \u001b[22m\n\u001b[2m     \u001b[90m 29 |\u001b[39m     \u001b[36mif\u001b[39m (\u001b[36mthis\u001b[39m\u001b[33m.\u001b[39mconfig\u001b[33m.\u001b[39mcacheEnabled) {\u001b[22m\n\u001b[2m     \u001b[90m 30 |\u001b[39m       \u001b[36mthis\u001b[39m\u001b[33m.\u001b[39mcache \u001b[33m=\u001b[39m \u001b[36mnew\u001b[39m \u001b[33mLRUCache\u001b[39m({\u001b[0m\u001b[22m\n\u001b[2m\u001b[22m\n\u001b[2m      \u001b[2mat new OpenAI (\u001b[22m\u001b[2mnode_modules/openai/src/index.ts\u001b[2m:236:13)\u001b[22m\u001b[2m\u001b[22m\n\u001b[2m      \u001b[2mat new NLPService (\u001b[22m\u001b[2msrc/services/nlp/service.ts\u001b[2m:27:37)\u001b[22m\u001b[2m\u001b[22m\n\u001b[2m      \u001b[2mat Object.<anonymous> (\u001b[22m\u001b[2m\u001b[0m\u001b[36msrc/services/nlp/__tests__/search-strategy.test.ts\u001b[39m\u001b[0m\u001b[2m:15:18)\u001b[22m\u001b[2m\u001b[22m\n\n\u001b[1m\u001b[31m  \u001b[1m● \u001b[22m\u001b[1mSearch Strategy Generation › should throw error on invalid input\u001b[39m\u001b[22m\n\n    It looks like you're running in a browser-like environment.\n\n    This is disabled by default, as it risks exposing your secret API credentials to attackers.\n    If you understand the risks and have appropriate mitigations in place,\n    you can set the `dangerouslyAllowBrowser` option to `true`, e.g.,\n\n    new OpenAI({ apiKey, dangerouslyAllowBrowser: true });\n\n    https://help.openai.com/en/articles/5112595-best-practices-for-api-key-safety\n\u001b[2m\u001b[22m\n\u001b[2m    \u001b[0m \u001b[90m 25 |\u001b[39m     \u001b[36mthis\u001b[39m\u001b[33m.\u001b[39mconfig \u001b[33m=\u001b[39m { \u001b[33m...\u001b[39m\u001b[33mDEFAULT_CONFIG\u001b[39m\u001b[33m,\u001b[39m \u001b[33m...\u001b[39moptions\u001b[33m.\u001b[39mconfig }\u001b[33m;\u001b[39m\u001b[22m\n\u001b[2m     \u001b[90m 26 |\u001b[39m     \u001b[36mthis\u001b[39m\u001b[33m.\u001b[39mlogger \u001b[33m=\u001b[39m options\u001b[33m.\u001b[39mlogger \u001b[33m||\u001b[39m console\u001b[33m;\u001b[39m\u001b[22m\n\u001b[2m    \u001b[31m\u001b[1m>\u001b[22m\u001b[2m\u001b[39m\u001b[90m 27 |\u001b[39m     \u001b[36mthis\u001b[39m\u001b[33m.\u001b[39mopenai \u001b[33m=\u001b[39m options\u001b[33m.\u001b[39mopenai \u001b[33m||\u001b[39m \u001b[36mnew\u001b[39m \u001b[33mOpenAI\u001b[39m({ apiKey\u001b[33m:\u001b[39m \u001b[36mthis\u001b[39m\u001b[33m.\u001b[39mconfig\u001b[33m.\u001b[39mopenaiApiKey })\u001b[33m;\u001b[39m\u001b[22m\n\u001b[2m     \u001b[90m    |\u001b[39m                                     \u001b[31m\u001b[1m^\u001b[22m\u001b[2m\u001b[39m\u001b[22m\n\u001b[2m     \u001b[90m 28 |\u001b[39m     \u001b[22m\n\u001b[2m     \u001b[90m 29 |\u001b[39m     \u001b[36mif\u001b[39m (\u001b[36mthis\u001b[39m\u001b[33m.\u001b[39mconfig\u001b[33m.\u001b[39mcacheEnabled) {\u001b[22m\n\u001b[2m     \u001b[90m 30 |\u001b[39m       \u001b[36mthis\u001b[39m\u001b[33m.\u001b[39mcache \u001b[33m=\u001b[39m \u001b[36mnew\u001b[39m \u001b[33mLRUCache\u001b[39m({\u001b[0m\u001b[22m\n\u001b[2m\u001b[22m\n\u001b[2m      \u001b[2mat new OpenAI (\u001b[22m\u001b[2mnode_modules/openai/src/index.ts\u001b[2m:236:13)\u001b[22m\u001b[2m\u001b[22m\n\u001b[2m      \u001b[2mat new NLPService (\u001b[22m\u001b[2msrc/services/nlp/service.ts\u001b[2m:27:37)\u001b[22m\u001b[2m\u001b[22m\n\u001b[2m      \u001b[2mat Object.<anonymous> (\u001b[22m\u001b[2m\u001b[0m\u001b[36msrc/services/nlp/__tests__/search-strategy.test.ts\u001b[39m\u001b[0m\u001b[2m:15:18)\u001b[22m\u001b[2m\u001b[22m\n\n\u001b[1m\u001b[31m  \u001b[1m● \u001b[22m\u001b[1mSearch Strategy Generation › should generate appropriate industry filters\u001b[39m\u001b[22m\n\n    It looks like you're running in a browser-like environment.\n\n    This is disabled by default, as it risks exposing your secret API credentials to attackers.\n    If you understand the risks and have appropriate mitigations in place,\n    you can set the `dangerouslyAllowBrowser` option to `true`, e.g.,\n\n    new OpenAI({ apiKey, dangerouslyAllowBrowser: true });\n\n    https://help.openai.com/en/articles/5112595-best-practices-for-api-key-safety\n\u001b[2m\u001b[22m\n\u001b[2m    \u001b[0m \u001b[90m 25 |\u001b[39m     \u001b[36mthis\u001b[39m\u001b[33m.\u001b[39mconfig \u001b[33m=\u001b[39m { \u001b[33m...\u001b[39m\u001b[33mDEFAULT_CONFIG\u001b[39m\u001b[33m,\u001b[39m \u001b[33m...\u001b[39moptions\u001b[33m.\u001b[39mconfig }\u001b[33m;\u001b[39m\u001b[22m\n\u001b[2m     \u001b[90m 26 |\u001b[39m     \u001b[36mthis\u001b[39m\u001b[33m.\u001b[39mlogger \u001b[33m=\u001b[39m options\u001b[33m.\u001b[39mlogger \u001b[33m||\u001b[39m console\u001b[33m;\u001b[39m\u001b[22m\n\u001b[2m    \u001b[31m\u001b[1m>\u001b[22m\u001b[2m\u001b[39m\u001b[90m 27 |\u001b[39m     \u001b[36mthis\u001b[39m\u001b[33m.\u001b[39mopenai \u001b[33m=\u001b[39m options\u001b[33m.\u001b[39mopenai \u001b[33m||\u001b[39m \u001b[36mnew\u001b[39m \u001b[33mOpenAI\u001b[39m({ apiKey\u001b[33m:\u001b[39m \u001b[36mthis\u001b[39m\u001b[33m.\u001b[39mconfig\u001b[33m.\u001b[39mopenaiApiKey })\u001b[33m;\u001b[39m\u001b[22m\n\u001b[2m     \u001b[90m    |\u001b[39m                                     \u001b[31m\u001b[1m^\u001b[22m\u001b[2m\u001b[39m\u001b[22m\n\u001b[2m     \u001b[90m 28 |\u001b[39m     \u001b[22m\n\u001b[2m     \u001b[90m 29 |\u001b[39m     \u001b[36mif\u001b[39m (\u001b[36mthis\u001b[39m\u001b[33m.\u001b[39mconfig\u001b[33m.\u001b[39mcacheEnabled) {\u001b[22m\n\u001b[2m     \u001b[90m 30 |\u001b[39m       \u001b[36mthis\u001b[39m\u001b[33m.\u001b[39mcache \u001b[33m=\u001b[39m \u001b[36mnew\u001b[39m \u001b[33mLRUCache\u001b[39m({\u001b[0m\u001b[22m\n\u001b[2m\u001b[22m\n\u001b[2m      \u001b[2mat new OpenAI (\u001b[22m\u001b[2mnode_modules/openai/src/index.ts\u001b[2m:236:13)\u001b[22m\u001b[2m\u001b[22m\n\u001b[2m      \u001b[2mat new NLPService (\u001b[22m\u001b[2msrc/services/nlp/service.ts\u001b[2m:27:37)\u001b[22m\u001b[2m\u001b[22m\n\u001b[2m      \u001b[2mat Object.<anonymous> (\u001b[22m\u001b[2m\u001b[0m\u001b[36msrc/services/nlp/__tests__/search-strategy.test.ts\u001b[39m\u001b[0m\u001b[2m:15:18)\u001b[22m\u001b[2m\u001b[22m\n\n\u001b[1m\u001b[31m  \u001b[1m● \u001b[22m\u001b[1mSearch Strategy Generation › should handle API errors gracefully\u001b[39m\u001b[22m\n\n    It looks like you're running in a browser-like environment.\n\n    This is disabled by default, as it risks exposing your secret API credentials to attackers.\n    If you understand the risks and have appropriate mitigations in place,\n    you can set the `dangerouslyAllowBrowser` option to `true`, e.g.,\n\n    new OpenAI({ apiKey, dangerouslyAllowBrowser: true });\n\n    https://help.openai.com/en/articles/5112595-best-practices-for-api-key-safety\n\u001b[2m\u001b[22m\n\u001b[2m    \u001b[0m \u001b[90m 25 |\u001b[39m     \u001b[36mthis\u001b[39m\u001b[33m.\u001b[39mconfig \u001b[33m=\u001b[39m { \u001b[33m...\u001b[39m\u001b[33mDEFAULT_CONFIG\u001b[39m\u001b[33m,\u001b[39m \u001b[33m...\u001b[39moptions\u001b[33m.\u001b[39mconfig }\u001b[33m;\u001b[39m\u001b[22m\n\u001b[2m     \u001b[90m 26 |\u001b[39m     \u001b[36mthis\u001b[39m\u001b[33m.\u001b[39mlogger \u001b[33m=\u001b[39m options\u001b[33m.\u001b[39mlogger \u001b[33m||\u001b[39m console\u001b[33m;\u001b[39m\u001b[22m\n\u001b[2m    \u001b[31m\u001b[1m>\u001b[22m\u001b[2m\u001b[39m\u001b[90m 27 |\u001b[39m     \u001b[36mthis\u001b[39m\u001b[33m.\u001b[39mopenai \u001b[33m=\u001b[39m options\u001b[33m.\u001b[39mopenai \u001b[33m||\u001b[39m \u001b[36mnew\u001b[39m \u001b[33mOpenAI\u001b[39m({ apiKey\u001b[33m:\u001b[39m \u001b[36mthis\u001b[39m\u001b[33m.\u001b[39mconfig\u001b[33m.\u001b[39mopenaiApiKey })\u001b[33m;\u001b[39m\u001b[22m\n\u001b[2m     \u001b[90m    |\u001b[39m                                     \u001b[31m\u001b[1m^\u001b[22m\u001b[2m\u001b[39m\u001b[22m\n\u001b[2m     \u001b[90m 28 |\u001b[39m     \u001b[22m\n\u001b[2m     \u001b[90m 29 |\u001b[39m     \u001b[36mif\u001b[39m (\u001b[36mthis\u001b[39m\u001b[33m.\u001b[39mconfig\u001b[33m.\u001b[39mcacheEnabled) {\u001b[22m\n\u001b[2m     \u001b[90m 30 |\u001b[39m       \u001b[36mthis\u001b[39m\u001b[33m.\u001b[39mcache \u001b[33m=\u001b[39m \u001b[36mnew\u001b[39m \u001b[33mLRUCache\u001b[39m({\u001b[0m\u001b[22m\n\u001b[2m\u001b[22m\n\u001b[2m      \u001b[2mat new OpenAI (\u001b[22m\u001b[2mnode_modules/openai/src/index.ts\u001b[2m:236:13)\u001b[22m\u001b[2m\u001b[22m\n\u001b[2m      \u001b[2mat new NLPService (\u001b[22m\u001b[2msrc/services/nlp/service.ts\u001b[2m:27:37)\u001b[22m\u001b[2m\u001b[22m\n\u001b[2m      \u001b[2mat Object.<anonymous> (\u001b[22m\u001b[2m\u001b[0m\u001b[36msrc/services/nlp/__tests__/search-strategy.test.ts\u001b[39m\u001b[0m\u001b[2m:15:18)\u001b[22m\u001b[2m\u001b[22m\n","name":"/Users/reeceharding/Gauntlet/New Scrapin'/src/services/nlp/__tests__/search-strategy.test.ts","startTime":1738569108620,"status":"failed","summary":""},{"assertionResults":[],"coverage":{},"endTime":1738569196037,"message":"  \u001b[1m● \u001b[22mTest suite failed to run\n\n    Your test suite must contain at least one test.\n\n      \u001b[2mat onResult (\u001b[22mnode_modules/@jest/core/build/TestScheduler.js\u001b[2m:133:18)\u001b[22m\n      \u001b[2mat \u001b[22mnode_modules/@jest/core/build/TestScheduler.js\u001b[2m:254:19\u001b[22m\n      \u001b[2mat \u001b[22mnode_modules/emittery/index.js\u001b[2m:363:13\u001b[22m\n          at Array.map (<anonymous>)\n      \u001b[2mat Emittery.emit (\u001b[22mnode_modules/emittery/index.js\u001b[2m:361:23)\u001b[22m\n","name":"/Users/reeceharding/Gauntlet/New Scrapin'/src/services/search/__tests__/service.test.ts","startTime":1738569196037,"status":"failed","summary":""},{"assertionResults":[{"ancestorTitles":["NLPService","processBusinessGoal"],"duration":509,"failureDetails":[],"failureMessages":[],"fullName":"NLPService processBusinessGoal should process a valid business goal","invocations":1,"location":null,"numPassingAsserts":1,"retryReasons":[],"status":"passed","title":"should process a valid business goal"},{"ancestorTitles":["NLPService","processBusinessGoal"],"duration":518,"failureDetails":[],"failureMessages":[],"fullName":"NLPService processBusinessGoal should throw on invalid input","invocations":1,"location":null,"numPassingAsserts":1,"retryReasons":[],"status":"passed","title":"should throw on invalid input"},{"ancestorTitles":["NLPService","processBusinessGoal"],"duration":515,"failureDetails":[],"failureMessages":[],"fullName":"NLPService processBusinessGoal should use cache when available","invocations":1,"location":null,"numPassingAsserts":2,"retryReasons":[],"status":"passed","title":"should use cache when available"},{"ancestorTitles":["NLPService","classifyIntent"],"duration":506,"failureDetails":[],"failureMessages":[],"fullName":"NLPService classifyIntent should classify intent correctly","invocations":1,"location":null,"numPassingAsserts":1,"retryReasons":[],"status":"passed","title":"should classify intent correctly"},{"ancestorTitles":["NLPService","classifyIntent"],"duration":505,"failureDetails":[],"failureMessages":[],"fullName":"NLPService classifyIntent should throw on invalid input","invocations":1,"location":null,"numPassingAsserts":1,"retryReasons":[],"status":"passed","title":"should throw on invalid input"},{"ancestorTitles":["NLPService","extractKeywords"],"duration":502,"failureDetails":[],"failureMessages":[],"fullName":"NLPService extractKeywords should extract keywords correctly","invocations":1,"location":null,"numPassingAsserts":1,"retryReasons":[],"status":"passed","title":"should extract keywords correctly"},{"ancestorTitles":["NLPService","extractKeywords"],"duration":507,"failureDetails":[],"failureMessages":[],"fullName":"NLPService extractKeywords should throw on invalid context","invocations":1,"location":null,"numPassingAsserts":1,"retryReasons":[],"status":"passed","title":"should throw on invalid context"},{"ancestorTitles":["NLPService","generateSearchStrategy"],"duration":506,"failureDetails":[{"code":"ERR_PROCESSING","retryable":true}],"failureMessages":["Error: Failed to generate search strategy\n    at NLPService.createError (/Users/reeceharding/Gauntlet/New Scrapin'/src/services/nlp/service.ts:62:19)\n    at NLPService.createError [as generateSearchStrategy] (/Users/reeceharding/Gauntlet/New Scrapin'/src/services/nlp/service.ts:293:18)\n    at Object.<anonymous> (/Users/reeceharding/Gauntlet/New Scrapin'/src/services/nlp/__tests__/service.test.ts:169:22)"],"fullName":"NLPService generateSearchStrategy should generate search strategy correctly","invocations":1,"location":null,"numPassingAsserts":0,"retryReasons":[],"status":"failed","title":"should generate search strategy correctly"},{"ancestorTitles":["NLPService","generateSearchStrategy"],"duration":508,"failureDetails":[],"failureMessages":[],"fullName":"NLPService generateSearchStrategy should throw on invalid context","invocations":1,"location":null,"numPassingAsserts":1,"retryReasons":[],"status":"passed","title":"should throw on invalid context"},{"ancestorTitles":["NLPService","detectLanguage"],"duration":505,"failureDetails":[],"failureMessages":[],"fullName":"NLPService detectLanguage should detect language correctly","invocations":1,"location":null,"numPassingAsserts":1,"retryReasons":[],"status":"passed","title":"should detect language correctly"},{"ancestorTitles":["NLPService","detectLanguage"],"duration":504,"failureDetails":[],"failureMessages":[],"fullName":"NLPService detectLanguage should throw on invalid input","invocations":1,"location":null,"numPassingAsserts":1,"retryReasons":[],"status":"passed","title":"should throw on invalid input"},{"ancestorTitles":["NLPService","translate"],"duration":506,"failureDetails":[],"failureMessages":[],"fullName":"NLPService translate should translate text correctly","invocations":1,"location":null,"numPassingAsserts":2,"retryReasons":[],"status":"passed","title":"should translate text correctly"},{"ancestorTitles":["NLPService","translate"],"duration":503,"failureDetails":[],"failureMessages":[],"fullName":"NLPService translate should throw on invalid input","invocations":1,"location":null,"numPassingAsserts":1,"retryReasons":[],"status":"passed","title":"should throw on invalid input"},{"ancestorTitles":["NLPService","translate"],"duration":507,"failureDetails":[],"failureMessages":[],"fullName":"NLPService translate should throw on unsupported language","invocations":1,"location":null,"numPassingAsserts":1,"retryReasons":[],"status":"passed","title":"should throw on unsupported language"},{"ancestorTitles":["NLPService","generateResponse"],"duration":505,"failureDetails":[],"failureMessages":[],"fullName":"NLPService generateResponse should generate response correctly","invocations":1,"location":null,"numPassingAsserts":1,"retryReasons":[],"status":"passed","title":"should generate response correctly"},{"ancestorTitles":["NLPService","generateResponse"],"duration":506,"failureDetails":[],"failureMessages":[],"fullName":"NLPService generateResponse should throw on invalid context","invocations":1,"location":null,"numPassingAsserts":1,"retryReasons":[],"status":"passed","title":"should throw on invalid context"},{"ancestorTitles":["NLPService","error handling"],"duration":503,"failureDetails":[],"failureMessages":[],"fullName":"NLPService error handling should handle OpenAI API errors","invocations":1,"location":null,"numPassingAsserts":2,"retryReasons":[],"status":"passed","title":"should handle OpenAI API errors"},{"ancestorTitles":["NLPService","error handling"],"duration":503,"failureDetails":[],"failureMessages":[],"fullName":"NLPService error handling should handle JSON parsing errors","invocations":1,"location":null,"numPassingAsserts":1,"retryReasons":[],"status":"passed","title":"should handle JSON parsing errors"}],"endTime":1738569124677,"message":"\u001b[1m\u001b[31m  \u001b[1m● \u001b[22m\u001b[1mNLPService › generateSearchStrategy › should generate search strategy correctly\u001b[39m\u001b[22m\n\n    Failed to generate search strategy\n\u001b[2m\u001b[22m\n\u001b[2m    \u001b[0m \u001b[90m 60 |\u001b[39m       \u001b[36mthrow\u001b[39m \u001b[36mthis\u001b[39m\u001b[33m.\u001b[39mcreateError(\u001b[33mERROR_CODES\u001b[39m\u001b[33m.\u001b[39m\u001b[33mAPI_ERROR\u001b[39m\u001b[33m,\u001b[39m error\u001b[33m.\u001b[39mmessage\u001b[33m,\u001b[39m \u001b[36mtrue\u001b[39m)\u001b[33m;\u001b[39m\u001b[22m\n\u001b[2m     \u001b[90m 61 |\u001b[39m     }\u001b[22m\n\u001b[2m    \u001b[31m\u001b[1m>\u001b[22m\u001b[2m\u001b[39m\u001b[90m 62 |\u001b[39m   }\u001b[22m\n\u001b[2m     \u001b[90m    |\u001b[39m    \u001b[31m\u001b[1m^\u001b[22m\u001b[2m\u001b[39m\u001b[22m\n\u001b[2m     \u001b[90m 63 |\u001b[39m\u001b[22m\n\u001b[2m     \u001b[90m 64 |\u001b[39m   \u001b[36mprivate\u001b[39m createError(code\u001b[33m:\u001b[39m string\u001b[33m,\u001b[39m message\u001b[33m:\u001b[39m string\u001b[33m,\u001b[39m retryable\u001b[33m:\u001b[39m boolean)\u001b[33m:\u001b[39m \u001b[33mProcessingError\u001b[39m {\u001b[22m\n\u001b[2m     \u001b[90m 65 |\u001b[39m     \u001b[36mconst\u001b[39m error \u001b[33m=\u001b[39m \u001b[36mnew\u001b[39m \u001b[33mError\u001b[39m(message) \u001b[36mas\u001b[39m \u001b[33mProcessingError\u001b[39m\u001b[33m;\u001b[39m\u001b[0m\u001b[22m\n\u001b[2m\u001b[22m\n\u001b[2m      \u001b[2mat NLPService.createError (\u001b[22m\u001b[2msrc/services/nlp/service.ts\u001b[2m:62:19)\u001b[22m\u001b[2m\u001b[22m\n\u001b[2m      \u001b[2mat NLPService.createError [as generateSearchStrategy] (\u001b[22m\u001b[2msrc/services/nlp/service.ts\u001b[2m:293:18)\u001b[22m\u001b[2m\u001b[22m\n\u001b[2m      \u001b[2mat Object.<anonymous> (\u001b[22m\u001b[2m\u001b[0m\u001b[36msrc/services/nlp/__tests__/service.test.ts\u001b[39m\u001b[0m\u001b[2m:169:22)\u001b[22m\u001b[2m\u001b[22m\n","name":"/Users/reeceharding/Gauntlet/New Scrapin'/src/services/nlp/__tests__/service.test.ts","startTime":1738569113970,"status":"failed","summary":""},{"assertionResults":[{"ancestorTitles":["Logging Infrastructure"],"duration":507,"failureDetails":[],"failureMessages":[],"fullName":"Logging Infrastructure can write error logs","invocations":1,"location":null,"numPassingAsserts":3,"retryReasons":[],"status":"passed","title":"can write error logs"},{"ancestorTitles":["Logging Infrastructure"],"duration":520,"failureDetails":[],"failureMessages":[],"fullName":"Logging Infrastructure handles file system errors gracefully","invocations":1,"location":null,"numPassingAsserts":1,"retryReasons":[],"status":"passed","title":"handles file system errors gracefully"},{"ancestorTitles":["Logging Infrastructure"],"duration":509,"failureDetails":[],"failureMessages":[],"fullName":"Logging Infrastructure handles log rotation errors gracefully","invocations":1,"location":null,"numPassingAsserts":1,"retryReasons":[],"status":"passed","title":"handles log rotation errors gracefully"},{"ancestorTitles":["Logging Infrastructure"],"duration":515,"failureDetails":[],"failureMessages":[],"fullName":"Logging Infrastructure log file rotation works when file exceeds size limit","invocations":1,"location":null,"numPassingAsserts":2,"retryReasons":[],"status":"passed","title":"log file rotation works when file exceeds size limit"},{"ancestorTitles":["Logging Infrastructure"],"duration":505,"failureDetails":[],"failureMessages":[],"fullName":"Logging Infrastructure alert notifications are triggered","invocations":1,"location":null,"numPassingAsserts":2,"retryReasons":[],"status":"passed","title":"alert notifications are triggered"},{"ancestorTitles":["Logging Infrastructure"],"duration":507,"failureDetails":[],"failureMessages":[],"fullName":"Logging Infrastructure error logs include stack trace","invocations":1,"location":null,"numPassingAsserts":5,"retryReasons":[],"status":"passed","title":"error logs include stack trace"},{"ancestorTitles":["Logging Infrastructure"],"duration":506,"failureDetails":[],"failureMessages":[],"fullName":"Logging Infrastructure log rotation is configured","invocations":1,"location":null,"numPassingAsserts":2,"retryReasons":[],"status":"passed","title":"log rotation is configured"},{"ancestorTitles":["Logging Infrastructure"],"duration":503,"failureDetails":[],"failureMessages":[],"fullName":"Logging Infrastructure can write info logs","invocations":1,"location":null,"numPassingAsserts":4,"retryReasons":[],"status":"passed","title":"can write info logs"},{"ancestorTitles":["Logging Infrastructure"],"duration":505,"failureDetails":[],"failureMessages":[],"fullName":"Logging Infrastructure can write warning logs","invocations":1,"location":null,"numPassingAsserts":4,"retryReasons":[],"status":"passed","title":"can write warning logs"},{"ancestorTitles":["Logging Infrastructure"],"duration":509,"failureDetails":[],"failureMessages":[],"fullName":"Logging Infrastructure can write debug logs","invocations":1,"location":null,"numPassingAsserts":4,"retryReasons":[],"status":"passed","title":"can write debug logs"},{"ancestorTitles":["Logging Infrastructure"],"duration":509,"failureDetails":[],"failureMessages":[],"fullName":"Logging Infrastructure can write error logs with context","invocations":1,"location":null,"numPassingAsserts":6,"retryReasons":[],"status":"passed","title":"can write error logs with context"},{"ancestorTitles":["Logging Infrastructure"],"duration":509,"failureDetails":[],"failureMessages":[],"fullName":"Logging Infrastructure log rotation works with multiple files","invocations":1,"location":null,"numPassingAsserts":1,"retryReasons":[],"status":"passed","title":"log rotation works with multiple files"},{"ancestorTitles":["Logging Infrastructure"],"duration":509,"failureDetails":[],"failureMessages":[],"fullName":"Logging Infrastructure can write logs with metadata","invocations":1,"location":null,"numPassingAsserts":5,"retryReasons":[],"status":"passed","title":"can write logs with metadata"},{"ancestorTitles":["Logging Infrastructure"],"duration":507,"failureDetails":[],"failureMessages":[],"fullName":"Logging Infrastructure can write logs with error objects","invocations":1,"location":null,"numPassingAsserts":5,"retryReasons":[],"status":"passed","title":"can write logs with error objects"},{"ancestorTitles":["Logging Infrastructure"],"duration":507,"failureDetails":[],"failureMessages":[],"fullName":"Logging Infrastructure handles error threshold monitoring","invocations":1,"location":null,"numPassingAsserts":2,"retryReasons":[],"status":"passed","title":"handles error threshold monitoring"},{"ancestorTitles":["Performance Monitoring"],"duration":506,"failureDetails":[],"failureMessages":[],"fullName":"Performance Monitoring should log performance metrics","invocations":1,"location":null,"numPassingAsserts":3,"retryReasons":[],"status":"passed","title":"should log performance metrics"},{"ancestorTitles":["Alert Notifications"],"duration":507,"failureDetails":[],"failureMessages":[],"fullName":"Alert Notifications should trigger an alert after threshold errors","invocations":1,"location":null,"numPassingAsserts":2,"retryReasons":[],"status":"passed","title":"should trigger an alert after threshold errors"}],"endTime":1738569134985,"message":"","name":"/Users/reeceharding/Gauntlet/New Scrapin'/src/__tests__/logging_infrastructure.test.ts","startTime":1738569124696,"status":"passed","summary":""},{"assertionResults":[{"ancestorTitles":["ServerLogger"],"duration":621,"failureDetails":[],"failureMessages":[],"fullName":"ServerLogger handles file system errors gracefully","invocations":1,"location":null,"numPassingAsserts":1,"retryReasons":[],"status":"passed","title":"handles file system errors gracefully"},{"ancestorTitles":["ServerLogger"],"duration":610,"failureDetails":[],"failureMessages":[],"fullName":"ServerLogger handles log rotation errors gracefully","invocations":1,"location":null,"numPassingAsserts":1,"retryReasons":[],"status":"passed","title":"handles log rotation errors gracefully"},{"ancestorTitles":["ServerLogger"],"duration":609,"failureDetails":[],"failureMessages":[],"fullName":"ServerLogger log file rotation works when file exceeds size limit","invocations":1,"location":null,"numPassingAsserts":1,"retryReasons":[],"status":"passed","title":"log file rotation works when file exceeds size limit"},{"ancestorTitles":["ServerLogger"],"duration":611,"failureDetails":[],"failureMessages":[],"fullName":"ServerLogger alert notifications are triggered","invocations":1,"location":null,"numPassingAsserts":2,"retryReasons":[],"status":"passed","title":"alert notifications are triggered"},{"ancestorTitles":["ServerLogger"],"duration":608,"failureDetails":[],"failureMessages":[],"fullName":"ServerLogger handles API errors gracefully","invocations":1,"location":null,"numPassingAsserts":1,"retryReasons":[],"status":"passed","title":"handles API errors gracefully"},{"ancestorTitles":["ServerLogger","Basic Logging"],"duration":611,"failureDetails":[],"failureMessages":[],"fullName":"ServerLogger Basic Logging should log error messages","invocations":1,"location":null,"numPassingAsserts":3,"retryReasons":[],"status":"passed","title":"should log error messages"},{"ancestorTitles":["ServerLogger","Basic Logging"],"duration":604,"failureDetails":[],"failureMessages":[],"fullName":"ServerLogger Basic Logging should log info messages","invocations":1,"location":null,"numPassingAsserts":3,"retryReasons":[],"status":"passed","title":"should log info messages"},{"ancestorTitles":["ServerLogger","Error Threshold"],"duration":610,"failureDetails":[],"failureMessages":[],"fullName":"ServerLogger Error Threshold should trigger alert when error threshold is exceeded","invocations":1,"location":null,"numPassingAsserts":2,"retryReasons":[],"status":"passed","title":"should trigger alert when error threshold is exceeded"},{"ancestorTitles":["ServerLogger","Context Management"],"duration":610,"failureDetails":[],"failureMessages":[],"fullName":"ServerLogger Context Management should include context in logs","invocations":1,"location":null,"numPassingAsserts":3,"retryReasons":[],"status":"passed","title":"should include context in logs"},{"ancestorTitles":["ServerLogger","Context Management"],"duration":608,"failureDetails":[],"failureMessages":[],"fullName":"ServerLogger Context Management should clear context","invocations":1,"location":null,"numPassingAsserts":3,"retryReasons":[],"status":"passed","title":"should clear context"},{"ancestorTitles":["ServerLogger","Performance Monitoring"],"duration":610,"failureDetails":[],"failureMessages":[],"fullName":"ServerLogger Performance Monitoring should log performance metrics","invocations":1,"location":null,"numPassingAsserts":4,"retryReasons":[],"status":"passed","title":"should log performance metrics"},{"ancestorTitles":["ServerLogger","Error Simulation"],"duration":608,"failureDetails":[],"failureMessages":[],"fullName":"ServerLogger Error Simulation should throw error when simulation is enabled","invocations":1,"location":null,"numPassingAsserts":1,"retryReasons":[],"status":"passed","title":"should throw error when simulation is enabled"},{"ancestorTitles":["ServerLogger","Alert Notifications"],"duration":626,"failureDetails":[],"failureMessages":[],"fullName":"ServerLogger Alert Notifications should trigger an alert after threshold errors","invocations":1,"location":null,"numPassingAsserts":2,"retryReasons":[],"status":"passed","title":"should trigger an alert after threshold errors"}],"endTime":1738569144524,"message":"","name":"/Users/reeceharding/Gauntlet/New Scrapin'/src/services/__tests__/server-logger.test.ts","startTime":1738569135009,"status":"passed","summary":""},{"assertionResults":[{"ancestorTitles":["UserProfileService","getProfile"],"duration":508,"failureDetails":[],"failureMessages":[],"fullName":"UserProfileService getProfile should return user profile when found","invocations":1,"location":null,"numPassingAsserts":1,"retryReasons":[],"status":"passed","title":"should return user profile when found"},{"ancestorTitles":["UserProfileService","getProfile"],"duration":515,"failureDetails":[],"failureMessages":[],"fullName":"UserProfileService getProfile should throw error when profile fetch fails","invocations":1,"location":null,"numPassingAsserts":1,"retryReasons":[],"status":"passed","title":"should throw error when profile fetch fails"},{"ancestorTitles":["UserProfileService","updateProfile"],"duration":505,"failureDetails":[],"failureMessages":[],"fullName":"UserProfileService updateProfile should update and return user profile","invocations":1,"location":null,"numPassingAsserts":1,"retryReasons":[],"status":"passed","title":"should update and return user profile"},{"ancestorTitles":["UserProfileService","updateProfile"],"duration":507,"failureDetails":[],"failureMessages":[],"fullName":"UserProfileService updateProfile should throw error when update fails","invocations":1,"location":null,"numPassingAsserts":1,"retryReasons":[],"status":"passed","title":"should throw error when update fails"},{"ancestorTitles":["UserProfileService","createProfile"],"duration":504,"failureDetails":[],"failureMessages":[],"fullName":"UserProfileService createProfile should create and return user profile","invocations":1,"location":null,"numPassingAsserts":1,"retryReasons":[],"status":"passed","title":"should create and return user profile"},{"ancestorTitles":["UserProfileService","createProfile"],"duration":506,"failureDetails":[],"failureMessages":[],"fullName":"UserProfileService createProfile should throw error when creation fails","invocations":1,"location":null,"numPassingAsserts":1,"retryReasons":[],"status":"passed","title":"should throw error when creation fails"},{"ancestorTitles":["UserProfileService","deleteProfile"],"duration":507,"failureDetails":[],"failureMessages":[],"fullName":"UserProfileService deleteProfile should delete user profile successfully","invocations":1,"location":null,"numPassingAsserts":1,"retryReasons":[],"status":"passed","title":"should delete user profile successfully"},{"ancestorTitles":["UserProfileService","deleteProfile"],"duration":503,"failureDetails":[],"failureMessages":[],"fullName":"UserProfileService deleteProfile should throw error when deletion fails","invocations":1,"location":null,"numPassingAsserts":1,"retryReasons":[],"status":"passed","title":"should throw error when deletion fails"},{"ancestorTitles":["UserProfileService","error handling"],"duration":505,"failureDetails":[],"failureMessages":[],"fullName":"UserProfileService error handling handles non-Error objects in catch blocks","invocations":1,"location":null,"numPassingAsserts":2,"retryReasons":[],"status":"passed","title":"handles non-Error objects in catch blocks"},{"ancestorTitles":["UserProfileService","error handling"],"duration":508,"failureDetails":[],"failureMessages":[],"fullName":"UserProfileService error handling handles database errors in profile creation","invocations":1,"location":null,"numPassingAsserts":2,"retryReasons":[],"status":"passed","title":"handles database errors in profile creation"},{"ancestorTitles":["UserProfileService","error handling"],"duration":511,"failureDetails":[],"failureMessages":[],"fullName":"UserProfileService error handling handles database errors in profile update","invocations":1,"location":null,"numPassingAsserts":2,"retryReasons":[],"status":"passed","title":"handles database errors in profile update"},{"ancestorTitles":["UserProfileService","error handling"],"duration":505,"failureDetails":[],"failureMessages":[],"fullName":"UserProfileService error handling handles database errors in profile deletion","invocations":1,"location":null,"numPassingAsserts":2,"retryReasons":[],"status":"passed","title":"handles database errors in profile deletion"}],"endTime":1738569152392,"message":"","name":"/Users/reeceharding/Gauntlet/New Scrapin'/src/__tests__/user-profile.test.ts","startTime":1738569144544,"status":"passed","summary":""},{"assertionResults":[{"ancestorTitles":["AuthService","register"],"duration":521,"failureDetails":[],"failureMessages":[],"fullName":"AuthService register should validate password","invocations":1,"location":null,"numPassingAsserts":1,"retryReasons":[],"status":"passed","title":"should validate password"},{"ancestorTitles":["AuthService","register"],"duration":505,"failureDetails":[],"failureMessages":[],"fullName":"AuthService register should check for existing email","invocations":1,"location":null,"numPassingAsserts":1,"retryReasons":[],"status":"passed","title":"should check for existing email"},{"ancestorTitles":["AuthService","register"],"duration":508,"failureDetails":[],"failureMessages":[],"fullName":"AuthService register should handle registration error","invocations":1,"location":null,"numPassingAsserts":1,"retryReasons":[],"status":"passed","title":"should handle registration error"},{"ancestorTitles":["AuthService","register"],"duration":509,"failureDetails":[],"failureMessages":[],"fullName":"AuthService register should handle profile creation error","invocations":1,"location":null,"numPassingAsserts":1,"retryReasons":[],"status":"passed","title":"should handle profile creation error"},{"ancestorTitles":["AuthService","register"],"duration":507,"failureDetails":[],"failureMessages":[],"fullName":"AuthService register should register a new user successfully","invocations":1,"location":null,"numPassingAsserts":1,"retryReasons":[],"status":"passed","title":"should register a new user successfully"},{"ancestorTitles":["AuthService","login"],"duration":506,"failureDetails":[],"failureMessages":[],"fullName":"AuthService login should login successfully","invocations":1,"location":null,"numPassingAsserts":1,"retryReasons":[],"status":"passed","title":"should login successfully"},{"ancestorTitles":["AuthService","login"],"duration":504,"failureDetails":[],"failureMessages":[],"fullName":"AuthService login should handle login error","invocations":1,"location":null,"numPassingAsserts":1,"retryReasons":[],"status":"passed","title":"should handle login error"},{"ancestorTitles":["AuthService","getUser"],"duration":503,"failureDetails":[],"failureMessages":[],"fullName":"AuthService getUser should return current user successfully","invocations":1,"location":null,"numPassingAsserts":1,"retryReasons":[],"status":"passed","title":"should return current user successfully"},{"ancestorTitles":["AuthService","getUser"],"duration":510,"failureDetails":[],"failureMessages":[],"fullName":"AuthService getUser should handle get user error","invocations":1,"location":null,"numPassingAsserts":1,"retryReasons":[],"status":"passed","title":"should handle get user error"}],"endTime":1738569158643,"message":"","name":"/Users/reeceharding/Gauntlet/New Scrapin'/src/__tests__/auth.test.ts","startTime":1738569152420,"status":"passed","summary":""},{"assertionResults":[{"ancestorTitles":["ServerLogger","Basic Logging"],"duration":508,"failureDetails":[],"failureMessages":[],"fullName":"ServerLogger Basic Logging should log info messages","invocations":1,"location":null,"numPassingAsserts":4,"retryReasons":[],"status":"passed","title":"should log info messages"},{"ancestorTitles":["ServerLogger","Basic Logging"],"duration":516,"failureDetails":[],"failureMessages":[],"fullName":"ServerLogger Basic Logging should log error messages","invocations":1,"location":null,"numPassingAsserts":4,"retryReasons":[],"status":"passed","title":"should log error messages"},{"ancestorTitles":["ServerLogger","Log Rotation"],"duration":510,"failureDetails":[],"failureMessages":[],"fullName":"ServerLogger Log Rotation should rotate logs when size exceeds limit","invocations":1,"location":null,"numPassingAsserts":2,"retryReasons":[],"status":"passed","title":"should rotate logs when size exceeds limit"},{"ancestorTitles":["ServerLogger","Error Threshold"],"duration":511,"failureDetails":[],"failureMessages":[],"fullName":"ServerLogger Error Threshold should trigger alert when error threshold is exceeded","invocations":1,"location":null,"numPassingAsserts":2,"retryReasons":[],"status":"passed","title":"should trigger alert when error threshold is exceeded"},{"ancestorTitles":["ServerLogger","Context Management"],"duration":509,"failureDetails":[],"failureMessages":[],"fullName":"ServerLogger Context Management should include context in logs","invocations":1,"location":null,"numPassingAsserts":3,"retryReasons":[],"status":"passed","title":"should include context in logs"},{"ancestorTitles":["ServerLogger","Context Management"],"duration":509,"failureDetails":[],"failureMessages":[],"fullName":"ServerLogger Context Management should clear context","invocations":1,"location":null,"numPassingAsserts":3,"retryReasons":[],"status":"passed","title":"should clear context"},{"ancestorTitles":["ServerLogger","Performance Logging"],"duration":508,"failureDetails":[],"failureMessages":[],"fullName":"ServerLogger Performance Logging should log performance metrics","invocations":1,"location":null,"numPassingAsserts":4,"retryReasons":[],"status":"passed","title":"should log performance metrics"}],"endTime":1738569163871,"message":"","name":"/Users/reeceharding/Gauntlet/New Scrapin'/src/services/__tests__/server-logger.new.test.ts","startTime":1738569158664,"status":"passed","summary":""},{"assertionResults":[{"ancestorTitles":["External API Integration Tests"],"duration":509,"failureDetails":[],"failureMessages":[],"fullName":"External API Integration Tests Brave Search API configuration is valid","invocations":1,"location":null,"numPassingAsserts":2,"retryReasons":[],"status":"passed","title":"Brave Search API configuration is valid"},{"ancestorTitles":["External API Integration Tests"],"duration":505,"failureDetails":[],"failureMessages":[],"fullName":"External API Integration Tests OpenAI API configuration is valid","invocations":1,"location":null,"numPassingAsserts":2,"retryReasons":[],"status":"passed","title":"OpenAI API configuration is valid"},{"ancestorTitles":["External API Integration Tests"],"duration":505,"failureDetails":[],"failureMessages":[],"fullName":"External API Integration Tests SendGrid API configuration is valid","invocations":1,"location":null,"numPassingAsserts":2,"retryReasons":[],"status":"passed","title":"SendGrid API configuration is valid"},{"ancestorTitles":["External API Integration Tests"],"duration":506,"failureDetails":[],"failureMessages":[],"fullName":"External API Integration Tests Twilio API configuration is valid","invocations":1,"location":null,"numPassingAsserts":3,"retryReasons":[],"status":"passed","title":"Twilio API configuration is valid"},{"ancestorTitles":["External API Integration Tests"],"duration":503,"failureDetails":[],"failureMessages":[],"fullName":"External API Integration Tests API rate limiting is configured","invocations":1,"location":null,"numPassingAsserts":8,"retryReasons":[],"status":"passed","title":"API rate limiting is configured"},{"ancestorTitles":["External API Integration Tests"],"duration":505,"failureDetails":[],"failureMessages":[],"fullName":"External API Integration Tests API monitoring configuration is valid","invocations":1,"location":null,"numPassingAsserts":6,"retryReasons":[],"status":"passed","title":"API monitoring configuration is valid"}],"endTime":1738569168552,"message":"","name":"/Users/reeceharding/Gauntlet/New Scrapin'/src/__tests__/api_integration.test.ts","startTime":1738569163895,"status":"passed","summary":""},{"assertionResults":[{"ancestorTitles":["Development Environment Setup"],"duration":503,"failureDetails":[],"failureMessages":[],"fullName":"Development Environment Setup Node.js version is 18 or higher","invocations":1,"location":null,"numPassingAsserts":1,"retryReasons":[],"status":"passed","title":"Node.js version is 18 or higher"},{"ancestorTitles":["Development Environment Setup"],"duration":504,"failureDetails":[],"failureMessages":[],"fullName":"Development Environment Setup TypeScript is configured correctly","invocations":1,"location":null,"numPassingAsserts":3,"retryReasons":[],"status":"passed","title":"TypeScript is configured correctly"},{"ancestorTitles":["Development Environment Setup"],"duration":503,"failureDetails":[],"failureMessages":[],"fullName":"Development Environment Setup ESLint is configured correctly","invocations":1,"location":null,"numPassingAsserts":1,"retryReasons":[],"status":"passed","title":"ESLint is configured correctly"},{"ancestorTitles":["Development Environment Setup"],"duration":504,"failureDetails":[],"failureMessages":[],"fullName":"Development Environment Setup Prettier is configured correctly","invocations":1,"location":null,"numPassingAsserts":1,"retryReasons":[],"status":"passed","title":"Prettier is configured correctly"},{"ancestorTitles":["Development Environment Setup"],"duration":518,"failureDetails":[],"failureMessages":[],"fullName":"Development Environment Setup Required development dependencies are installed","invocations":1,"location":null,"numPassingAsserts":7,"retryReasons":[],"status":"passed","title":"Required development dependencies are installed"},{"ancestorTitles":["Development Environment Setup"],"duration":611,"failureDetails":[],"failureMessages":[],"fullName":"Development Environment Setup Git hooks are set up","invocations":1,"location":null,"numPassingAsserts":2,"retryReasons":[],"status":"passed","title":"Git hooks are set up"}],"endTime":1738569173454,"message":"","name":"/Users/reeceharding/Gauntlet/New Scrapin'/src/__tests__/setup.test.ts","startTime":1738569168591,"status":"passed","summary":""},{"assertionResults":[{"ancestorTitles":["Advanced Logging Infrastructure","Performance Monitoring"],"duration":504,"failureDetails":[],"failureMessages":[],"fullName":"Advanced Logging Infrastructure Performance Monitoring should log performance metrics","invocations":1,"location":null,"numPassingAsserts":5,"retryReasons":[],"status":"passed","title":"should log performance metrics"},{"ancestorTitles":["Advanced Logging Infrastructure","Alert Notifications"],"duration":505,"failureDetails":[],"failureMessages":[],"fullName":"Advanced Logging Infrastructure Alert Notifications should trigger an alert after threshold errors","invocations":1,"location":null,"numPassingAsserts":3,"retryReasons":[],"status":"passed","title":"should trigger an alert after threshold errors"},{"ancestorTitles":["Advanced Logging Infrastructure","Context Management"],"duration":506,"failureDetails":[],"failureMessages":[],"fullName":"Advanced Logging Infrastructure Context Management should include context in logs","invocations":1,"location":null,"numPassingAsserts":2,"retryReasons":[],"status":"passed","title":"should include context in logs"},{"ancestorTitles":["Advanced Logging Infrastructure","Context Management"],"duration":505,"failureDetails":[],"failureMessages":[],"fullName":"Advanced Logging Infrastructure Context Management should clear context","invocations":1,"location":null,"numPassingAsserts":3,"retryReasons":[],"status":"passed","title":"should clear context"}],"endTime":1738569177039,"message":"","name":"/Users/reeceharding/Gauntlet/New Scrapin'/src/services/__tests__/logging_infrastructure.test.ts","startTime":1738569173462,"status":"passed","summary":""},{"assertionResults":[{"ancestorTitles":["Supabase Integration"],"duration":636,"failureDetails":[],"failureMessages":[],"fullName":"Supabase Integration can connect to Supabase","invocations":1,"location":null,"numPassingAsserts":2,"retryReasons":[],"status":"passed","title":"can connect to Supabase"},{"ancestorTitles":["Supabase Integration"],"duration":754,"failureDetails":[],"failureMessages":[],"fullName":"Supabase Integration can authenticate with email/password","invocations":1,"location":null,"numPassingAsserts":4,"retryReasons":[],"status":"passed","title":"can authenticate with email/password"},{"ancestorTitles":["Supabase Integration"],"duration":749,"failureDetails":[],"failureMessages":[],"fullName":"Supabase Integration can access database tables","invocations":1,"location":null,"numPassingAsserts":1,"retryReasons":[],"status":"passed","title":"can access database tables"}],"endTime":1738569180774,"message":"","name":"/Users/reeceharding/Gauntlet/New Scrapin'/src/__tests__/supabase_integration.test.ts","startTime":1738569177059,"status":"passed","summary":""},{"assertionResults":[{"ancestorTitles":["File Structure"],"duration":511,"failureDetails":[],"failureMessages":[],"fullName":"File Structure required directories exist","invocations":1,"location":null,"numPassingAsserts":25,"retryReasons":[],"status":"passed","title":"required directories exist"},{"ancestorTitles":["File Structure"],"duration":506,"failureDetails":[],"failureMessages":[],"fullName":"File Structure required files exist","invocations":1,"location":null,"numPassingAsserts":10,"retryReasons":[],"status":"passed","title":"required files exist"}],"endTime":1738569183370,"message":"","name":"/Users/reeceharding/Gauntlet/New Scrapin'/src/__tests__/file_structure.test.ts","startTime":1738569180788,"status":"passed","summary":""},{"assertionResults":[{"ancestorTitles":["Documentation Requirements"],"duration":506,"failureDetails":[],"failureMessages":[],"fullName":"Documentation Requirements key features documentation exists and contains required sections","invocations":1,"location":null,"numPassingAsserts":15,"retryReasons":[],"status":"passed","title":"key features documentation exists and contains required sections"}],"endTime":1738569185463,"message":"","name":"/Users/reeceharding/Gauntlet/New Scrapin'/src/__tests__/documentation.test.ts","startTime":1738569183392,"status":"passed","summary":""},{"assertionResults":[{"ancestorTitles":["Backend Structure Documentation"],"duration":509,"failureDetails":[],"failureMessages":[],"fullName":"Backend Structure Documentation backend structure documentation exists and contains required sections","invocations":1,"location":null,"numPassingAsserts":26,"retryReasons":[],"status":"passed","title":"backend structure documentation exists and contains required sections"}],"endTime":1738569187560,"message":"","name":"/Users/reeceharding/Gauntlet/New Scrapin'/src/__tests__/backend_structure.test.ts","startTime":1738569185477,"status":"passed","summary":""},{"assertionResults":[{"ancestorTitles":["Backend Services Documentation"],"duration":512,"failureDetails":[],"failureMessages":[],"fullName":"Backend Services Documentation backend services documentation exists and contains required sections","invocations":1,"location":null,"numPassingAsserts":15,"retryReasons":[],"status":"passed","title":"backend services documentation exists and contains required sections"}],"endTime":1738569189663,"message":"","name":"/Users/reeceharding/Gauntlet/New Scrapin'/src/__tests__/backend_services.test.ts","startTime":1738569187581,"status":"passed","summary":""},{"assertionResults":[{"ancestorTitles":["App Flow Documentation"],"duration":509,"failureDetails":[],"failureMessages":[],"fullName":"App Flow Documentation app flow documentation exists and contains required sections","invocations":1,"location":null,"numPassingAsserts":15,"retryReasons":[],"status":"passed","title":"app flow documentation exists and contains required sections"}],"endTime":1738569191761,"message":"","name":"/Users/reeceharding/Gauntlet/New Scrapin'/src/__tests__/app_flow.test.ts","startTime":1738569189682,"status":"passed","summary":""},{"assertionResults":[{"ancestorTitles":["User Journey Documentation"],"duration":511,"failureDetails":[],"failureMessages":[],"fullName":"User Journey Documentation user journey documentation exists and contains required sections","invocations":1,"location":null,"numPassingAsserts":14,"retryReasons":[],"status":"passed","title":"user journey documentation exists and contains required sections"}],"endTime":1738569193829,"message":"","name":"/Users/reeceharding/Gauntlet/New Scrapin'/src/__tests__/user_journey.test.ts","startTime":1738569191771,"status":"passed","summary":""},{"assertionResults":[{"ancestorTitles":["Component Specifications"],"duration":508,"failureDetails":[],"failureMessages":[],"fullName":"Component Specifications components should follow project requirements","invocations":1,"location":null,"numPassingAsserts":1,"retryReasons":[],"status":"passed","title":"components should follow project requirements"}],"endTime":1738569195900,"message":"","name":"/Users/reeceharding/Gauntlet/New Scrapin'/src/__tests__/component_specs.test.ts","startTime":1738569193837,"status":"passed","summary":""}],"wasInterrupted":false}
