{"numFailedTestSuites":2,"numFailedTests":9,"numPassedTestSuites":21,"numPassedTests":165,"numPendingTestSuites":0,"numPendingTests":0,"numRuntimeErrorTestSuites":0,"numTodoTests":0,"numTotalTestSuites":23,"numTotalTests":174,"openHandles":[],"snapshot":{"added":0,"didUpdate":false,"failure":false,"filesAdded":0,"filesRemoved":0,"filesRemovedList":[],"filesUnmatched":0,"filesUpdated":0,"matched":0,"total":0,"unchecked":0,"uncheckedKeysByFile":[],"unmatched":0,"updated":0},"startTime":1738591985872,"success":false,"testResults":[{"assertionResults":[{"ancestorTitles":["TwoFactorSettings"],"duration":534,"failureDetails":[],"failureMessages":[],"fullName":"TwoFactorSettings redirects to login if user is not authenticated","invocations":1,"location":null,"numPassingAsserts":1,"retryReasons":[],"status":"passed","title":"redirects to login if user is not authenticated"},{"ancestorTitles":["TwoFactorSettings"],"duration":538,"failureDetails":[],"failureMessages":[],"fullName":"TwoFactorSettings displays loading state initially","invocations":1,"location":null,"numPassingAsserts":1,"retryReasons":[],"status":"passed","title":"displays loading state initially"},{"ancestorTitles":["TwoFactorSettings"],"duration":540,"failureDetails":[],"failureMessages":[],"fullName":"TwoFactorSettings displays no methods message when user has no 2FA methods","invocations":1,"location":null,"numPassingAsserts":1,"retryReasons":[],"status":"passed","title":"displays no methods message when user has no 2FA methods"},{"ancestorTitles":["TwoFactorSettings","Method Management"],"duration":1526,"failureDetails":[{"name":"TestingLibraryElementError"}],"failureMessages":["Error: Unable to find an element with the text: Authenticator App. This could be because the text is broken up by multiple elements. In this case, you can provide a function for your text matcher to make your matcher more flexible.\n\nIgnored nodes: comments, script, style\n\u001b[36m<body>\u001b[39m\n  \u001b[36m<div>\u001b[39m\n    \u001b[36m<div\u001b[39m\n      \u001b[33mclass\u001b[39m=\u001b[32m\"min-h-screen bg-gray-50 py-12 px-4 sm:px-6 lg:px-8\"\u001b[39m\n    \u001b[36m>\u001b[39m\n      \u001b[36m<div\u001b[39m\n        \u001b[33mclass\u001b[39m=\u001b[32m\"max-w-3xl mx-auto\"\u001b[39m\n      \u001b[36m>\u001b[39m\n        \u001b[36m<div\u001b[39m\n          \u001b[33mclass\u001b[39m=\u001b[32m\"bg-white shadow sm:rounded-lg\"\u001b[39m\n        \u001b[36m>\u001b[39m\n          \u001b[36m<div\u001b[39m\n            \u001b[33mclass\u001b[39m=\u001b[32m\"px-4 py-5 sm:p-6\"\u001b[39m\n          \u001b[36m>\u001b[39m\n            \u001b[36m<h2\u001b[39m\n              \u001b[33mclass\u001b[39m=\u001b[32m\"text-lg font-medium text-gray-900\"\u001b[39m\n            \u001b[36m>\u001b[39m\n              \u001b[0mTwo-Factor Authentication\u001b[0m\n            \u001b[36m</h2>\u001b[39m\n            \u001b[36m<div\u001b[39m\n              \u001b[33mclass\u001b[39m=\u001b[32m\"mt-6\"\u001b[39m\n            \u001b[36m>\u001b[39m\n              \u001b[36m<h3\u001b[39m\n                \u001b[33mclass\u001b[39m=\u001b[32m\"text-sm font-medium text-gray-900\"\u001b[39m\n              \u001b[36m>\u001b[39m\n                \u001b[0mActive Methods\u001b[0m\n              \u001b[36m</h3>\u001b[39m\n              \u001b[36m<p\u001b[39m\n                \u001b[33mclass\u001b[39m=\u001b[32m\"mt-2 text-sm text-gray-500\"\u001b[39m\n              \u001b[36m>\u001b[39m\n                \u001b[0mNo two-factor authentication methods configured.\u001b[0m\n              \u001b[36m</p>\u001b[39m\n            \u001b[36m</div>\u001b[39m\n            \u001b[36m<div\u001b[39m\n              \u001b[33mclass\u001b[39m=\u001b[32m\"mt-6\"\u001b[39m\n            \u001b[36m>\u001b[39m\n              \u001b[36m<h3\u001b[39m\n                \u001b[33mclass\u001b[39m=\u001b[32m\"text-sm font-medium text-gray-900\"\u001b[39m\n              \u001b[36m>\u001b[39m\n                \u001b[0mAdd New Method\u001b[0m\n              \u001b[36m</h3>\u001b[39m\n              \u001b[36m<div\u001b[39m\n                \u001b[33mclass\u001b[39m=\u001b[32m\"mt-4 space-y-4\"\u001b[39m\n              \u001b[36m>\u001b[39m\n                \u001b[36m<button\u001b[39m\n                  \u001b[33mclass\u001b[39m=\u001b[32m\"w-full flex justify-center py-2 px-4 border border-transparent rounded-md shadow-sm text-sm font-medium text-white bg-blue-600 hover:bg-blue-700 focus:outline-none focus:ring-2 focus:ring-offset-2 focus:ring-blue-500\"\u001b[39m\n                \u001b[36m>\u001b[39m\n                  \u001b[0mSet up authenticator app\u001b[0m\n                \u001b[36m</button>\u001b[39m\n                \u001b[36m<button\u001b[39m\n                  \u001b[33mclass\u001b[39m=\u001b[32m\"w-full flex justify-center py-2 px-4 border border-gray-300 rounded-md shadow-sm text-sm font-medium text-gray-700 bg-white hover:bg-gray-50 focus:outline-none focus:ring-2 focus:ring-offset-2 focus:ring-blue-500\"\u001b[39m\n                \u001b[36m>\u001b[39m\n                  \u001b[0mSet up SMS verification\u001b[0m\n                \u001b[36m</button>\u001b[39m\n              \u001b[36m</div>\u001b[39m\n            \u001b[36m</div>\u001b[39m\n          \u001b[36m</div>\u001b[39m\n        \u001b[36m</div>\u001b[39m\n      \u001b[36m</div>\u001b[39m\n    \u001b[36m</div>\u001b[39m\n  \u001b[36m</div>\u001b[39m\n\u001b[36m</body>\u001b[39m\n    at waitForWrapper (/Users/reeceharding/Gauntlet/New Scrapin'/node_modules/@testing-library/dom/dist/wait-for.js:163:27)\n    at Object.<anonymous> (/Users/reeceharding/Gauntlet/New Scrapin'/src/tests/pages/auth/two-factor.test.tsx:110:20)\n    at Promise.then.completed (/Users/reeceharding/Gauntlet/New Scrapin'/node_modules/jest-circus/build/utils.js:298:28)\n    at new Promise (<anonymous>)\n    at callAsyncCircusFn (/Users/reeceharding/Gauntlet/New Scrapin'/node_modules/jest-circus/build/utils.js:231:10)\n    at _callCircusTest (/Users/reeceharding/Gauntlet/New Scrapin'/node_modules/jest-circus/build/run.js:316:40)\n    at _runTest (/Users/reeceharding/Gauntlet/New Scrapin'/node_modules/jest-circus/build/run.js:252:3)\n    at _runTestsForDescribeBlock (/Users/reeceharding/Gauntlet/New Scrapin'/node_modules/jest-circus/build/run.js:126:9)\n    at _runTestsForDescribeBlock (/Users/reeceharding/Gauntlet/New Scrapin'/node_modules/jest-circus/build/run.js:121:9)\n    at _runTestsForDescribeBlock (/Users/reeceharding/Gauntlet/New Scrapin'/node_modules/jest-circus/build/run.js:121:9)\n    at run (/Users/reeceharding/Gauntlet/New Scrapin'/node_modules/jest-circus/build/run.js:71:3)\n    at runAndTransformResultsToJestFormat (/Users/reeceharding/Gauntlet/New Scrapin'/node_modules/jest-circus/build/legacy-code-todo-rewrite/jestAdapterInit.js:122:21)\n    at jestAdapter (/Users/reeceharding/Gauntlet/New Scrapin'/node_modules/jest-circus/build/legacy-code-todo-rewrite/jestAdapter.js:79:19)\n    at runTestInternal (/Users/reeceharding/Gauntlet/New Scrapin'/node_modules/jest-runner/build/runTest.js:367:16)\n    at runTest (/Users/reeceharding/Gauntlet/New Scrapin'/node_modules/jest-runner/build/runTest.js:444:34)"],"fullName":"TwoFactorSettings Method Management allows deleting a 2FA method","invocations":1,"location":null,"numPassingAsserts":19,"retryReasons":[],"status":"failed","title":"allows deleting a 2FA method"},{"ancestorTitles":["TwoFactorSettings","Method Management"],"duration":1511,"failureDetails":[{"name":"TestingLibraryElementError"}],"failureMessages":["Error: Unable to find an element with the text: Authenticator App. This could be because the text is broken up by multiple elements. In this case, you can provide a function for your text matcher to make your matcher more flexible.\n\nIgnored nodes: comments, script, style\n\u001b[36m<body>\u001b[39m\n  \u001b[36m<div>\u001b[39m\n    \u001b[36m<div\u001b[39m\n      \u001b[33mclass\u001b[39m=\u001b[32m\"min-h-screen bg-gray-50 py-12 px-4 sm:px-6 lg:px-8\"\u001b[39m\n    \u001b[36m>\u001b[39m\n      \u001b[36m<div\u001b[39m\n        \u001b[33mclass\u001b[39m=\u001b[32m\"max-w-3xl mx-auto\"\u001b[39m\n      \u001b[36m>\u001b[39m\n        \u001b[36m<div\u001b[39m\n          \u001b[33mclass\u001b[39m=\u001b[32m\"bg-white shadow sm:rounded-lg\"\u001b[39m\n        \u001b[36m>\u001b[39m\n          \u001b[36m<div\u001b[39m\n            \u001b[33mclass\u001b[39m=\u001b[32m\"px-4 py-5 sm:p-6\"\u001b[39m\n          \u001b[36m>\u001b[39m\n            \u001b[36m<h2\u001b[39m\n              \u001b[33mclass\u001b[39m=\u001b[32m\"text-lg font-medium text-gray-900\"\u001b[39m\n            \u001b[36m>\u001b[39m\n              \u001b[0mTwo-Factor Authentication\u001b[0m\n            \u001b[36m</h2>\u001b[39m\n            \u001b[36m<div\u001b[39m\n              \u001b[33mclass\u001b[39m=\u001b[32m\"mt-6\"\u001b[39m\n            \u001b[36m>\u001b[39m\n              \u001b[36m<h3\u001b[39m\n                \u001b[33mclass\u001b[39m=\u001b[32m\"text-sm font-medium text-gray-900\"\u001b[39m\n              \u001b[36m>\u001b[39m\n                \u001b[0mActive Methods\u001b[0m\n              \u001b[36m</h3>\u001b[39m\n              \u001b[36m<p\u001b[39m\n                \u001b[33mclass\u001b[39m=\u001b[32m\"mt-2 text-sm text-gray-500\"\u001b[39m\n              \u001b[36m>\u001b[39m\n                \u001b[0mNo two-factor authentication methods configured.\u001b[0m\n              \u001b[36m</p>\u001b[39m\n            \u001b[36m</div>\u001b[39m\n            \u001b[36m<div\u001b[39m\n              \u001b[33mclass\u001b[39m=\u001b[32m\"mt-6\"\u001b[39m\n            \u001b[36m>\u001b[39m\n              \u001b[36m<h3\u001b[39m\n                \u001b[33mclass\u001b[39m=\u001b[32m\"text-sm font-medium text-gray-900\"\u001b[39m\n              \u001b[36m>\u001b[39m\n                \u001b[0mAdd New Method\u001b[0m\n              \u001b[36m</h3>\u001b[39m\n              \u001b[36m<div\u001b[39m\n                \u001b[33mclass\u001b[39m=\u001b[32m\"mt-4 space-y-4\"\u001b[39m\n              \u001b[36m>\u001b[39m\n                \u001b[36m<button\u001b[39m\n                  \u001b[33mclass\u001b[39m=\u001b[32m\"w-full flex justify-center py-2 px-4 border border-transparent rounded-md shadow-sm text-sm font-medium text-white bg-blue-600 hover:bg-blue-700 focus:outline-none focus:ring-2 focus:ring-offset-2 focus:ring-blue-500\"\u001b[39m\n                \u001b[36m>\u001b[39m\n                  \u001b[0mSet up authenticator app\u001b[0m\n                \u001b[36m</button>\u001b[39m\n                \u001b[36m<button\u001b[39m\n                  \u001b[33mclass\u001b[39m=\u001b[32m\"w-full flex justify-center py-2 px-4 border border-gray-300 rounded-md shadow-sm text-sm font-medium text-gray-700 bg-white hover:bg-gray-50 focus:outline-none focus:ring-2 focus:ring-offset-2 focus:ring-blue-500\"\u001b[39m\n                \u001b[36m>\u001b[39m\n                  \u001b[0mSet up SMS verification\u001b[0m\n                \u001b[36m</button>\u001b[39m\n              \u001b[36m</div>\u001b[39m\n            \u001b[36m</div>\u001b[39m\n          \u001b[36m</div>\u001b[39m\n        \u001b[36m</div>\u001b[39m\n      \u001b[36m</div>\u001b[39m\n    \u001b[36m</div>\u001b[39m\n  \u001b[36m</div>\u001b[39m\n\u001b[36m</body>\u001b[39m\n    at waitForWrapper (/Users/reeceharding/Gauntlet/New Scrapin'/node_modules/@testing-library/dom/dist/wait-for.js:163:27)\n    at Object.<anonymous> (/Users/reeceharding/Gauntlet/New Scrapin'/src/tests/pages/auth/two-factor.test.tsx:145:20)\n    at Promise.then.completed (/Users/reeceharding/Gauntlet/New Scrapin'/node_modules/jest-circus/build/utils.js:298:28)\n    at new Promise (<anonymous>)\n    at callAsyncCircusFn (/Users/reeceharding/Gauntlet/New Scrapin'/node_modules/jest-circus/build/utils.js:231:10)\n    at _callCircusTest (/Users/reeceharding/Gauntlet/New Scrapin'/node_modules/jest-circus/build/run.js:316:40)\n    at _runTest (/Users/reeceharding/Gauntlet/New Scrapin'/node_modules/jest-circus/build/run.js:252:3)\n    at _runTestsForDescribeBlock (/Users/reeceharding/Gauntlet/New Scrapin'/node_modules/jest-circus/build/run.js:126:9)\n    at _runTestsForDescribeBlock (/Users/reeceharding/Gauntlet/New Scrapin'/node_modules/jest-circus/build/run.js:121:9)\n    at _runTestsForDescribeBlock (/Users/reeceharding/Gauntlet/New Scrapin'/node_modules/jest-circus/build/run.js:121:9)\n    at run (/Users/reeceharding/Gauntlet/New Scrapin'/node_modules/jest-circus/build/run.js:71:3)\n    at runAndTransformResultsToJestFormat (/Users/reeceharding/Gauntlet/New Scrapin'/node_modules/jest-circus/build/legacy-code-todo-rewrite/jestAdapterInit.js:122:21)\n    at jestAdapter (/Users/reeceharding/Gauntlet/New Scrapin'/node_modules/jest-circus/build/legacy-code-todo-rewrite/jestAdapter.js:79:19)\n    at runTestInternal (/Users/reeceharding/Gauntlet/New Scrapin'/node_modules/jest-runner/build/runTest.js:367:16)\n    at runTest (/Users/reeceharding/Gauntlet/New Scrapin'/node_modules/jest-runner/build/runTest.js:444:34)"],"fullName":"TwoFactorSettings Method Management displays error message on delete failure","invocations":1,"location":null,"numPassingAsserts":20,"retryReasons":[],"status":"failed","title":"displays error message on delete failure"},{"ancestorTitles":["TwoFactorSettings","TOTP Setup"],"duration":1573,"failureDetails":[{"matcherResult":{"message":"\u001b[2mexpect(\u001b[22m\u001b[31mjest.fn()\u001b[39m\u001b[2m).\u001b[22mtoHaveBeenCalledWith\u001b[2m(\u001b[22m\u001b[32m...expected\u001b[39m\u001b[2m)\u001b[22m\n\nExpected: \u001b[32m\"test-user-id\"\u001b[39m, \u001b[32m\"Test Device\"\u001b[39m, \u001b[32m\"123456\"\u001b[39m\n\nNumber of calls: \u001b[31m0\u001b[39m","pass":false}}],"failureMessages":["Error: \u001b[2mexpect(\u001b[22m\u001b[31mjest.fn()\u001b[39m\u001b[2m).\u001b[22mtoHaveBeenCalledWith\u001b[2m(\u001b[22m\u001b[32m...expected\u001b[39m\u001b[2m)\u001b[22m\n\nExpected: \u001b[32m\"test-user-id\"\u001b[39m, \u001b[32m\"Test Device\"\u001b[39m, \u001b[32m\"123456\"\u001b[39m\n\nNumber of calls: \u001b[31m0\u001b[39m\n\nIgnored nodes: comments, script, style\n\u001b[36m<html>\u001b[39m\n  \u001b[36m<head />\u001b[39m\n  \u001b[36m<body>\u001b[39m\n    \u001b[36m<div>\u001b[39m\n      \u001b[36m<div\u001b[39m\n        \u001b[33mclass\u001b[39m=\u001b[32m\"min-h-screen bg-gray-50 py-12 px-4 sm:px-6 lg:px-8\"\u001b[39m\n      \u001b[36m>\u001b[39m\n        \u001b[36m<div\u001b[39m\n          \u001b[33mclass\u001b[39m=\u001b[32m\"max-w-3xl mx-auto\"\u001b[39m\n        \u001b[36m>\u001b[39m\n          \u001b[36m<div\u001b[39m\n            \u001b[33mclass\u001b[39m=\u001b[32m\"bg-white shadow sm:rounded-lg\"\u001b[39m\n          \u001b[36m>\u001b[39m\n            \u001b[36m<div\u001b[39m\n              \u001b[33mclass\u001b[39m=\u001b[32m\"px-4 py-5 sm:p-6\"\u001b[39m\n            \u001b[36m>\u001b[39m\n              \u001b[36m<h2\u001b[39m\n                \u001b[33mclass\u001b[39m=\u001b[32m\"text-lg font-medium text-gray-900\"\u001b[39m\n              \u001b[36m>\u001b[39m\n                \u001b[0mTwo-Factor Authentication\u001b[0m\n              \u001b[36m</h2>\u001b[39m\n              \u001b[36m<div\u001b[39m\n                \u001b[33mclass\u001b[39m=\u001b[32m\"mt-6\"\u001b[39m\n              \u001b[36m>\u001b[39m\n                \u001b[36m<h3\u001b[39m\n                  \u001b[33mclass\u001b[39m=\u001b[32m\"text-sm font-medium text-gray-900\"\u001b[39m\n                \u001b[36m>\u001b[39m\n                  \u001b[0mActive Methods\u001b[0m\n                \u001b[36m</h3>\u001b[39m\n                \u001b[36m<p\u001b[39m\n                  \u001b[33mclass\u001b[39m=\u001b[32m\"mt-2 text-sm text-gray-500\"\u001b[39m\n                \u001b[36m>\u001b[39m\n                  \u001b[0mNo two-factor authentication methods configured.\u001b[0m\n                \u001b[36m</p>\u001b[39m\n              \u001b[36m</div>\u001b[39m\n              \u001b[36m<div\u001b[39m\n                \u001b[33mclass\u001b[39m=\u001b[32m\"mt-6\"\u001b[39m\n              \u001b[36m>\u001b[39m\n                \u001b[36m<h3\u001b[39m\n                  \u001b[33mclass\u001b[39m=\u001b[32m\"text-sm font-medium text-gray-900\"\u001b[39m\n                \u001b[36m>\u001b[39m\n                  \u001b[0mAdd New Method\u001b[0m\n                \u001b[36m</h3>\u001b[39m\n                \u001b[36m<div\u001b[39m\n                  \u001b[33mclass\u001b[39m=\u001b[32m\"mt-4 space-y-4\"\u001b[39m\n                \u001b[36m>\u001b[39m\n                  \u001b[36m<button\u001b[39m\n                    \u001b[33mclass\u001b[39m=\u001b[32m\"w-full flex justify-center py-2 px-4 border border-transparent rounded-md shadow-sm text-sm font-medium text-white bg-blue-600 hover:bg-blue-700 focus:outline-none focus:ring-2 focus:ring-offset-2 focus:ring-blue-500\"\u001b[39m\n                  \u001b[36m>\u001b[39m\n                    \u001b[0mSet up authenticator app\u001b[0m\n                  \u001b[36m</button>\u001b[39m\n                  \u001b[36m<button\u001b[39m\n                    \u001b[33mclass\u001b[39m=\u001b[32m\"w-full flex justify-center py-2 px-4 border border-gray-300 rounded-md shadow-sm text-sm font-medium text-gray-700 bg-white hover:bg-gray-50 focus:outline-none focus:ring-2 focus:ring-offset-2 focus:ring-blue-500\"\u001b[39m\n                  \u001b[36m>\u001b[39m\n                    \u001b[0mSet up SMS verification\u001b[0m\n                  \u001b[36m</button>\u001b[39m\n                \u001b[36m</div>\u001b[39m\n              \u001b[36m</div>\u001b[39m\n            \u001b[36m</div>\u001b[39m\n          \u001b[36m</div>\u001b[39m\n        \u001b[36m</div>\u001b[39m\n      \u001b[36m</div>\u001b[39m\n    \u001b[36m</div>\u001b[39m\n  \u001b[36m</body>\u001b[39m\n\u001b[36m</html>\u001b[39m\n    at toHaveBeenCalledWith (/Users/reeceharding/Gauntlet/New Scrapin'/src/tests/pages/auth/two-factor.test.tsx:207:49)\n    at runWithExpensiveErrorDiagnosticsDisabled (/Users/reeceharding/Gauntlet/New Scrapin'/node_modules/@testing-library/dom/dist/config.js:47:12)\n    at checkCallback (/Users/reeceharding/Gauntlet/New Scrapin'/node_modules/@testing-library/dom/dist/wait-for.js:124:77)\n    at checkRealTimersCallback (/Users/reeceharding/Gauntlet/New Scrapin'/node_modules/@testing-library/dom/dist/wait-for.js:118:16)\n    at Timeout.task [as _onTimeout] (/Users/reeceharding/Gauntlet/New Scrapin'/node_modules/jsdom/lib/jsdom/browser/Window.js:520:19)\n    at listOnTimeout (node:internal/timers:614:17)\n    at processTimers (node:internal/timers:549:7)"],"fullName":"TwoFactorSettings TOTP Setup allows setting up TOTP authentication","invocations":1,"location":null,"numPassingAsserts":2,"retryReasons":[],"status":"failed","title":"allows setting up TOTP authentication"},{"ancestorTitles":["TwoFactorSettings","TOTP Setup"],"duration":1537,"failureDetails":[{"name":"TestingLibraryElementError"}],"failureMessages":["Error: Unable to find role=\"alert\"\n\nIgnored nodes: comments, script, style\n\u001b[36m<body>\u001b[39m\n  \u001b[36m<div>\u001b[39m\n    \u001b[36m<div\u001b[39m\n      \u001b[33mclass\u001b[39m=\u001b[32m\"min-h-screen bg-gray-50 py-12 px-4 sm:px-6 lg:px-8\"\u001b[39m\n    \u001b[36m>\u001b[39m\n      \u001b[36m<div\u001b[39m\n        \u001b[33mclass\u001b[39m=\u001b[32m\"max-w-3xl mx-auto\"\u001b[39m\n      \u001b[36m>\u001b[39m\n        \u001b[36m<div\u001b[39m\n          \u001b[33mclass\u001b[39m=\u001b[32m\"bg-white shadow sm:rounded-lg\"\u001b[39m\n        \u001b[36m>\u001b[39m\n          \u001b[36m<div\u001b[39m\n            \u001b[33mclass\u001b[39m=\u001b[32m\"px-4 py-5 sm:p-6\"\u001b[39m\n          \u001b[36m>\u001b[39m\n            \u001b[36m<h2\u001b[39m\n              \u001b[33mclass\u001b[39m=\u001b[32m\"text-lg font-medium text-gray-900\"\u001b[39m\n            \u001b[36m>\u001b[39m\n              \u001b[0mTwo-Factor Authentication\u001b[0m\n            \u001b[36m</h2>\u001b[39m\n            \u001b[36m<div\u001b[39m\n              \u001b[33mclass\u001b[39m=\u001b[32m\"mt-6\"\u001b[39m\n            \u001b[36m>\u001b[39m\n              \u001b[36m<h3\u001b[39m\n                \u001b[33mclass\u001b[39m=\u001b[32m\"text-sm font-medium text-gray-900\"\u001b[39m\n              \u001b[36m>\u001b[39m\n                \u001b[0mActive Methods\u001b[0m\n              \u001b[36m</h3>\u001b[39m\n              \u001b[36m<p\u001b[39m\n                \u001b[33mclass\u001b[39m=\u001b[32m\"mt-2 text-sm text-gray-500\"\u001b[39m\n              \u001b[36m>\u001b[39m\n                \u001b[0mNo two-factor authentication methods configured.\u001b[0m\n              \u001b[36m</p>\u001b[39m\n            \u001b[36m</div>\u001b[39m\n            \u001b[36m<div\u001b[39m\n              \u001b[33mclass\u001b[39m=\u001b[32m\"mt-6\"\u001b[39m\n            \u001b[36m>\u001b[39m\n              \u001b[36m<h3\u001b[39m\n                \u001b[33mclass\u001b[39m=\u001b[32m\"text-sm font-medium text-gray-900\"\u001b[39m\n              \u001b[36m>\u001b[39m\n                \u001b[0mAdd New Method\u001b[0m\n              \u001b[36m</h3>\u001b[39m\n              \u001b[36m<div\u001b[39m\n                \u001b[33mclass\u001b[39m=\u001b[32m\"mt-4 space-y-4\"\u001b[39m\n              \u001b[36m>\u001b[39m\n                \u001b[36m<button\u001b[39m\n                  \u001b[33mclass\u001b[39m=\u001b[32m\"w-full flex justify-center py-2 px-4 border border-transparent rounded-md shadow-sm text-sm font-medium text-white bg-blue-600 hover:bg-blue-700 focus:outline-none focus:ring-2 focus:ring-offset-2 focus:ring-blue-500\"\u001b[39m\n                \u001b[36m>\u001b[39m\n                  \u001b[0mSet up authenticator app\u001b[0m\n                \u001b[36m</button>\u001b[39m\n                \u001b[36m<button\u001b[39m\n                  \u001b[33mclass\u001b[39m=\u001b[32m\"w-full flex justify-center py-2 px-4 border border-gray-300 rounded-md shadow-sm text-sm font-medium text-gray-700 bg-white hover:bg-gray-50 focus:outline-none focus:ring-2 focus:ring-offset-2 focus:ring-blue-500\"\u001b[39m\n                \u001b[36m>\u001b[39m\n                  \u001b[0mSet up SMS verification\u001b[0m\n                \u001b[36m</button>\u001b[39m\n              \u001b[36m</div>\u001b[39m\n            \u001b[36m</div>\u001b[39m\n          \u001b[36m</div>\u001b[39m\n        \u001b[36m</div>\u001b[39m\n      \u001b[36m</div>\u001b[39m\n    \u001b[36m</div>\u001b[39m\n  \u001b[36m</div>\u001b[39m\n\u001b[36m</body>\u001b[39m\n    at waitForWrapper (/Users/reeceharding/Gauntlet/New Scrapin'/node_modules/@testing-library/dom/dist/wait-for.js:163:27)\n    at Object.<anonymous> (/Users/reeceharding/Gauntlet/New Scrapin'/src/tests/pages/auth/two-factor.test.tsx:256:20)"],"fullName":"TwoFactorSettings TOTP Setup displays error message on TOTP setup failure","invocations":1,"location":null,"numPassingAsserts":2,"retryReasons":[],"status":"failed","title":"displays error message on TOTP setup failure"},{"ancestorTitles":["TwoFactorSettings","SMS Setup"],"duration":1536,"failureDetails":[{"matcherResult":{"message":"\u001b[2mexpect(\u001b[22m\u001b[31mjest.fn()\u001b[39m\u001b[2m).\u001b[22mtoHaveBeenCalledWith\u001b[2m(\u001b[22m\u001b[32m...expected\u001b[39m\u001b[2m)\u001b[22m\n\nExpected: \u001b[32m\"test-user-id\"\u001b[39m, \u001b[32m\"+1234567890\"\u001b[39m, \u001b[32m\"123456\"\u001b[39m\n\nNumber of calls: \u001b[31m0\u001b[39m","pass":false}}],"failureMessages":["Error: \u001b[2mexpect(\u001b[22m\u001b[31mjest.fn()\u001b[39m\u001b[2m).\u001b[22mtoHaveBeenCalledWith\u001b[2m(\u001b[22m\u001b[32m...expected\u001b[39m\u001b[2m)\u001b[22m\n\nExpected: \u001b[32m\"test-user-id\"\u001b[39m, \u001b[32m\"+1234567890\"\u001b[39m, \u001b[32m\"123456\"\u001b[39m\n\nNumber of calls: \u001b[31m0\u001b[39m\n\nIgnored nodes: comments, script, style\n\u001b[36m<html>\u001b[39m\n  \u001b[36m<head />\u001b[39m\n  \u001b[36m<body>\u001b[39m\n    \u001b[36m<div>\u001b[39m\n      \u001b[36m<div\u001b[39m\n        \u001b[33mclass\u001b[39m=\u001b[32m\"min-h-screen bg-gray-50 py-12 px-4 sm:px-6 lg:px-8\"\u001b[39m\n      \u001b[36m>\u001b[39m\n        \u001b[36m<div\u001b[39m\n          \u001b[33mclass\u001b[39m=\u001b[32m\"max-w-3xl mx-auto\"\u001b[39m\n        \u001b[36m>\u001b[39m\n          \u001b[36m<div\u001b[39m\n            \u001b[33mclass\u001b[39m=\u001b[32m\"bg-white shadow sm:rounded-lg\"\u001b[39m\n          \u001b[36m>\u001b[39m\n            \u001b[36m<div\u001b[39m\n              \u001b[33mclass\u001b[39m=\u001b[32m\"px-4 py-5 sm:p-6\"\u001b[39m\n            \u001b[36m>\u001b[39m\n              \u001b[36m<h2\u001b[39m\n                \u001b[33mclass\u001b[39m=\u001b[32m\"text-lg font-medium text-gray-900\"\u001b[39m\n              \u001b[36m>\u001b[39m\n                \u001b[0mTwo-Factor Authentication\u001b[0m\n              \u001b[36m</h2>\u001b[39m\n              \u001b[36m<div\u001b[39m\n                \u001b[33mclass\u001b[39m=\u001b[32m\"mt-6\"\u001b[39m\n              \u001b[36m>\u001b[39m\n                \u001b[36m<h3\u001b[39m\n                  \u001b[33mclass\u001b[39m=\u001b[32m\"text-sm font-medium text-gray-900\"\u001b[39m\n                \u001b[36m>\u001b[39m\n                  \u001b[0mActive Methods\u001b[0m\n                \u001b[36m</h3>\u001b[39m\n                \u001b[36m<p\u001b[39m\n                  \u001b[33mclass\u001b[39m=\u001b[32m\"mt-2 text-sm text-gray-500\"\u001b[39m\n                \u001b[36m>\u001b[39m\n                  \u001b[0mNo two-factor authentication methods configured.\u001b[0m\n                \u001b[36m</p>\u001b[39m\n              \u001b[36m</div>\u001b[39m\n              \u001b[36m<div\u001b[39m\n                \u001b[33mclass\u001b[39m=\u001b[32m\"mt-6\"\u001b[39m\n              \u001b[36m>\u001b[39m\n                \u001b[36m<h3\u001b[39m\n                  \u001b[33mclass\u001b[39m=\u001b[32m\"text-sm font-medium text-gray-900\"\u001b[39m\n                \u001b[36m>\u001b[39m\n                  \u001b[0mAdd New Method\u001b[0m\n                \u001b[36m</h3>\u001b[39m\n                \u001b[36m<div\u001b[39m\n                  \u001b[33mclass\u001b[39m=\u001b[32m\"mt-4 space-y-4\"\u001b[39m\n                \u001b[36m>\u001b[39m\n                  \u001b[36m<button\u001b[39m\n                    \u001b[33mclass\u001b[39m=\u001b[32m\"w-full flex justify-center py-2 px-4 border border-transparent rounded-md shadow-sm text-sm font-medium text-white bg-blue-600 hover:bg-blue-700 focus:outline-none focus:ring-2 focus:ring-offset-2 focus:ring-blue-500\"\u001b[39m\n                  \u001b[36m>\u001b[39m\n                    \u001b[0mSet up authenticator app\u001b[0m\n                  \u001b[36m</button>\u001b[39m\n                  \u001b[36m<button\u001b[39m\n                    \u001b[33mclass\u001b[39m=\u001b[32m\"w-full flex justify-center py-2 px-4 border border-gray-300 rounded-md shadow-sm text-sm font-medium text-gray-700 bg-white hover:bg-gray-50 focus:outline-none focus:ring-2 focus:ring-offset-2 focus:ring-blue-500\"\u001b[39m\n                  \u001b[36m>\u001b[39m\n                    \u001b[0mSet up SMS verification\u001b[0m\n                  \u001b[36m</button>\u001b[39m\n                \u001b[36m</div>\u001b[39m\n              \u001b[36m</div>\u001b[39m\n            \u001b[36m</div>\u001b[39m\n          \u001b[36m</div>\u001b[39m\n        \u001b[36m</div>\u001b[39m\n      \u001b[36m</div>\u001b[39m\n    \u001b[36m</div>\u001b[39m\n  \u001b[36m</body>\u001b[39m\n\u001b[36m</html>\u001b[39m\n    at toHaveBeenCalledWith (/Users/reeceharding/Gauntlet/New Scrapin'/src/tests/pages/auth/two-factor.test.tsx:303:48)\n    at runWithExpensiveErrorDiagnosticsDisabled (/Users/reeceharding/Gauntlet/New Scrapin'/node_modules/@testing-library/dom/dist/config.js:47:12)\n    at checkCallback (/Users/reeceharding/Gauntlet/New Scrapin'/node_modules/@testing-library/dom/dist/wait-for.js:124:77)\n    at checkRealTimersCallback (/Users/reeceharding/Gauntlet/New Scrapin'/node_modules/@testing-library/dom/dist/wait-for.js:118:16)\n    at Timeout.task [as _onTimeout] (/Users/reeceharding/Gauntlet/New Scrapin'/node_modules/jsdom/lib/jsdom/browser/Window.js:520:19)\n    at listOnTimeout (node:internal/timers:614:17)\n    at processTimers (node:internal/timers:549:7)"],"fullName":"TwoFactorSettings SMS Setup allows setting up SMS verification","invocations":1,"location":null,"numPassingAsserts":2,"retryReasons":[],"status":"failed","title":"allows setting up SMS verification"},{"ancestorTitles":["TwoFactorSettings","SMS Setup"],"duration":1552,"failureDetails":[{"name":"TestingLibraryElementError"}],"failureMessages":["Error: Unable to find role=\"alert\"\n\nIgnored nodes: comments, script, style\n\u001b[36m<body>\u001b[39m\n  \u001b[36m<div>\u001b[39m\n    \u001b[36m<div\u001b[39m\n      \u001b[33mclass\u001b[39m=\u001b[32m\"min-h-screen bg-gray-50 py-12 px-4 sm:px-6 lg:px-8\"\u001b[39m\n    \u001b[36m>\u001b[39m\n      \u001b[36m<div\u001b[39m\n        \u001b[33mclass\u001b[39m=\u001b[32m\"max-w-3xl mx-auto\"\u001b[39m\n      \u001b[36m>\u001b[39m\n        \u001b[36m<div\u001b[39m\n          \u001b[33mclass\u001b[39m=\u001b[32m\"bg-white shadow sm:rounded-lg\"\u001b[39m\n        \u001b[36m>\u001b[39m\n          \u001b[36m<div\u001b[39m\n            \u001b[33mclass\u001b[39m=\u001b[32m\"px-4 py-5 sm:p-6\"\u001b[39m\n          \u001b[36m>\u001b[39m\n            \u001b[36m<h2\u001b[39m\n              \u001b[33mclass\u001b[39m=\u001b[32m\"text-lg font-medium text-gray-900\"\u001b[39m\n            \u001b[36m>\u001b[39m\n              \u001b[0mTwo-Factor Authentication\u001b[0m\n            \u001b[36m</h2>\u001b[39m\n            \u001b[36m<div\u001b[39m\n              \u001b[33mclass\u001b[39m=\u001b[32m\"mt-6\"\u001b[39m\n            \u001b[36m>\u001b[39m\n              \u001b[36m<h3\u001b[39m\n                \u001b[33mclass\u001b[39m=\u001b[32m\"text-sm font-medium text-gray-900\"\u001b[39m\n              \u001b[36m>\u001b[39m\n                \u001b[0mActive Methods\u001b[0m\n              \u001b[36m</h3>\u001b[39m\n              \u001b[36m<p\u001b[39m\n                \u001b[33mclass\u001b[39m=\u001b[32m\"mt-2 text-sm text-gray-500\"\u001b[39m\n              \u001b[36m>\u001b[39m\n                \u001b[0mNo two-factor authentication methods configured.\u001b[0m\n              \u001b[36m</p>\u001b[39m\n            \u001b[36m</div>\u001b[39m\n            \u001b[36m<div\u001b[39m\n              \u001b[33mclass\u001b[39m=\u001b[32m\"mt-6\"\u001b[39m\n            \u001b[36m>\u001b[39m\n              \u001b[36m<h3\u001b[39m\n                \u001b[33mclass\u001b[39m=\u001b[32m\"text-sm font-medium text-gray-900\"\u001b[39m\n              \u001b[36m>\u001b[39m\n                \u001b[0mAdd New Method\u001b[0m\n              \u001b[36m</h3>\u001b[39m\n              \u001b[36m<div\u001b[39m\n                \u001b[33mclass\u001b[39m=\u001b[32m\"mt-4 space-y-4\"\u001b[39m\n              \u001b[36m>\u001b[39m\n                \u001b[36m<button\u001b[39m\n                  \u001b[33mclass\u001b[39m=\u001b[32m\"w-full flex justify-center py-2 px-4 border border-transparent rounded-md shadow-sm text-sm font-medium text-white bg-blue-600 hover:bg-blue-700 focus:outline-none focus:ring-2 focus:ring-offset-2 focus:ring-blue-500\"\u001b[39m\n                \u001b[36m>\u001b[39m\n                  \u001b[0mSet up authenticator app\u001b[0m\n                \u001b[36m</button>\u001b[39m\n                \u001b[36m<button\u001b[39m\n                  \u001b[33mclass\u001b[39m=\u001b[32m\"w-full flex justify-center py-2 px-4 border border-gray-300 rounded-md shadow-sm text-sm font-medium text-gray-700 bg-white hover:bg-gray-50 focus:outline-none focus:ring-2 focus:ring-offset-2 focus:ring-blue-500\"\u001b[39m\n                \u001b[36m>\u001b[39m\n                  \u001b[0mSet up SMS verification\u001b[0m\n                \u001b[36m</button>\u001b[39m\n              \u001b[36m</div>\u001b[39m\n            \u001b[36m</div>\u001b[39m\n          \u001b[36m</div>\u001b[39m\n        \u001b[36m</div>\u001b[39m\n      \u001b[36m</div>\u001b[39m\n    \u001b[36m</div>\u001b[39m\n  \u001b[36m</div>\u001b[39m\n\u001b[36m</body>\u001b[39m\n    at waitForWrapper (/Users/reeceharding/Gauntlet/New Scrapin'/node_modules/@testing-library/dom/dist/wait-for.js:163:27)\n    at Object.<anonymous> (/Users/reeceharding/Gauntlet/New Scrapin'/src/tests/pages/auth/two-factor.test.tsx:347:20)"],"fullName":"TwoFactorSettings SMS Setup displays error message on SMS setup failure","invocations":1,"location":null,"numPassingAsserts":2,"retryReasons":[],"status":"failed","title":"displays error message on SMS setup failure"}],"endTime":1738591998923,"message":"\u001b[1m\u001b[31m  \u001b[1m● \u001b[22m\u001b[1mTwoFactorSettings › Method Management › allows deleting a 2FA method\u001b[39m\u001b[22m\n\n    Unable to find an element with the text: Authenticator App. This could be because the text is broken up by multiple elements. In this case, you can provide a function for your text matcher to make your matcher more flexible.\n\n    Ignored nodes: comments, script, style\n    \u001b[36m<body>\u001b[39m\n      \u001b[36m<div>\u001b[39m\n        \u001b[36m<div\u001b[39m\n          \u001b[33mclass\u001b[39m=\u001b[32m\"min-h-screen bg-gray-50 py-12 px-4 sm:px-6 lg:px-8\"\u001b[39m\n        \u001b[36m>\u001b[39m\n          \u001b[36m<div\u001b[39m\n            \u001b[33mclass\u001b[39m=\u001b[32m\"max-w-3xl mx-auto\"\u001b[39m\n          \u001b[36m>\u001b[39m\n            \u001b[36m<div\u001b[39m\n              \u001b[33mclass\u001b[39m=\u001b[32m\"bg-white shadow sm:rounded-lg\"\u001b[39m\n            \u001b[36m>\u001b[39m\n              \u001b[36m<div\u001b[39m\n                \u001b[33mclass\u001b[39m=\u001b[32m\"px-4 py-5 sm:p-6\"\u001b[39m\n              \u001b[36m>\u001b[39m\n                \u001b[36m<h2\u001b[39m\n                  \u001b[33mclass\u001b[39m=\u001b[32m\"text-lg font-medium text-gray-900\"\u001b[39m\n                \u001b[36m>\u001b[39m\n                  \u001b[0mTwo-Factor Authentication\u001b[0m\n                \u001b[36m</h2>\u001b[39m\n                \u001b[36m<div\u001b[39m\n                  \u001b[33mclass\u001b[39m=\u001b[32m\"mt-6\"\u001b[39m\n                \u001b[36m>\u001b[39m\n                  \u001b[36m<h3\u001b[39m\n                    \u001b[33mclass\u001b[39m=\u001b[32m\"text-sm font-medium text-gray-900\"\u001b[39m\n                  \u001b[36m>\u001b[39m\n                    \u001b[0mActive Methods\u001b[0m\n                  \u001b[36m</h3>\u001b[39m\n                  \u001b[36m<p\u001b[39m\n                    \u001b[33mclass\u001b[39m=\u001b[32m\"mt-2 text-sm text-gray-500\"\u001b[39m\n                  \u001b[36m>\u001b[39m\n                    \u001b[0mNo two-factor authentication methods configured.\u001b[0m\n                  \u001b[36m</p>\u001b[39m\n                \u001b[36m</div>\u001b[39m\n                \u001b[36m<div\u001b[39m\n                  \u001b[33mclass\u001b[39m=\u001b[32m\"mt-6\"\u001b[39m\n                \u001b[36m>\u001b[39m\n                  \u001b[36m<h3\u001b[39m\n                    \u001b[33mclass\u001b[39m=\u001b[32m\"text-sm font-medium text-gray-900\"\u001b[39m\n                  \u001b[36m>\u001b[39m\n                    \u001b[0mAdd New Method\u001b[0m\n                  \u001b[36m</h3>\u001b[39m\n                  \u001b[36m<div\u001b[39m\n                    \u001b[33mclass\u001b[39m=\u001b[32m\"mt-4 space-y-4\"\u001b[39m\n                  \u001b[36m>\u001b[39m\n                    \u001b[36m<button\u001b[39m\n                      \u001b[33mclass\u001b[39m=\u001b[32m\"w-full flex justify-center py-2 px-4 border border-transparent rounded-md shadow-sm text-sm font-medium text-white bg-blue-600 hover:bg-blue-700 focus:outline-none focus:ring-2 focus:ring-offset-2 focus:ring-blue-500\"\u001b[39m\n                    \u001b[36m>\u001b[39m\n                      \u001b[0mSet up authenticator app\u001b[0m\n                    \u001b[36m</button>\u001b[39m\n                    \u001b[36m<button\u001b[39m\n                      \u001b[33mclass\u001b[39m=\u001b[32m\"w-full flex justify-center py-2 px-4 border border-gray-300 rounded-md shadow-sm text-sm font-medium text-gray-700 bg-white hover:bg-gray-50 focus:outline-none focus:ring-2 focus:ring-offset-2 focus:ring-blue-500\"\u001b[39m\n                    \u001b[36m>\u001b[39m\n                      \u001b[0mSet up SMS verification\u001b[0m\n                    \u001b[36m</button>\u001b[39m\n                  \u001b[36m</div>\u001b[39m\n                \u001b[36m</div>\u001b[39m\n              \u001b[36m</div>\u001b[39m\n            \u001b[36m</div>\u001b[39m\n          \u001b[36m</div>\u001b[39m\n        \u001b[36m</div>\u001b[39m\n      \u001b[36m</div>\u001b[39m\n    \u001b[36m</body>\u001b[39m\n\u001b[2m\u001b[22m\n\u001b[2m    \u001b[0m \u001b[90m 108 |\u001b[39m       \u001b[22m\n\u001b[2m     \u001b[90m 109 |\u001b[39m       \u001b[90m// Wait for loading to finish and methods to appear\u001b[39m\u001b[22m\n\u001b[2m    \u001b[31m\u001b[1m>\u001b[22m\u001b[2m\u001b[39m\u001b[90m 110 |\u001b[39m       \u001b[36mawait\u001b[39m waitFor(() \u001b[33m=>\u001b[39m {\u001b[22m\n\u001b[2m     \u001b[90m     |\u001b[39m                    \u001b[31m\u001b[1m^\u001b[22m\u001b[2m\u001b[39m\u001b[22m\n\u001b[2m     \u001b[90m 111 |\u001b[39m         expect(screen\u001b[33m.\u001b[39mqueryByRole(\u001b[32m'status'\u001b[39m))\u001b[33m.\u001b[39mnot\u001b[33m.\u001b[39mtoBeInTheDocument()\u001b[33m;\u001b[39m\u001b[22m\n\u001b[2m     \u001b[90m 112 |\u001b[39m         expect(screen\u001b[33m.\u001b[39mgetByText(\u001b[32m'Authenticator App'\u001b[39m))\u001b[33m.\u001b[39mtoBeInTheDocument()\u001b[33m;\u001b[39m\u001b[22m\n\u001b[2m     \u001b[90m 113 |\u001b[39m         expect(screen\u001b[33m.\u001b[39mgetByText(\u001b[32m'Test Device'\u001b[39m))\u001b[33m.\u001b[39mtoBeInTheDocument()\u001b[33m;\u001b[39m\u001b[0m\u001b[22m\n\u001b[2m\u001b[22m\n\u001b[2m      \u001b[2mat waitForWrapper (\u001b[22m\u001b[2mnode_modules/@testing-library/dom/dist/wait-for.js\u001b[2m:163:27)\u001b[22m\u001b[2m\u001b[22m\n\u001b[2m      \u001b[2mat Object.<anonymous> (\u001b[22m\u001b[2m\u001b[0m\u001b[36msrc/tests/pages/auth/two-factor.test.tsx\u001b[39m\u001b[0m\u001b[2m:110:20)\u001b[22m\u001b[2m\u001b[22m\n\n\u001b[1m\u001b[31m  \u001b[1m● \u001b[22m\u001b[1mTwoFactorSettings › Method Management › displays error message on delete failure\u001b[39m\u001b[22m\n\n    Unable to find an element with the text: Authenticator App. This could be because the text is broken up by multiple elements. In this case, you can provide a function for your text matcher to make your matcher more flexible.\n\n    Ignored nodes: comments, script, style\n    \u001b[36m<body>\u001b[39m\n      \u001b[36m<div>\u001b[39m\n        \u001b[36m<div\u001b[39m\n          \u001b[33mclass\u001b[39m=\u001b[32m\"min-h-screen bg-gray-50 py-12 px-4 sm:px-6 lg:px-8\"\u001b[39m\n        \u001b[36m>\u001b[39m\n          \u001b[36m<div\u001b[39m\n            \u001b[33mclass\u001b[39m=\u001b[32m\"max-w-3xl mx-auto\"\u001b[39m\n          \u001b[36m>\u001b[39m\n            \u001b[36m<div\u001b[39m\n              \u001b[33mclass\u001b[39m=\u001b[32m\"bg-white shadow sm:rounded-lg\"\u001b[39m\n            \u001b[36m>\u001b[39m\n              \u001b[36m<div\u001b[39m\n                \u001b[33mclass\u001b[39m=\u001b[32m\"px-4 py-5 sm:p-6\"\u001b[39m\n              \u001b[36m>\u001b[39m\n                \u001b[36m<h2\u001b[39m\n                  \u001b[33mclass\u001b[39m=\u001b[32m\"text-lg font-medium text-gray-900\"\u001b[39m\n                \u001b[36m>\u001b[39m\n                  \u001b[0mTwo-Factor Authentication\u001b[0m\n                \u001b[36m</h2>\u001b[39m\n                \u001b[36m<div\u001b[39m\n                  \u001b[33mclass\u001b[39m=\u001b[32m\"mt-6\"\u001b[39m\n                \u001b[36m>\u001b[39m\n                  \u001b[36m<h3\u001b[39m\n                    \u001b[33mclass\u001b[39m=\u001b[32m\"text-sm font-medium text-gray-900\"\u001b[39m\n                  \u001b[36m>\u001b[39m\n                    \u001b[0mActive Methods\u001b[0m\n                  \u001b[36m</h3>\u001b[39m\n                  \u001b[36m<p\u001b[39m\n                    \u001b[33mclass\u001b[39m=\u001b[32m\"mt-2 text-sm text-gray-500\"\u001b[39m\n                  \u001b[36m>\u001b[39m\n                    \u001b[0mNo two-factor authentication methods configured.\u001b[0m\n                  \u001b[36m</p>\u001b[39m\n                \u001b[36m</div>\u001b[39m\n                \u001b[36m<div\u001b[39m\n                  \u001b[33mclass\u001b[39m=\u001b[32m\"mt-6\"\u001b[39m\n                \u001b[36m>\u001b[39m\n                  \u001b[36m<h3\u001b[39m\n                    \u001b[33mclass\u001b[39m=\u001b[32m\"text-sm font-medium text-gray-900\"\u001b[39m\n                  \u001b[36m>\u001b[39m\n                    \u001b[0mAdd New Method\u001b[0m\n                  \u001b[36m</h3>\u001b[39m\n                  \u001b[36m<div\u001b[39m\n                    \u001b[33mclass\u001b[39m=\u001b[32m\"mt-4 space-y-4\"\u001b[39m\n                  \u001b[36m>\u001b[39m\n                    \u001b[36m<button\u001b[39m\n                      \u001b[33mclass\u001b[39m=\u001b[32m\"w-full flex justify-center py-2 px-4 border border-transparent rounded-md shadow-sm text-sm font-medium text-white bg-blue-600 hover:bg-blue-700 focus:outline-none focus:ring-2 focus:ring-offset-2 focus:ring-blue-500\"\u001b[39m\n                    \u001b[36m>\u001b[39m\n                      \u001b[0mSet up authenticator app\u001b[0m\n                    \u001b[36m</button>\u001b[39m\n                    \u001b[36m<button\u001b[39m\n                      \u001b[33mclass\u001b[39m=\u001b[32m\"w-full flex justify-center py-2 px-4 border border-gray-300 rounded-md shadow-sm text-sm font-medium text-gray-700 bg-white hover:bg-gray-50 focus:outline-none focus:ring-2 focus:ring-offset-2 focus:ring-blue-500\"\u001b[39m\n                    \u001b[36m>\u001b[39m\n                      \u001b[0mSet up SMS verification\u001b[0m\n                    \u001b[36m</button>\u001b[39m\n                  \u001b[36m</div>\u001b[39m\n                \u001b[36m</div>\u001b[39m\n              \u001b[36m</div>\u001b[39m\n            \u001b[36m</div>\u001b[39m\n          \u001b[36m</div>\u001b[39m\n        \u001b[36m</div>\u001b[39m\n      \u001b[36m</div>\u001b[39m\n    \u001b[36m</body>\u001b[39m\n\u001b[2m\u001b[22m\n\u001b[2m    \u001b[0m \u001b[90m 143 |\u001b[39m       \u001b[22m\n\u001b[2m     \u001b[90m 144 |\u001b[39m       \u001b[90m// Wait for loading to finish and methods to appear\u001b[39m\u001b[22m\n\u001b[2m    \u001b[31m\u001b[1m>\u001b[22m\u001b[2m\u001b[39m\u001b[90m 145 |\u001b[39m       \u001b[36mawait\u001b[39m waitFor(() \u001b[33m=>\u001b[39m {\u001b[22m\n\u001b[2m     \u001b[90m     |\u001b[39m                    \u001b[31m\u001b[1m^\u001b[22m\u001b[2m\u001b[39m\u001b[22m\n\u001b[2m     \u001b[90m 146 |\u001b[39m         expect(screen\u001b[33m.\u001b[39mqueryByRole(\u001b[32m'status'\u001b[39m))\u001b[33m.\u001b[39mnot\u001b[33m.\u001b[39mtoBeInTheDocument()\u001b[33m;\u001b[39m\u001b[22m\n\u001b[2m     \u001b[90m 147 |\u001b[39m         expect(screen\u001b[33m.\u001b[39mgetByText(\u001b[32m'Authenticator App'\u001b[39m))\u001b[33m.\u001b[39mtoBeInTheDocument()\u001b[33m;\u001b[39m\u001b[22m\n\u001b[2m     \u001b[90m 148 |\u001b[39m         expect(screen\u001b[33m.\u001b[39mgetByText(\u001b[32m'Test Device'\u001b[39m))\u001b[33m.\u001b[39mtoBeInTheDocument()\u001b[33m;\u001b[39m\u001b[0m\u001b[22m\n\u001b[2m\u001b[22m\n\u001b[2m      \u001b[2mat waitForWrapper (\u001b[22m\u001b[2mnode_modules/@testing-library/dom/dist/wait-for.js\u001b[2m:163:27)\u001b[22m\u001b[2m\u001b[22m\n\u001b[2m      \u001b[2mat Object.<anonymous> (\u001b[22m\u001b[2m\u001b[0m\u001b[36msrc/tests/pages/auth/two-factor.test.tsx\u001b[39m\u001b[0m\u001b[2m:145:20)\u001b[22m\u001b[2m\u001b[22m\n\n\u001b[1m\u001b[31m  \u001b[1m● \u001b[22m\u001b[1mTwoFactorSettings › TOTP Setup › allows setting up TOTP authentication\u001b[39m\u001b[22m\n\n    \u001b[2mexpect(\u001b[22m\u001b[31mjest.fn()\u001b[39m\u001b[2m).\u001b[22mtoHaveBeenCalledWith\u001b[2m(\u001b[22m\u001b[32m...expected\u001b[39m\u001b[2m)\u001b[22m\n\n    Expected: \u001b[32m\"test-user-id\"\u001b[39m, \u001b[32m\"Test Device\"\u001b[39m, \u001b[32m\"123456\"\u001b[39m\n\n    Number of calls: \u001b[31m0\u001b[39m\n\n    Ignored nodes: comments, script, style\n    \u001b[36m<html>\u001b[39m\n      \u001b[36m<head />\u001b[39m\n      \u001b[36m<body>\u001b[39m\n        \u001b[36m<div>\u001b[39m\n          \u001b[36m<div\u001b[39m\n            \u001b[33mclass\u001b[39m=\u001b[32m\"min-h-screen bg-gray-50 py-12 px-4 sm:px-6 lg:px-8\"\u001b[39m\n          \u001b[36m>\u001b[39m\n            \u001b[36m<div\u001b[39m\n              \u001b[33mclass\u001b[39m=\u001b[32m\"max-w-3xl mx-auto\"\u001b[39m\n            \u001b[36m>\u001b[39m\n              \u001b[36m<div\u001b[39m\n                \u001b[33mclass\u001b[39m=\u001b[32m\"bg-white shadow sm:rounded-lg\"\u001b[39m\n              \u001b[36m>\u001b[39m\n                \u001b[36m<div\u001b[39m\n                  \u001b[33mclass\u001b[39m=\u001b[32m\"px-4 py-5 sm:p-6\"\u001b[39m\n                \u001b[36m>\u001b[39m\n                  \u001b[36m<h2\u001b[39m\n                    \u001b[33mclass\u001b[39m=\u001b[32m\"text-lg font-medium text-gray-900\"\u001b[39m\n                  \u001b[36m>\u001b[39m\n                    \u001b[0mTwo-Factor Authentication\u001b[0m\n                  \u001b[36m</h2>\u001b[39m\n                  \u001b[36m<div\u001b[39m\n                    \u001b[33mclass\u001b[39m=\u001b[32m\"mt-6\"\u001b[39m\n                  \u001b[36m>\u001b[39m\n                    \u001b[36m<h3\u001b[39m\n                      \u001b[33mclass\u001b[39m=\u001b[32m\"text-sm font-medium text-gray-900\"\u001b[39m\n                    \u001b[36m>\u001b[39m\n                      \u001b[0mActive Methods\u001b[0m\n                    \u001b[36m</h3>\u001b[39m\n                    \u001b[36m<p\u001b[39m\n                      \u001b[33mclass\u001b[39m=\u001b[32m\"mt-2 text-sm text-gray-500\"\u001b[39m\n                    \u001b[36m>\u001b[39m\n                      \u001b[0mNo two-factor authentication methods configured.\u001b[0m\n                    \u001b[36m</p>\u001b[39m\n                  \u001b[36m</div>\u001b[39m\n                  \u001b[36m<div\u001b[39m\n                    \u001b[33mclass\u001b[39m=\u001b[32m\"mt-6\"\u001b[39m\n                  \u001b[36m>\u001b[39m\n                    \u001b[36m<h3\u001b[39m\n                      \u001b[33mclass\u001b[39m=\u001b[32m\"text-sm font-medium text-gray-900\"\u001b[39m\n                    \u001b[36m>\u001b[39m\n                      \u001b[0mAdd New Method\u001b[0m\n                    \u001b[36m</h3>\u001b[39m\n                    \u001b[36m<div\u001b[39m\n                      \u001b[33mclass\u001b[39m=\u001b[32m\"mt-4 space-y-4\"\u001b[39m\n                    \u001b[36m>\u001b[39m\n                      \u001b[36m<button\u001b[39m\n                        \u001b[33mclass\u001b[39m=\u001b[32m\"w-full flex justify-center py-2 px-4 border border-transparent rounded-md shadow-sm text-sm font-medium text-white bg-blue-600 hover:bg-blue-700 focus:outline-none focus:ring-2 focus:ring-offset-2 focus:ring-blue-500\"\u001b[39m\n                      \u001b[36m>\u001b[39m\n                        \u001b[0mSet up authenticator app\u001b[0m\n                      \u001b[36m</button>\u001b[39m\n                      \u001b[36m<button\u001b[39m\n                        \u001b[33mclass\u001b[39m=\u001b[32m\"w-full flex justify-center py-2 px-4 border border-gray-300 rounded-md shadow-sm text-sm font-medium text-gray-700 bg-white hover:bg-gray-50 focus:outline-none focus:ring-2 focus:ring-offset-2 focus:ring-blue-500\"\u001b[39m\n                      \u001b[36m>\u001b[39m\n                        \u001b[0mSet up SMS verification\u001b[0m\n                      \u001b[36m</button>\u001b[39m\n                    \u001b[36m</div>\u001b[39m\n                  \u001b[36m</div>\u001b[39m\n                \u001b[36m</div>\u001b[39m\n              \u001b[36m</div>\u001b[39m\n            \u001b[36m</div>\u001b[39m\n          \u001b[36m</div>\u001b[39m\n        \u001b[36m</div>\u001b[39m\n      \u001b[36m</body>\u001b[39m\n    \u001b[36m</html>\u001b[39m\n\u001b[2m\u001b[22m\n\u001b[2m    \u001b[0m \u001b[90m 205 |\u001b[39m\u001b[22m\n\u001b[2m     \u001b[90m 206 |\u001b[39m       \u001b[36mawait\u001b[39m waitFor(() \u001b[33m=>\u001b[39m {\u001b[22m\n\u001b[2m    \u001b[31m\u001b[1m>\u001b[22m\u001b[2m\u001b[39m\u001b[90m 207 |\u001b[39m         expect(mockTwoFactorService\u001b[33m.\u001b[39mverifyTOTP)\u001b[33m.\u001b[39mtoHaveBeenCalledWith(\u001b[32m'test-user-id'\u001b[39m\u001b[33m,\u001b[39m \u001b[32m'Test Device'\u001b[39m\u001b[33m,\u001b[39m \u001b[32m'123456'\u001b[39m)\u001b[33m;\u001b[39m\u001b[22m\n\u001b[2m     \u001b[90m     |\u001b[39m                                                 \u001b[31m\u001b[1m^\u001b[22m\u001b[2m\u001b[39m\u001b[22m\n\u001b[2m     \u001b[90m 208 |\u001b[39m         expect(screen\u001b[33m.\u001b[39mqueryByText(\u001b[32m'Failed to verify setup. Please try again.'\u001b[39m))\u001b[33m.\u001b[39mnot\u001b[33m.\u001b[39mtoBeInTheDocument()\u001b[33m;\u001b[39m\u001b[22m\n\u001b[2m     \u001b[90m 209 |\u001b[39m       })\u001b[33m;\u001b[39m\u001b[22m\n\u001b[2m     \u001b[90m 210 |\u001b[39m     })\u001b[33m;\u001b[39m\u001b[0m\u001b[22m\n\u001b[2m\u001b[22m\n\u001b[2m      \u001b[2mat toHaveBeenCalledWith (\u001b[22m\u001b[2m\u001b[0m\u001b[36msrc/tests/pages/auth/two-factor.test.tsx\u001b[39m\u001b[0m\u001b[2m:207:49)\u001b[22m\u001b[2m\u001b[22m\n\u001b[2m      \u001b[2mat runWithExpensiveErrorDiagnosticsDisabled (\u001b[22m\u001b[2mnode_modules/@testing-library/dom/dist/config.js\u001b[2m:47:12)\u001b[22m\u001b[2m\u001b[22m\n\u001b[2m      \u001b[2mat checkCallback (\u001b[22m\u001b[2mnode_modules/@testing-library/dom/dist/wait-for.js\u001b[2m:124:77)\u001b[22m\u001b[2m\u001b[22m\n\u001b[2m      \u001b[2mat checkRealTimersCallback (\u001b[22m\u001b[2mnode_modules/@testing-library/dom/dist/wait-for.js\u001b[2m:118:16)\u001b[22m\u001b[2m\u001b[22m\n\u001b[2m      \u001b[2mat Timeout.task [as _onTimeout] (\u001b[22m\u001b[2mnode_modules/jsdom/lib/jsdom/browser/Window.js\u001b[2m:520:19)\u001b[22m\u001b[2m\u001b[22m\n\n\u001b[1m\u001b[31m  \u001b[1m● \u001b[22m\u001b[1mTwoFactorSettings › TOTP Setup › displays error message on TOTP setup failure\u001b[39m\u001b[22m\n\n    Unable to find role=\"alert\"\n\n    Ignored nodes: comments, script, style\n    \u001b[36m<body>\u001b[39m\n      \u001b[36m<div>\u001b[39m\n        \u001b[36m<div\u001b[39m\n          \u001b[33mclass\u001b[39m=\u001b[32m\"min-h-screen bg-gray-50 py-12 px-4 sm:px-6 lg:px-8\"\u001b[39m\n        \u001b[36m>\u001b[39m\n          \u001b[36m<div\u001b[39m\n            \u001b[33mclass\u001b[39m=\u001b[32m\"max-w-3xl mx-auto\"\u001b[39m\n          \u001b[36m>\u001b[39m\n            \u001b[36m<div\u001b[39m\n              \u001b[33mclass\u001b[39m=\u001b[32m\"bg-white shadow sm:rounded-lg\"\u001b[39m\n            \u001b[36m>\u001b[39m\n              \u001b[36m<div\u001b[39m\n                \u001b[33mclass\u001b[39m=\u001b[32m\"px-4 py-5 sm:p-6\"\u001b[39m\n              \u001b[36m>\u001b[39m\n                \u001b[36m<h2\u001b[39m\n                  \u001b[33mclass\u001b[39m=\u001b[32m\"text-lg font-medium text-gray-900\"\u001b[39m\n                \u001b[36m>\u001b[39m\n                  \u001b[0mTwo-Factor Authentication\u001b[0m\n                \u001b[36m</h2>\u001b[39m\n                \u001b[36m<div\u001b[39m\n                  \u001b[33mclass\u001b[39m=\u001b[32m\"mt-6\"\u001b[39m\n                \u001b[36m>\u001b[39m\n                  \u001b[36m<h3\u001b[39m\n                    \u001b[33mclass\u001b[39m=\u001b[32m\"text-sm font-medium text-gray-900\"\u001b[39m\n                  \u001b[36m>\u001b[39m\n                    \u001b[0mActive Methods\u001b[0m\n                  \u001b[36m</h3>\u001b[39m\n                  \u001b[36m<p\u001b[39m\n                    \u001b[33mclass\u001b[39m=\u001b[32m\"mt-2 text-sm text-gray-500\"\u001b[39m\n                  \u001b[36m>\u001b[39m\n                    \u001b[0mNo two-factor authentication methods configured.\u001b[0m\n                  \u001b[36m</p>\u001b[39m\n                \u001b[36m</div>\u001b[39m\n                \u001b[36m<div\u001b[39m\n                  \u001b[33mclass\u001b[39m=\u001b[32m\"mt-6\"\u001b[39m\n                \u001b[36m>\u001b[39m\n                  \u001b[36m<h3\u001b[39m\n                    \u001b[33mclass\u001b[39m=\u001b[32m\"text-sm font-medium text-gray-900\"\u001b[39m\n                  \u001b[36m>\u001b[39m\n                    \u001b[0mAdd New Method\u001b[0m\n                  \u001b[36m</h3>\u001b[39m\n                  \u001b[36m<div\u001b[39m\n                    \u001b[33mclass\u001b[39m=\u001b[32m\"mt-4 space-y-4\"\u001b[39m\n                  \u001b[36m>\u001b[39m\n                    \u001b[36m<button\u001b[39m\n                      \u001b[33mclass\u001b[39m=\u001b[32m\"w-full flex justify-center py-2 px-4 border border-transparent rounded-md shadow-sm text-sm font-medium text-white bg-blue-600 hover:bg-blue-700 focus:outline-none focus:ring-2 focus:ring-offset-2 focus:ring-blue-500\"\u001b[39m\n                    \u001b[36m>\u001b[39m\n                      \u001b[0mSet up authenticator app\u001b[0m\n                    \u001b[36m</button>\u001b[39m\n                    \u001b[36m<button\u001b[39m\n                      \u001b[33mclass\u001b[39m=\u001b[32m\"w-full flex justify-center py-2 px-4 border border-gray-300 rounded-md shadow-sm text-sm font-medium text-gray-700 bg-white hover:bg-gray-50 focus:outline-none focus:ring-2 focus:ring-offset-2 focus:ring-blue-500\"\u001b[39m\n                    \u001b[36m>\u001b[39m\n                      \u001b[0mSet up SMS verification\u001b[0m\n                    \u001b[36m</button>\u001b[39m\n                  \u001b[36m</div>\u001b[39m\n                \u001b[36m</div>\u001b[39m\n              \u001b[36m</div>\u001b[39m\n            \u001b[36m</div>\u001b[39m\n          \u001b[36m</div>\u001b[39m\n        \u001b[36m</div>\u001b[39m\n      \u001b[36m</div>\u001b[39m\n    \u001b[36m</body>\u001b[39m\n\u001b[2m\u001b[22m\n\u001b[2m    \u001b[0m \u001b[90m 254 |\u001b[39m       fireEvent\u001b[33m.\u001b[39mclick(verifyButton)\u001b[33m;\u001b[39m\u001b[22m\n\u001b[2m     \u001b[90m 255 |\u001b[39m\u001b[22m\n\u001b[2m    \u001b[31m\u001b[1m>\u001b[22m\u001b[2m\u001b[39m\u001b[90m 256 |\u001b[39m       \u001b[36mawait\u001b[39m waitFor(() \u001b[33m=>\u001b[39m {\u001b[22m\n\u001b[2m     \u001b[90m     |\u001b[39m                    \u001b[31m\u001b[1m^\u001b[22m\u001b[2m\u001b[39m\u001b[22m\n\u001b[2m     \u001b[90m 257 |\u001b[39m         expect(screen\u001b[33m.\u001b[39mgetByRole(\u001b[32m'alert'\u001b[39m))\u001b[33m.\u001b[39mtoHaveTextContent(\u001b[32m'Failed to verify setup. Please try again.'\u001b[39m)\u001b[33m;\u001b[39m\u001b[22m\n\u001b[2m     \u001b[90m 258 |\u001b[39m       })\u001b[33m;\u001b[39m\u001b[22m\n\u001b[2m     \u001b[90m 259 |\u001b[39m     })\u001b[33m;\u001b[39m\u001b[0m\u001b[22m\n\u001b[2m\u001b[22m\n\u001b[2m      \u001b[2mat waitForWrapper (\u001b[22m\u001b[2mnode_modules/@testing-library/dom/dist/wait-for.js\u001b[2m:163:27)\u001b[22m\u001b[2m\u001b[22m\n\u001b[2m      \u001b[2mat Object.<anonymous> (\u001b[22m\u001b[2m\u001b[0m\u001b[36msrc/tests/pages/auth/two-factor.test.tsx\u001b[39m\u001b[0m\u001b[2m:256:20)\u001b[22m\u001b[2m\u001b[22m\n\n\u001b[1m\u001b[31m  \u001b[1m● \u001b[22m\u001b[1mTwoFactorSettings › SMS Setup › allows setting up SMS verification\u001b[39m\u001b[22m\n\n    \u001b[2mexpect(\u001b[22m\u001b[31mjest.fn()\u001b[39m\u001b[2m).\u001b[22mtoHaveBeenCalledWith\u001b[2m(\u001b[22m\u001b[32m...expected\u001b[39m\u001b[2m)\u001b[22m\n\n    Expected: \u001b[32m\"test-user-id\"\u001b[39m, \u001b[32m\"+1234567890\"\u001b[39m, \u001b[32m\"123456\"\u001b[39m\n\n    Number of calls: \u001b[31m0\u001b[39m\n\n    Ignored nodes: comments, script, style\n    \u001b[36m<html>\u001b[39m\n      \u001b[36m<head />\u001b[39m\n      \u001b[36m<body>\u001b[39m\n        \u001b[36m<div>\u001b[39m\n          \u001b[36m<div\u001b[39m\n            \u001b[33mclass\u001b[39m=\u001b[32m\"min-h-screen bg-gray-50 py-12 px-4 sm:px-6 lg:px-8\"\u001b[39m\n          \u001b[36m>\u001b[39m\n            \u001b[36m<div\u001b[39m\n              \u001b[33mclass\u001b[39m=\u001b[32m\"max-w-3xl mx-auto\"\u001b[39m\n            \u001b[36m>\u001b[39m\n              \u001b[36m<div\u001b[39m\n                \u001b[33mclass\u001b[39m=\u001b[32m\"bg-white shadow sm:rounded-lg\"\u001b[39m\n              \u001b[36m>\u001b[39m\n                \u001b[36m<div\u001b[39m\n                  \u001b[33mclass\u001b[39m=\u001b[32m\"px-4 py-5 sm:p-6\"\u001b[39m\n                \u001b[36m>\u001b[39m\n                  \u001b[36m<h2\u001b[39m\n                    \u001b[33mclass\u001b[39m=\u001b[32m\"text-lg font-medium text-gray-900\"\u001b[39m\n                  \u001b[36m>\u001b[39m\n                    \u001b[0mTwo-Factor Authentication\u001b[0m\n                  \u001b[36m</h2>\u001b[39m\n                  \u001b[36m<div\u001b[39m\n                    \u001b[33mclass\u001b[39m=\u001b[32m\"mt-6\"\u001b[39m\n                  \u001b[36m>\u001b[39m\n                    \u001b[36m<h3\u001b[39m\n                      \u001b[33mclass\u001b[39m=\u001b[32m\"text-sm font-medium text-gray-900\"\u001b[39m\n                    \u001b[36m>\u001b[39m\n                      \u001b[0mActive Methods\u001b[0m\n                    \u001b[36m</h3>\u001b[39m\n                    \u001b[36m<p\u001b[39m\n                      \u001b[33mclass\u001b[39m=\u001b[32m\"mt-2 text-sm text-gray-500\"\u001b[39m\n                    \u001b[36m>\u001b[39m\n                      \u001b[0mNo two-factor authentication methods configured.\u001b[0m\n                    \u001b[36m</p>\u001b[39m\n                  \u001b[36m</div>\u001b[39m\n                  \u001b[36m<div\u001b[39m\n                    \u001b[33mclass\u001b[39m=\u001b[32m\"mt-6\"\u001b[39m\n                  \u001b[36m>\u001b[39m\n                    \u001b[36m<h3\u001b[39m\n                      \u001b[33mclass\u001b[39m=\u001b[32m\"text-sm font-medium text-gray-900\"\u001b[39m\n                    \u001b[36m>\u001b[39m\n                      \u001b[0mAdd New Method\u001b[0m\n                    \u001b[36m</h3>\u001b[39m\n                    \u001b[36m<div\u001b[39m\n                      \u001b[33mclass\u001b[39m=\u001b[32m\"mt-4 space-y-4\"\u001b[39m\n                    \u001b[36m>\u001b[39m\n                      \u001b[36m<button\u001b[39m\n                        \u001b[33mclass\u001b[39m=\u001b[32m\"w-full flex justify-center py-2 px-4 border border-transparent rounded-md shadow-sm text-sm font-medium text-white bg-blue-600 hover:bg-blue-700 focus:outline-none focus:ring-2 focus:ring-offset-2 focus:ring-blue-500\"\u001b[39m\n                      \u001b[36m>\u001b[39m\n                        \u001b[0mSet up authenticator app\u001b[0m\n                      \u001b[36m</button>\u001b[39m\n                      \u001b[36m<button\u001b[39m\n                        \u001b[33mclass\u001b[39m=\u001b[32m\"w-full flex justify-center py-2 px-4 border border-gray-300 rounded-md shadow-sm text-sm font-medium text-gray-700 bg-white hover:bg-gray-50 focus:outline-none focus:ring-2 focus:ring-offset-2 focus:ring-blue-500\"\u001b[39m\n                      \u001b[36m>\u001b[39m\n                        \u001b[0mSet up SMS verification\u001b[0m\n                      \u001b[36m</button>\u001b[39m\n                    \u001b[36m</div>\u001b[39m\n                  \u001b[36m</div>\u001b[39m\n                \u001b[36m</div>\u001b[39m\n              \u001b[36m</div>\u001b[39m\n            \u001b[36m</div>\u001b[39m\n          \u001b[36m</div>\u001b[39m\n        \u001b[36m</div>\u001b[39m\n      \u001b[36m</body>\u001b[39m\n    \u001b[36m</html>\u001b[39m\n\u001b[2m\u001b[22m\n\u001b[2m    \u001b[0m \u001b[90m 301 |\u001b[39m\u001b[22m\n\u001b[2m     \u001b[90m 302 |\u001b[39m       \u001b[36mawait\u001b[39m waitFor(() \u001b[33m=>\u001b[39m {\u001b[22m\n\u001b[2m    \u001b[31m\u001b[1m>\u001b[22m\u001b[2m\u001b[39m\u001b[90m 303 |\u001b[39m         expect(mockTwoFactorService\u001b[33m.\u001b[39mverifySMS)\u001b[33m.\u001b[39mtoHaveBeenCalledWith(\u001b[32m'test-user-id'\u001b[39m\u001b[33m,\u001b[39m \u001b[32m'+1234567890'\u001b[39m\u001b[33m,\u001b[39m \u001b[32m'123456'\u001b[39m)\u001b[33m;\u001b[39m\u001b[22m\n\u001b[2m     \u001b[90m     |\u001b[39m                                                \u001b[31m\u001b[1m^\u001b[22m\u001b[2m\u001b[39m\u001b[22m\n\u001b[2m     \u001b[90m 304 |\u001b[39m         expect(screen\u001b[33m.\u001b[39mqueryByText(\u001b[32m'Failed to verify setup. Please try again.'\u001b[39m))\u001b[33m.\u001b[39mnot\u001b[33m.\u001b[39mtoBeInTheDocument()\u001b[33m;\u001b[39m\u001b[22m\n\u001b[2m     \u001b[90m 305 |\u001b[39m       })\u001b[33m;\u001b[39m\u001b[22m\n\u001b[2m     \u001b[90m 306 |\u001b[39m     })\u001b[33m;\u001b[39m\u001b[0m\u001b[22m\n\u001b[2m\u001b[22m\n\u001b[2m      \u001b[2mat toHaveBeenCalledWith (\u001b[22m\u001b[2m\u001b[0m\u001b[36msrc/tests/pages/auth/two-factor.test.tsx\u001b[39m\u001b[0m\u001b[2m:303:48)\u001b[22m\u001b[2m\u001b[22m\n\u001b[2m      \u001b[2mat runWithExpensiveErrorDiagnosticsDisabled (\u001b[22m\u001b[2mnode_modules/@testing-library/dom/dist/config.js\u001b[2m:47:12)\u001b[22m\u001b[2m\u001b[22m\n\u001b[2m      \u001b[2mat checkCallback (\u001b[22m\u001b[2mnode_modules/@testing-library/dom/dist/wait-for.js\u001b[2m:124:77)\u001b[22m\u001b[2m\u001b[22m\n\u001b[2m      \u001b[2mat checkRealTimersCallback (\u001b[22m\u001b[2mnode_modules/@testing-library/dom/dist/wait-for.js\u001b[2m:118:16)\u001b[22m\u001b[2m\u001b[22m\n\u001b[2m      \u001b[2mat Timeout.task [as _onTimeout] (\u001b[22m\u001b[2mnode_modules/jsdom/lib/jsdom/browser/Window.js\u001b[2m:520:19)\u001b[22m\u001b[2m\u001b[22m\n\n\u001b[1m\u001b[31m  \u001b[1m● \u001b[22m\u001b[1mTwoFactorSettings › SMS Setup › displays error message on SMS setup failure\u001b[39m\u001b[22m\n\n    Unable to find role=\"alert\"\n\n    Ignored nodes: comments, script, style\n    \u001b[36m<body>\u001b[39m\n      \u001b[36m<div>\u001b[39m\n        \u001b[36m<div\u001b[39m\n          \u001b[33mclass\u001b[39m=\u001b[32m\"min-h-screen bg-gray-50 py-12 px-4 sm:px-6 lg:px-8\"\u001b[39m\n        \u001b[36m>\u001b[39m\n          \u001b[36m<div\u001b[39m\n            \u001b[33mclass\u001b[39m=\u001b[32m\"max-w-3xl mx-auto\"\u001b[39m\n          \u001b[36m>\u001b[39m\n            \u001b[36m<div\u001b[39m\n              \u001b[33mclass\u001b[39m=\u001b[32m\"bg-white shadow sm:rounded-lg\"\u001b[39m\n            \u001b[36m>\u001b[39m\n              \u001b[36m<div\u001b[39m\n                \u001b[33mclass\u001b[39m=\u001b[32m\"px-4 py-5 sm:p-6\"\u001b[39m\n              \u001b[36m>\u001b[39m\n                \u001b[36m<h2\u001b[39m\n                  \u001b[33mclass\u001b[39m=\u001b[32m\"text-lg font-medium text-gray-900\"\u001b[39m\n                \u001b[36m>\u001b[39m\n                  \u001b[0mTwo-Factor Authentication\u001b[0m\n                \u001b[36m</h2>\u001b[39m\n                \u001b[36m<div\u001b[39m\n                  \u001b[33mclass\u001b[39m=\u001b[32m\"mt-6\"\u001b[39m\n                \u001b[36m>\u001b[39m\n                  \u001b[36m<h3\u001b[39m\n                    \u001b[33mclass\u001b[39m=\u001b[32m\"text-sm font-medium text-gray-900\"\u001b[39m\n                  \u001b[36m>\u001b[39m\n                    \u001b[0mActive Methods\u001b[0m\n                  \u001b[36m</h3>\u001b[39m\n                  \u001b[36m<p\u001b[39m\n                    \u001b[33mclass\u001b[39m=\u001b[32m\"mt-2 text-sm text-gray-500\"\u001b[39m\n                  \u001b[36m>\u001b[39m\n                    \u001b[0mNo two-factor authentication methods configured.\u001b[0m\n                  \u001b[36m</p>\u001b[39m\n                \u001b[36m</div>\u001b[39m\n                \u001b[36m<div\u001b[39m\n                  \u001b[33mclass\u001b[39m=\u001b[32m\"mt-6\"\u001b[39m\n                \u001b[36m>\u001b[39m\n                  \u001b[36m<h3\u001b[39m\n                    \u001b[33mclass\u001b[39m=\u001b[32m\"text-sm font-medium text-gray-900\"\u001b[39m\n                  \u001b[36m>\u001b[39m\n                    \u001b[0mAdd New Method\u001b[0m\n                  \u001b[36m</h3>\u001b[39m\n                  \u001b[36m<div\u001b[39m\n                    \u001b[33mclass\u001b[39m=\u001b[32m\"mt-4 space-y-4\"\u001b[39m\n                  \u001b[36m>\u001b[39m\n                    \u001b[36m<button\u001b[39m\n                      \u001b[33mclass\u001b[39m=\u001b[32m\"w-full flex justify-center py-2 px-4 border border-transparent rounded-md shadow-sm text-sm font-medium text-white bg-blue-600 hover:bg-blue-700 focus:outline-none focus:ring-2 focus:ring-offset-2 focus:ring-blue-500\"\u001b[39m\n                    \u001b[36m>\u001b[39m\n                      \u001b[0mSet up authenticator app\u001b[0m\n                    \u001b[36m</button>\u001b[39m\n                    \u001b[36m<button\u001b[39m\n                      \u001b[33mclass\u001b[39m=\u001b[32m\"w-full flex justify-center py-2 px-4 border border-gray-300 rounded-md shadow-sm text-sm font-medium text-gray-700 bg-white hover:bg-gray-50 focus:outline-none focus:ring-2 focus:ring-offset-2 focus:ring-blue-500\"\u001b[39m\n                    \u001b[36m>\u001b[39m\n                      \u001b[0mSet up SMS verification\u001b[0m\n                    \u001b[36m</button>\u001b[39m\n                  \u001b[36m</div>\u001b[39m\n                \u001b[36m</div>\u001b[39m\n              \u001b[36m</div>\u001b[39m\n            \u001b[36m</div>\u001b[39m\n          \u001b[36m</div>\u001b[39m\n        \u001b[36m</div>\u001b[39m\n      \u001b[36m</div>\u001b[39m\n    \u001b[36m</body>\u001b[39m\n\u001b[2m\u001b[22m\n\u001b[2m    \u001b[0m \u001b[90m 345 |\u001b[39m       fireEvent\u001b[33m.\u001b[39mclick(verifyButton)\u001b[33m;\u001b[39m\u001b[22m\n\u001b[2m     \u001b[90m 346 |\u001b[39m\u001b[22m\n\u001b[2m    \u001b[31m\u001b[1m>\u001b[22m\u001b[2m\u001b[39m\u001b[90m 347 |\u001b[39m       \u001b[36mawait\u001b[39m waitFor(() \u001b[33m=>\u001b[39m {\u001b[22m\n\u001b[2m     \u001b[90m     |\u001b[39m                    \u001b[31m\u001b[1m^\u001b[22m\u001b[2m\u001b[39m\u001b[22m\n\u001b[2m     \u001b[90m 348 |\u001b[39m         expect(screen\u001b[33m.\u001b[39mgetByRole(\u001b[32m'alert'\u001b[39m))\u001b[33m.\u001b[39mtoHaveTextContent(\u001b[32m'Failed to verify setup. Please try again.'\u001b[39m)\u001b[33m;\u001b[39m\u001b[22m\n\u001b[2m     \u001b[90m 349 |\u001b[39m       })\u001b[33m;\u001b[39m\u001b[22m\n\u001b[2m     \u001b[90m 350 |\u001b[39m     })\u001b[33m;\u001b[39m\u001b[0m\u001b[22m\n\u001b[2m\u001b[22m\n\u001b[2m      \u001b[2mat waitForWrapper (\u001b[22m\u001b[2mnode_modules/@testing-library/dom/dist/wait-for.js\u001b[2m:163:27)\u001b[22m\u001b[2m\u001b[22m\n\u001b[2m      \u001b[2mat Object.<anonymous> (\u001b[22m\u001b[2m\u001b[0m\u001b[36msrc/tests/pages/auth/two-factor.test.tsx\u001b[39m\u001b[0m\u001b[2m:347:20)\u001b[22m\u001b[2m\u001b[22m\n","name":"/Users/reeceharding/Gauntlet/New Scrapin'/src/tests/pages/auth/two-factor.test.tsx","startTime":1738591986221,"status":"failed","summary":""},{"assertionResults":[{"ancestorTitles":["Logging Infrastructure"],"duration":516,"failureDetails":[],"failureMessages":[],"fullName":"Logging Infrastructure can write error logs","invocations":1,"location":null,"numPassingAsserts":3,"retryReasons":[],"status":"passed","title":"can write error logs"},{"ancestorTitles":["Logging Infrastructure"],"duration":509,"failureDetails":[],"failureMessages":[],"fullName":"Logging Infrastructure handles file system errors gracefully","invocations":1,"location":null,"numPassingAsserts":1,"retryReasons":[],"status":"passed","title":"handles file system errors gracefully"},{"ancestorTitles":["Logging Infrastructure"],"duration":505,"failureDetails":[],"failureMessages":[],"fullName":"Logging Infrastructure handles log rotation errors gracefully","invocations":1,"location":null,"numPassingAsserts":1,"retryReasons":[],"status":"passed","title":"handles log rotation errors gracefully"},{"ancestorTitles":["Logging Infrastructure"],"duration":517,"failureDetails":[],"failureMessages":[],"fullName":"Logging Infrastructure log file rotation works when file exceeds size limit","invocations":1,"location":null,"numPassingAsserts":2,"retryReasons":[],"status":"passed","title":"log file rotation works when file exceeds size limit"},{"ancestorTitles":["Logging Infrastructure"],"duration":507,"failureDetails":[],"failureMessages":[],"fullName":"Logging Infrastructure alert notifications are triggered","invocations":1,"location":null,"numPassingAsserts":2,"retryReasons":[],"status":"passed","title":"alert notifications are triggered"},{"ancestorTitles":["Logging Infrastructure"],"duration":505,"failureDetails":[],"failureMessages":[],"fullName":"Logging Infrastructure error logs include stack trace","invocations":1,"location":null,"numPassingAsserts":5,"retryReasons":[],"status":"passed","title":"error logs include stack trace"},{"ancestorTitles":["Logging Infrastructure"],"duration":520,"failureDetails":[],"failureMessages":[],"fullName":"Logging Infrastructure log rotation is configured","invocations":1,"location":null,"numPassingAsserts":2,"retryReasons":[],"status":"passed","title":"log rotation is configured"},{"ancestorTitles":["Logging Infrastructure"],"duration":508,"failureDetails":[],"failureMessages":[],"fullName":"Logging Infrastructure can write info logs","invocations":1,"location":null,"numPassingAsserts":4,"retryReasons":[],"status":"passed","title":"can write info logs"},{"ancestorTitles":["Logging Infrastructure"],"duration":505,"failureDetails":[],"failureMessages":[],"fullName":"Logging Infrastructure can write warning logs","invocations":1,"location":null,"numPassingAsserts":4,"retryReasons":[],"status":"passed","title":"can write warning logs"},{"ancestorTitles":["Logging Infrastructure"],"duration":508,"failureDetails":[],"failureMessages":[],"fullName":"Logging Infrastructure can write debug logs","invocations":1,"location":null,"numPassingAsserts":4,"retryReasons":[],"status":"passed","title":"can write debug logs"},{"ancestorTitles":["Logging Infrastructure"],"duration":507,"failureDetails":[],"failureMessages":[],"fullName":"Logging Infrastructure can write error logs with context","invocations":1,"location":null,"numPassingAsserts":6,"retryReasons":[],"status":"passed","title":"can write error logs with context"},{"ancestorTitles":["Logging Infrastructure"],"duration":509,"failureDetails":[{"matcherResult":{"message":"\u001b[2mexpect(\u001b[22m\u001b[31mreceived\u001b[39m\u001b[2m).\u001b[22mtoBeGreaterThan\u001b[2m(\u001b[22m\u001b[32mexpected\u001b[39m\u001b[2m)\u001b[22m\n\nExpected: > \u001b[32m0\u001b[39m\nReceived:   \u001b[31m0\u001b[39m","pass":false}}],"failureMessages":["Error: \u001b[2mexpect(\u001b[22m\u001b[31mreceived\u001b[39m\u001b[2m).\u001b[22mtoBeGreaterThan\u001b[2m(\u001b[22m\u001b[32mexpected\u001b[39m\u001b[2m)\u001b[22m\n\nExpected: > \u001b[32m0\u001b[39m\nReceived:   \u001b[31m0\u001b[39m\n    at Object.toBeGreaterThan (/Users/reeceharding/Gauntlet/New Scrapin'/src/__tests__/logging_infrastructure.test.ts:213:33)"],"fullName":"Logging Infrastructure log rotation works with multiple files","invocations":1,"location":null,"numPassingAsserts":0,"retryReasons":[],"status":"failed","title":"log rotation works with multiple files"},{"ancestorTitles":["Logging Infrastructure"],"duration":509,"failureDetails":[],"failureMessages":[],"fullName":"Logging Infrastructure can write logs with metadata","invocations":1,"location":null,"numPassingAsserts":5,"retryReasons":[],"status":"passed","title":"can write logs with metadata"},{"ancestorTitles":["Logging Infrastructure"],"duration":503,"failureDetails":[],"failureMessages":[],"fullName":"Logging Infrastructure can write logs with error objects","invocations":1,"location":null,"numPassingAsserts":5,"retryReasons":[],"status":"passed","title":"can write logs with error objects"},{"ancestorTitles":["Logging Infrastructure"],"duration":505,"failureDetails":[{"matcherResult":{"message":"\u001b[2mexpect(\u001b[22m\u001b[31mreceived\u001b[39m\u001b[2m).\u001b[22mtoBeDefined\u001b[2m()\u001b[22m\n\nReceived: \u001b[31mundefined\u001b[39m","pass":false}}],"failureMessages":["Error: \u001b[2mexpect(\u001b[22m\u001b[31mreceived\u001b[39m\u001b[2m).\u001b[22mtoBeDefined\u001b[2m()\u001b[22m\n\nReceived: \u001b[31mundefined\u001b[39m\n    at Object.toBeDefined (/Users/reeceharding/Gauntlet/New Scrapin'/src/__tests__/logging_infrastructure.test.ts:261:22)"],"fullName":"Logging Infrastructure handles error threshold monitoring","invocations":1,"location":null,"numPassingAsserts":0,"retryReasons":[],"status":"failed","title":"handles error threshold monitoring"},{"ancestorTitles":["Performance Monitoring"],"duration":505,"failureDetails":[],"failureMessages":[],"fullName":"Performance Monitoring should log performance metrics","invocations":1,"location":null,"numPassingAsserts":3,"retryReasons":[],"status":"passed","title":"should log performance metrics"},{"ancestorTitles":["Alert Notifications"],"duration":510,"failureDetails":[{"matcherResult":{"message":"\u001b[2mexpect(\u001b[22m\u001b[31mreceived\u001b[39m\u001b[2m).\u001b[22mtoBeDefined\u001b[2m()\u001b[22m\n\nReceived: \u001b[31mundefined\u001b[39m","pass":false}}],"failureMessages":["Error: \u001b[2mexpect(\u001b[22m\u001b[31mreceived\u001b[39m\u001b[2m).\u001b[22mtoBeDefined\u001b[2m()\u001b[22m\n\nReceived: \u001b[31mundefined\u001b[39m\n    at Object.toBeDefined (/Users/reeceharding/Gauntlet/New Scrapin'/src/__tests__/logging_infrastructure.test.ts:332:22)"],"fullName":"Alert Notifications should trigger an alert after threshold errors","invocations":1,"location":null,"numPassingAsserts":0,"retryReasons":[],"status":"failed","title":"should trigger an alert after threshold errors"}],"endTime":1738592009218,"message":"\u001b[1m\u001b[31m  \u001b[1m● \u001b[22m\u001b[1mLogging Infrastructure › log rotation works with multiple files\u001b[39m\u001b[22m\n\n    \u001b[2mexpect(\u001b[22m\u001b[31mreceived\u001b[39m\u001b[2m).\u001b[22mtoBeGreaterThan\u001b[2m(\u001b[22m\u001b[32mexpected\u001b[39m\u001b[2m)\u001b[22m\n\n    Expected: > \u001b[32m0\u001b[39m\n    Received:   \u001b[31m0\u001b[39m\n\u001b[2m\u001b[22m\n\u001b[2m    \u001b[0m \u001b[90m 211 |\u001b[39m         file\u001b[33m.\u001b[39mstartsWith(_logPath\u001b[33m.\u001b[39mreplace(\u001b[32m'.log'\u001b[39m\u001b[33m,\u001b[39m \u001b[32m''\u001b[39m)) \u001b[33m&&\u001b[39m file \u001b[33m!==\u001b[39m _logPath\u001b[22m\n\u001b[2m     \u001b[90m 212 |\u001b[39m     )\u001b[22m\n\u001b[2m    \u001b[31m\u001b[1m>\u001b[22m\u001b[2m\u001b[39m\u001b[90m 213 |\u001b[39m     expect(rotatedFiles\u001b[33m.\u001b[39mlength)\u001b[33m.\u001b[39mtoBeGreaterThan(\u001b[35m0\u001b[39m)\u001b[22m\n\u001b[2m     \u001b[90m     |\u001b[39m                                 \u001b[31m\u001b[1m^\u001b[22m\u001b[2m\u001b[39m\u001b[22m\n\u001b[2m     \u001b[90m 214 |\u001b[39m   })\u001b[22m\n\u001b[2m     \u001b[90m 215 |\u001b[39m\u001b[22m\n\u001b[2m     \u001b[90m 216 |\u001b[39m   it(\u001b[32m'can write logs with metadata'\u001b[39m\u001b[33m,\u001b[39m \u001b[36masync\u001b[39m () \u001b[33m=>\u001b[39m {\u001b[0m\u001b[22m\n\u001b[2m\u001b[22m\n\u001b[2m      \u001b[2mat Object.toBeGreaterThan (\u001b[22m\u001b[2m\u001b[0m\u001b[36msrc/__tests__/logging_infrastructure.test.ts\u001b[39m\u001b[0m\u001b[2m:213:33)\u001b[22m\u001b[2m\u001b[22m\n\n\u001b[1m\u001b[31m  \u001b[1m● \u001b[22m\u001b[1mLogging Infrastructure › handles error threshold monitoring\u001b[39m\u001b[22m\n\n    \u001b[2mexpect(\u001b[22m\u001b[31mreceived\u001b[39m\u001b[2m).\u001b[22mtoBeDefined\u001b[2m()\u001b[22m\n\n    Received: \u001b[31mundefined\u001b[39m\n\u001b[2m\u001b[22m\n\u001b[2m    \u001b[0m \u001b[90m 259 |\u001b[39m     \u001b[36mconst\u001b[39m logs \u001b[33m=\u001b[39m content[logPath]\u001b[33m.\u001b[39mtrim()\u001b[33m.\u001b[39msplit(\u001b[32m'\\n'\u001b[39m)\u001b[33m.\u001b[39mmap(line \u001b[33m=>\u001b[39m \u001b[33mJSON\u001b[39m\u001b[33m.\u001b[39mparse(line))\u001b[22m\n\u001b[2m     \u001b[90m 260 |\u001b[39m     \u001b[36mconst\u001b[39m alertLog \u001b[33m=\u001b[39m logs\u001b[33m.\u001b[39mfind(log \u001b[33m=>\u001b[39m log\u001b[33m.\u001b[39mtype \u001b[33m===\u001b[39m \u001b[32m'alert'\u001b[39m)\u001b[22m\n\u001b[2m    \u001b[31m\u001b[1m>\u001b[22m\u001b[2m\u001b[39m\u001b[90m 261 |\u001b[39m     expect(alertLog)\u001b[33m.\u001b[39mtoBeDefined()\u001b[22m\n\u001b[2m     \u001b[90m     |\u001b[39m                      \u001b[31m\u001b[1m^\u001b[22m\u001b[2m\u001b[39m\u001b[22m\n\u001b[2m     \u001b[90m 262 |\u001b[39m     expect(alertLog)\u001b[33m.\u001b[39mtoMatchObject({\u001b[22m\n\u001b[2m     \u001b[90m 263 |\u001b[39m       type\u001b[33m:\u001b[39m \u001b[32m'alert'\u001b[39m\u001b[33m,\u001b[39m\u001b[22m\n\u001b[2m     \u001b[90m 264 |\u001b[39m       level\u001b[33m:\u001b[39m \u001b[32m'alert'\u001b[39m\u001b[33m,\u001b[39m\u001b[0m\u001b[22m\n\u001b[2m\u001b[22m\n\u001b[2m      \u001b[2mat Object.toBeDefined (\u001b[22m\u001b[2m\u001b[0m\u001b[36msrc/__tests__/logging_infrastructure.test.ts\u001b[39m\u001b[0m\u001b[2m:261:22)\u001b[22m\u001b[2m\u001b[22m\n\n\u001b[1m\u001b[31m  \u001b[1m● \u001b[22m\u001b[1mAlert Notifications › should trigger an alert after threshold errors\u001b[39m\u001b[22m\n\n    \u001b[2mexpect(\u001b[22m\u001b[31mreceived\u001b[39m\u001b[2m).\u001b[22mtoBeDefined\u001b[2m()\u001b[22m\n\n    Received: \u001b[31mundefined\u001b[39m\n\u001b[2m\u001b[22m\n\u001b[2m    \u001b[0m \u001b[90m 330 |\u001b[39m     \u001b[36mconst\u001b[39m logs \u001b[33m=\u001b[39m content[logPath]\u001b[33m.\u001b[39mtrim()\u001b[33m.\u001b[39msplit(\u001b[32m'\\n'\u001b[39m)\u001b[33m.\u001b[39mmap(line \u001b[33m=>\u001b[39m \u001b[33mJSON\u001b[39m\u001b[33m.\u001b[39mparse(line))\u001b[22m\n\u001b[2m     \u001b[90m 331 |\u001b[39m     \u001b[36mconst\u001b[39m alertLog \u001b[33m=\u001b[39m logs\u001b[33m.\u001b[39mfind(log \u001b[33m=>\u001b[39m log\u001b[33m.\u001b[39mtype \u001b[33m===\u001b[39m \u001b[32m'alert'\u001b[39m)\u001b[22m\n\u001b[2m    \u001b[31m\u001b[1m>\u001b[22m\u001b[2m\u001b[39m\u001b[90m 332 |\u001b[39m     expect(alertLog)\u001b[33m.\u001b[39mtoBeDefined()\u001b[22m\n\u001b[2m     \u001b[90m     |\u001b[39m                      \u001b[31m\u001b[1m^\u001b[22m\u001b[2m\u001b[39m\u001b[22m\n\u001b[2m     \u001b[90m 333 |\u001b[39m     expect(alertLog)\u001b[33m.\u001b[39mtoMatchObject({\u001b[22m\n\u001b[2m     \u001b[90m 334 |\u001b[39m       type\u001b[33m:\u001b[39m \u001b[32m'alert'\u001b[39m\u001b[33m,\u001b[39m\u001b[22m\n\u001b[2m     \u001b[90m 335 |\u001b[39m       level\u001b[33m:\u001b[39m \u001b[32m'alert'\u001b[39m\u001b[33m,\u001b[39m\u001b[0m\u001b[22m\n\u001b[2m\u001b[22m\n\u001b[2m      \u001b[2mat Object.toBeDefined (\u001b[22m\u001b[2m\u001b[0m\u001b[36msrc/__tests__/logging_infrastructure.test.ts\u001b[39m\u001b[0m\u001b[2m:332:22)\u001b[22m\u001b[2m\u001b[22m\n","name":"/Users/reeceharding/Gauntlet/New Scrapin'/src/__tests__/logging_infrastructure.test.ts","startTime":1738591998935,"status":"failed","summary":""},{"assertionResults":[{"ancestorTitles":["NLPSe
[...]
ame":"Search Strategy Generation should handle missing industry gracefully","invocations":1,"location":null,"numPassingAsserts":3,"retryReasons":[],"status":"passed","title":"should handle missing industry gracefully"},{"ancestorTitles":["Search Strategy Generation"],"duration":507,"failureDetails":[],"failureMessages":[],"fullName":"Search Strategy Generation should use cache when enabled","invocations":1,"location":null,"numPassingAsserts":3,"retryReasons":[],"status":"passed","title":"should use cache when enabled"},{"ancestorTitles":["Search Strategy Generation"],"duration":521,"failureDetails":[],"failureMessages":[],"fullName":"Search Strategy Generation should throw error on invalid input","invocations":1,"location":null,"numPassingAsserts":1,"retryReasons":[],"status":"passed","title":"should throw error on invalid input"},{"ancestorTitles":["Search Strategy Generation"],"duration":509,"failureDetails":[],"failureMessages":[],"fullName":"Search Strategy Generation should generate appropriate industry filters","invocations":1,"location":null,"numPassingAsserts":5,"retryReasons":[],"status":"passed","title":"should generate appropriate industry filters"},{"ancestorTitles":["Search Strategy Generation"],"duration":506,"failureDetails":[],"failureMessages":[],"fullName":"Search Strategy Generation should handle API errors gracefully","invocations":1,"location":null,"numPassingAsserts":2,"retryReasons":[],"status":"passed","title":"should handle API errors gracefully"}],"endTime":1738592074708,"message":"","name":"/Users/reeceharding/Gauntlet/New Scrapin'/src/services/nlp/__tests__/search-strategy.test.ts","startTime":1738592069522,"status":"passed","summary":""},{"assertionResults":[{"ancestorTitles":["AuthService","register"],"duration":523,"failureDetails":[],"failureMessages":[],"fullName":"AuthService register should validate password","invocations":1,"location":null,"numPassingAsserts":1,"retryReasons":[],"status":"passed","title":"should validate password"},{"ancestorTitles":["AuthService","register"],"duration":507,"failureDetails":[],"failureMessages":[],"fullName":"AuthService register should check for existing email","invocations":1,"location":null,"numPassingAsserts":1,"retryReasons":[],"status":"passed","title":"should check for existing email"},{"ancestorTitles":["AuthService","register"],"duration":519,"failureDetails":[],"failureMessages":[],"fullName":"AuthService register should handle registration error","invocations":1,"location":null,"numPassingAsserts":1,"retryReasons":[],"status":"passed","title":"should handle registration error"},{"ancestorTitles":["AuthService","register"],"duration":510,"failureDetails":[],"failureMessages":[],"fullName":"AuthService register should handle profile creation error","invocations":1,"location":null,"numPassingAsserts":1,"retryReasons":[],"status":"passed","title":"should handle profile creation error"},{"ancestorTitles":["AuthService","register"],"duration":513,"failureDetails":[],"failureMessages":[],"fullName":"AuthService register should register a new user successfully","invocations":1,"location":null,"numPassingAsserts":1,"retryReasons":[],"status":"passed","title":"should register a new user successfully"},{"ancestorTitles":["AuthService","login"],"duration":515,"failureDetails":[],"failureMessages":[],"fullName":"AuthService login should login successfully","invocations":1,"location":null,"numPassingAsserts":1,"retryReasons":[],"status":"passed","title":"should login successfully"},{"ancestorTitles":["AuthService","login"],"duration":506,"failureDetails":[],"failureMessages":[],"fullName":"AuthService login should handle login error","invocations":1,"location":null,"numPassingAsserts":1,"retryReasons":[],"status":"passed","title":"should handle login error"},{"ancestorTitles":["AuthService","getUser"],"duration":505,"failureDetails":[],"failureMessages":[],"fullName":"AuthService getUser should return current user successfully","invocations":1,"location":null,"numPassingAsserts":1,"retryReasons":[],"status":"passed","title":"should return current user successfully"},{"ancestorTitles":["AuthService","getUser"],"duration":506,"failureDetails":[],"failureMessages":[],"fullName":"AuthService getUser should handle get user error","invocations":1,"location":null,"numPassingAsserts":1,"retryReasons":[],"status":"passed","title":"should handle get user error"}],"endTime":1738592080996,"message":"","name":"/Users/reeceharding/Gauntlet/New Scrapin'/src/__tests__/auth.test.ts","startTime":1738592074744,"status":"passed","summary":""},{"assertionResults":[{"ancestorTitles":["ServerLogger","Basic Logging"],"duration":509,"failureDetails":[],"failureMessages":[],"fullName":"ServerLogger Basic Logging should log info messages","invocations":1,"location":null,"numPassingAsserts":4,"retryReasons":[],"status":"passed","title":"should log info messages"},{"ancestorTitles":["ServerLogger","Basic Logging"],"duration":513,"failureDetails":[],"failureMessages":[],"fullName":"ServerLogger Basic Logging should log error messages","invocations":1,"location":null,"numPassingAsserts":4,"retryReasons":[],"status":"passed","title":"should log error messages"},{"ancestorTitles":["ServerLogger","Log Rotation"],"duration":503,"failureDetails":[],"failureMessages":[],"fullName":"ServerLogger Log Rotation should rotate logs when size exceeds limit","invocations":1,"location":null,"numPassingAsserts":2,"retryReasons":[],"status":"passed","title":"should rotate logs when size exceeds limit"},{"ancestorTitles":["ServerLogger","Error Threshold"],"duration":506,"failureDetails":[],"failureMessages":[],"fullName":"ServerLogger Error Threshold should trigger alert when error threshold is exceeded","invocations":1,"location":null,"numPassingAsserts":2,"retryReasons":[],"status":"passed","title":"should trigger alert when error threshold is exceeded"},{"ancestorTitles":["ServerLogger","Context Management"],"duration":506,"failureDetails":[],"failureMessages":[],"fullName":"ServerLogger Context Management should include context in logs","invocations":1,"location":null,"numPassingAsserts":3,"retryReasons":[],"status":"passed","title":"should include context in logs"},{"ancestorTitles":["ServerLogger","Context Management"],"duration":508,"failureDetails":[],"failureMessages":[],"fullName":"ServerLogger Context Management should clear context","invocations":1,"location":null,"numPassingAsserts":3,"retryReasons":[],"status":"passed","title":"should clear context"},{"ancestorTitles":["ServerLogger","Performance Logging"],"duration":516,"failureDetails":[],"failureMessages":[],"fullName":"ServerLogger Performance Logging should log performance metrics","invocations":1,"location":null,"numPassingAsserts":4,"retryReasons":[],"status":"passed","title":"should log performance metrics"}],"endTime":1738592086213,"message":"","name":"/Users/reeceharding/Gauntlet/New Scrapin'/src/services/__tests__/server-logger.new.test.ts","startTime":1738592081033,"status":"passed","summary":""},{"assertionResults":[{"ancestorTitles":["External API Integration Tests"],"duration":502,"failureDetails":[],"failureMessages":[],"fullName":"External API Integration Tests Brave Search API configuration is valid","invocations":1,"location":null,"numPassingAsserts":2,"retryReasons":[],"status":"passed","title":"Brave Search API configuration is valid"},{"ancestorTitles":["External API Integration Tests"],"duration":504,"failureDetails":[],"failureMessages":[],"fullName":"External API Integration Tests OpenAI API configuration is valid","invocations":1,"location":null,"numPassingAsserts":2,"retryReasons":[],"status":"passed","title":"OpenAI API configuration is valid"},{"ancestorTitles":["External API Integration Tests"],"duration":504,"failureDetails":[],"failureMessages":[],"fullName":"External API Integration Tests SendGrid API configuration is valid","invocations":1,"location":null,"numPassingAsserts":2,"retryReasons":[],"status":"passed","title":"SendGrid API configuration is valid"},{"ancestorTitles":["External API Integration Tests"],"duration":506,"failureDetails":[],"failureMessages":[],"fullName":"External API Integration Tests Twilio API configuration is valid","invocations":1,"location":null,"numPassingAsserts":3,"retryReasons":[],"status":"passed","title":"Twilio API configuration is valid"},{"ancestorTitles":["External API Integration Tests"],"duration":510,"failureDetails":[],"failureMessages":[],"fullName":"External API Integration Tests API rate limiting is configured","invocations":1,"location":null,"numPassingAsserts":8,"retryReasons":[],"status":"passed","title":"API rate limiting is configured"},{"ancestorTitles":["External API Integration Tests"],"duration":506,"failureDetails":[],"failureMessages":[],"fullName":"External API Integration Tests API monitoring configuration is valid","invocations":1,"location":null,"numPassingAsserts":6,"retryReasons":[],"status":"passed","title":"API monitoring configuration is valid"}],"endTime":1738592091022,"message":"","name":"/Users/reeceharding/Gauntlet/New Scrapin'/src/__tests__/api_integration.test.ts","startTime":1738592086270,"status":"passed","summary":""},{"assertionResults":[{"ancestorTitles":["Development Environment Setup"],"duration":507,"failureDetails":[],"failureMessages":[],"fullName":"Development Environment Setup Node.js version is 18 or higher","invocations":1,"location":null,"numPassingAsserts":1,"retryReasons":[],"status":"passed","title":"Node.js version is 18 or higher"},{"ancestorTitles":["Development Environment Setup"],"duration":508,"failureDetails":[],"failureMessages":[],"fullName":"Development Environment Setup TypeScript is configured correctly","invocations":1,"location":null,"numPassingAsserts":3,"retryReasons":[],"status":"passed","title":"TypeScript is configured correctly"},{"ancestorTitles":["Development Environment Setup"],"duration":503,"failureDetails":[],"failureMessages":[],"fullName":"Development Environment Setup ESLint is configured correctly","invocations":1,"location":null,"numPassingAsserts":1,"retryReasons":[],"status":"passed","title":"ESLint is configured correctly"},{"ancestorTitles":["Development Environment Setup"],"duration":506,"failureDetails":[],"failureMessages":[],"fullName":"Development Environment Setup Prettier is configured correctly","invocations":1,"location":null,"numPassingAsserts":1,"retryReasons":[],"status":"passed","title":"Prettier is configured correctly"},{"ancestorTitles":["Development Environment Setup"],"duration":507,"failureDetails":[],"failureMessages":[],"fullName":"Development Environment Setup Required development dependencies are installed","invocations":1,"location":null,"numPassingAsserts":7,"retryReasons":[],"status":"passed","title":"Required development dependencies are installed"},{"ancestorTitles":["Development Environment Setup"],"duration":504,"failureDetails":[],"failureMessages":[],"fullName":"Development Environment Setup Git hooks are set up","invocations":1,"location":null,"numPassingAsserts":2,"retryReasons":[],"status":"passed","title":"Git hooks are set up"}],"endTime":1738592095675,"message":"","name":"/Users/reeceharding/Gauntlet/New Scrapin'/src/__tests__/setup.test.ts","startTime":1738592091062,"status":"passed","summary":""},{"assertionResults":[{"ancestorTitles":["SearchService","search"],"duration":511,"failureDetails":[],"failureMessages":[],"fullName":"SearchService search should perform a basic search","invocations":1,"location":null,"numPassingAsserts":4,"retryReasons":[],"status":"passed","title":"should perform a basic search"},{"ancestorTitles":["SearchService","search"],"duration":509,"failureDetails":[],"failureMessages":[],"fullName":"SearchService search should handle search errors gracefully","invocations":1,"location":null,"numPassingAsserts":3,"retryReasons":[],"status":"passed","title":"should handle search errors gracefully"},{"ancestorTitles":["SearchService","suggest"],"duration":507,"failureDetails":[],"failureMessages":[],"fullName":"SearchService suggest should provide search suggestions","invocations":1,"location":null,"numPassingAsserts":2,"retryReasons":[],"status":"passed","title":"should provide search suggestions"},{"ancestorTitles":["SearchService","filter"],"duration":508,"failureDetails":[],"failureMessages":[],"fullName":"SearchService filter should apply search filters","invocations":1,"location":null,"numPassingAsserts":2,"retryReasons":[],"status":"passed","title":"should apply search filters"},{"ancestorTitles":["SearchService","rank"],"duration":507,"failureDetails":[],"failureMessages":[],"fullName":"SearchService rank should rank search results","invocations":1,"location":null,"numPassingAsserts":2,"retryReasons":[],"status":"passed","title":"should rank search results"}],"endTime":1738592099818,"message":"","name":"/Users/reeceharding/Gauntlet/New Scrapin'/src/services/search/__tests__/service.test.ts","startTime":1738592095688,"status":"passed","summary":""},{"assertionResults":[{"ancestorTitles":["Supabase Integration"],"duration":660,"failureDetails":[],"failureMessages":[],"fullName":"Supabase Integration can connect to Supabase","invocations":1,"location":null,"numPassingAsserts":2,"retryReasons":[],"status":"passed","title":"can connect to Supabase"},{"ancestorTitles":["Supabase Integration"],"duration":946,"failureDetails":[],"failureMessages":[],"fullName":"Supabase Integration can authenticate with email/password","invocations":1,"location":null,"numPassingAsserts":8,"retryReasons":[],"status":"passed","title":"can authenticate with email/password"},{"ancestorTitles":["Supabase Integration"],"duration":738,"failureDetails":[],"failureMessages":[],"fullName":"Supabase Integration can access database tables","invocations":1,"location":null,"numPassingAsserts":1,"retryReasons":[],"status":"passed","title":"can access database tables"}],"endTime":1738592103799,"message":"","name":"/Users/reeceharding/Gauntlet/New Scrapin'/src/__tests__/supabase_integration.test.ts","startTime":1738592099860,"status":"passed","summary":""},{"assertionResults":[{"ancestorTitles":["Advanced Logging Infrastructure","Performance Monitoring"],"duration":508,"failureDetails":[],"failureMessages":[],"fullName":"Advanced Logging Infrastructure Performance Monitoring should log performance metrics","invocations":1,"location":null,"numPassingAsserts":5,"retryReasons":[],"status":"passed","title":"should log performance metrics"},{"ancestorTitles":["Advanced Logging Infrastructure","Alert Notifications"],"duration":520,"failureDetails":[],"failureMessages":[],"fullName":"Advanced Logging Infrastructure Alert Notifications should trigger an alert after threshold errors","invocations":1,"location":null,"numPassingAsserts":3,"retryReasons":[],"status":"passed","title":"should trigger an alert after threshold errors"},{"ancestorTitles":["Advanced Logging Infrastructure","Context Management"],"duration":504,"failureDetails":[],"failureMessages":[],"fullName":"Advanced Logging Infrastructure Context Management should include context in logs","invocations":1,"location":null,"numPassingAsserts":2,"retryReasons":[],"status":"passed","title":"should include context in logs"},{"ancestorTitles":["Advanced Logging Infrastructure","Context Management"],"duration":503,"failureDetails":[],"failureMessages":[],"fullName":"Advanced Logging Infrastructure Context Management should clear context","invocations":1,"location":null,"numPassingAsserts":3,"retryReasons":[],"status":"passed","title":"should clear context"}],"endTime":1738592107426,"message":"","name":"/Users/reeceharding/Gauntlet/New Scrapin'/src/services/__tests__/logging_infrastructure.test.ts","startTime":1738592103819,"status":"passed","summary":""},{"assertionResults":[{"ancestorTitles":["File Structure"],"duration":509,"failureDetails":[],"failureMessages":[],"fullName":"File Structure required directories exist","invocations":1,"location":null,"numPassingAsserts":25,"retryReasons":[],"status":"passed","title":"required directories exist"},{"ancestorTitles":["File Structure"],"duration":507,"failureDetails":[],"failureMessages":[],"fullName":"File Structure required files exist","invocations":1,"location":null,"numPassingAsserts":10,"retryReasons":[],"status":"passed","title":"required files exist"}],"endTime":1738592110126,"message":"","name":"/Users/reeceharding/Gauntlet/New Scrapin'/src/__tests__/file_structure.test.ts","startTime":1738592107522,"status":"passed","summary":""},{"assertionResults":[{"ancestorTitles":["App Flow Documentation"],"duration":504,"failureDetails":[],"failureMessages":[],"fullName":"App Flow Documentation app flow documentation exists and contains required sections","invocations":1,"location":null,"numPassingAsserts":15,"retryReasons":[],"status":"passed","title":"app flow documentation exists and contains required sections"}],"endTime":1738592112246,"message":"","name":"/Users/reeceharding/Gauntlet/New Scrapin'/src/__tests__/app_flow.test.ts","startTime":1738592110151,"status":"passed","summary":""},{"assertionResults":[{"ancestorTitles":["User Journey Documentation"],"duration":508,"failureDetails":[],"failureMessages":[],"fullName":"User Journey Documentation user journey documentation exists and contains required sections","invocations":1,"location":null,"numPassingAsserts":14,"retryReasons":[],"status":"passed","title":"user journey documentation exists and contains required sections"}],"endTime":1738592114333,"message":"","name":"/Users/reeceharding/Gauntlet/New Scrapin'/src/__tests__/user_journey.test.ts","startTime":1738592112268,"status":"passed","summary":""},{"assertionResults":[{"ancestorTitles":["Backend Services Documentation"],"duration":508,"failureDetails":[],"failureMessages":[],"fullName":"Backend Services Documentation backend services documentation exists and contains required sections","invocations":1,"location":null,"numPassingAsserts":15,"retryReasons":[],"status":"passed","title":"backend services documentation exists and contains required sections"}],"endTime":1738592116402,"message":"","name":"/Users/reeceharding/Gauntlet/New Scrapin'/src/__tests__/backend_services.test.ts","startTime":1738592114344,"status":"passed","summary":""},{"assertionResults":[{"ancestorTitles":["Backend Structure Documentation"],"duration":521,"failureDetails":[],"failureMessages":[],"fullName":"Backend Structure Documentation backend structure documentation exists and contains required sections","invocations":1,"location":null,"numPassingAsserts":26,"retryReasons":[],"status":"passed","title":"backend structure documentation exists and contains required sections"}],"endTime":1738592118491,"message":"","name":"/Users/reeceharding/Gauntlet/New Scrapin'/src/__tests__/backend_structure.test.ts","startTime":1738592116415,"status":"passed","summary":""},{"assertionResults":[{"ancestorTitles":["Component Specifications"],"duration":502,"failureDetails":[],"failureMessages":[],"fullName":"Component Specifications components should follow project requirements","invocations":1,"location":null,"numPassingAsserts":1,"retryReasons":[],"status":"passed","title":"components should follow project requirements"}],"endTime":1738592120604,"message":"","name":"/Users/reeceharding/Gauntlet/New Scrapin'/src/__tests__/component_specs.test.ts","startTime":1738592118521,"status":"passed","summary":""},{"assertionResults":[{"ancestorTitles":["Documentation Requirements"],"duration":503,"failureDetails":[],"failureMessages":[],"fullName":"Documentation Requirements key features documentation exists and contains required sections","invocations":1,"location":null,"numPassingAsserts":15,"retryReasons":[],"status":"passed","title":"key features documentation exists and contains required sections"}],"endTime":1738592122734,"message":"","name":"/Users/reeceharding/Gauntlet/New Scrapin'/src/__tests__/documentation.test.ts","startTime":1738592120628,"status":"passed","summary":""}],"wasInterrupted":false}
