<?xml version="1.0" encoding="UTF-8"?>
<coverage generated="1738512124923" clover="3.2.0">
  <project timestamp="1738512124923" name="All files">
    <metrics statements="306" coveredstatements="214" conditionals="93" coveredconditionals="54" methods="41" coveredmethods="31" elements="440" coveredelements="299" complexity="0" loc="306" ncloc="306" packages="2" files="4" classes="4"/>
    <package name="lib">
      <metrics statements="4" coveredstatements="4" conditionals="0" coveredconditionals="0" methods="0" coveredmethods="0"/>
      <file name="supabase.ts" path="/Users/reeceharding/Gauntlet/New Scrapin'/src/lib/supabase.ts">
        <metrics statements="4" coveredstatements="4" conditionals="0" coveredconditionals="0" methods="0" coveredmethods="0"/>
        <line num="1" count="1" type="stmt"/>
        <line num="3" count="1" type="stmt"/>
        <line num="4" count="1" type="stmt"/>
        <line num="6" count="1" type="stmt"/>
      </file>
    </package>
    <package name="services">
      <metrics statements="302" coveredstatements="210" conditionals="93" coveredconditionals="54" methods="41" coveredmethods="31"/>
      <file name="auth.ts" path="/Users/reeceharding/Gauntlet/New Scrapin'/src/services/auth.ts">
        <metrics statements="200" coveredstatements="110" conditionals="59" coveredconditionals="26" methods="22" coveredmethods="13"/>
        <line num="1" count="1" type="stmt"/>
        <line num="2" count="1" type="stmt"/>
        <line num="3" count="1" type="stmt"/>
        <line num="4" count="1" type="stmt"/>
        <line num="6" count="1" type="stmt"/>
        <line num="11" count="1" type="stmt"/>
        <line num="12" count="1" type="stmt"/>
        <line num="15" count="1" type="stmt"/>
        <line num="16" count="1" type="stmt"/>
        <line num="17" count="1" type="stmt"/>
        <line num="18" count="1" type="stmt"/>
        <line num="21" count="1" type="stmt"/>
        <line num="22" count="1" type="stmt"/>
        <line num="25" count="1" type="stmt"/>
        <line num="28" count="1" type="stmt"/>
        <line num="33" count="1" type="stmt"/>
        <line num="51" count="35" type="stmt"/>
        <line num="55" count="36" type="stmt"/>
        <line num="59" count="2" type="cond" truecount="1" falsecount="0"/>
        <line num="60" count="1" type="stmt"/>
        <line num="67" count="3" type="cond" truecount="1" falsecount="0"/>
        <line num="68" count="1" type="stmt"/>
        <line num="73" count="0" type="cond" truecount="0" falsecount="2"/>
        <line num="75" count="0" type="cond" truecount="0" falsecount="1"/>
        <line num="76" count="0" type="stmt"/>
        <line num="77" count="0" type="stmt"/>
        <line num="80" count="0" type="stmt"/>
        <line num="81" count="0" type="stmt"/>
        <line num="82" count="0" type="stmt"/>
        <line num="86" count="5" type="cond" truecount="2" falsecount="0"/>
        <line num="88" count="5" type="cond" truecount="0" falsecount="1"/>
        <line num="89" count="0" type="stmt"/>
        <line num="90" count="0" type="stmt"/>
        <line num="95" count="5" type="cond" truecount="2" falsecount="0"/>
        <line num="97" count="5" type="cond" truecount="2" falsecount="0"/>
        <line num="99" count="2" type="stmt"/>
        <line num="101" count="3" type="stmt"/>
        <line num="102" count="3" type="stmt"/>
        <line num="103" count="3" type="stmt"/>
        <line num="106" count="3" type="stmt"/>
        <line num="109" count="3" type="stmt"/>
        <line num="110" count="3" type="stmt"/>
        <line num="119" count="0" type="stmt"/>
        <line num="125" count="0" type="stmt"/>
        <line num="127" count="0" type="stmt"/>
        <line num="134" count="0" type="cond" truecount="0" falsecount="2"/>
        <line num="135" count="0" type="cond" truecount="0" falsecount="1"/>
        <line num="136" count="0" type="stmt"/>
        <line num="141" count="0" type="stmt"/>
        <line num="142" count="0" type="stmt"/>
        <line num="143" count="0" type="stmt"/>
        <line num="146" count="0" type="stmt"/>
        <line num="153" count="0" type="stmt"/>
        <line num="159" count="0" type="stmt"/>
        <line num="166" count="0" type="cond" truecount="0" falsecount="3"/>
        <line num="167" count="0" type="stmt"/>
        <line num="168" count="0" type="stmt"/>
        <line num="173" count="2" type="stmt"/>
        <line num="174" count="2" type="stmt"/>
        <line num="176" count="2" type="stmt"/>
        <line num="188" count="2" type="stmt"/>
        <line num="191" count="2" type="stmt"/>
        <line num="198" count="1" type="stmt"/>
        <line num="199" count="1" type="cond" truecount="1" falsecount="0"/>
        <line num="201" count="1" type="stmt"/>
        <line num="214" count="1" type="stmt"/>
        <line num="223" count="3" type="stmt"/>
        <line num="225" count="3" type="cond" truecount="0" falsecount="1"/>
        <line num="226" count="0" type="stmt"/>
        <line num="230" count="3" type="stmt"/>
        <line num="233" count="2" type="stmt"/>
        <line num="239" count="2" type="cond" truecount="1" falsecount="1"/>
        <line num="240" count="2" type="cond" truecount="0" falsecount="1"/>
        <line num="241" count="0" type="stmt"/>
        <line num="245" count="2" type="stmt"/>
        <line num="248" count="1" type="stmt"/>
        <line num="258" count="1" type="cond" truecount="1" falsecount="0"/>
        <line num="259" count="1" type="stmt"/>
        <line num="260" count="1" type="stmt"/>
        <line num="263" count="0" type="cond" truecount="0" falsecount="1"/>
        <line num="264" count="0" type="stmt"/>
        <line num="268" count="0" type="stmt"/>
        <line num="275" count="0" type="cond" truecount="0" falsecount="1"/>
        <line num="276" count="0" type="stmt"/>
        <line num="277" count="0" type="stmt"/>
        <line num="281" count="0" type="stmt"/>
        <line num="284" count="0" type="cond" truecount="0" falsecount="1"/>
        <line num="285" count="0" type="stmt"/>
        <line num="293" count="0" type="stmt"/>
        <line num="294" count="0" type="stmt"/>
        <line num="296" count="3" type="cond" truecount="1" falsecount="1"/>
        <line num="297" count="3" type="stmt"/>
        <line num="298" count="3" type="stmt"/>
        <line num="303" count="5" type="stmt"/>
        <line num="305" count="5" type="stmt"/>
        <line num="307" count="5" type="stmt"/>
        <line num="312" count="5" type="cond" truecount="1" falsecount="0"/>
        <line num="313" count="3" type="stmt"/>
        <line num="314" count="3" type="stmt"/>
        <line num="315" count="3" type="stmt"/>
        <line num="319" count="2" type="stmt"/>
        <line num="322" count="2" type="cond" truecount="3" falsecount="0"/>
        <line num="323" count="2" type="stmt"/>
        <line num="327" count="2" type="stmt"/>
        <line num="328" count="2" type="stmt"/>
        <line num="337" count="0" type="stmt"/>
        <line num="340" count="2" type="stmt"/>
        <line num="341" count="2" type="stmt"/>
        <line num="343" count="3" type="cond" truecount="1" falsecount="0"/>
        <line num="344" count="3" type="stmt"/>
        <line num="346" count="3" type="stmt"/>
        <line num="351" count="0" type="stmt"/>
        <line num="352" count="0" type="stmt"/>
        <line num="356" count="0" type="cond" truecount="0" falsecount="1"/>
        <line num="357" count="0" type="stmt"/>
        <line num="358" count="0" type="stmt"/>
        <line num="361" count="0" type="stmt"/>
        <line num="362" count="0" type="stmt"/>
        <line num="364" count="0" type="cond" truecount="0" falsecount="1"/>
        <line num="365" count="0" type="stmt"/>
        <line num="367" count="0" type="stmt"/>
        <line num="372" count="0" type="stmt"/>
        <line num="374" count="0" type="stmt"/>
        <line num="377" count="0" type="stmt"/>
        <line num="380" count="0" type="stmt"/>
        <line num="383" count="0" type="stmt"/>
        <line num="385" count="0" type="cond" truecount="0" falsecount="1"/>
        <line num="386" count="0" type="stmt"/>
        <line num="387" count="0" type="stmt"/>
        <line num="391" count="0" type="stmt"/>
        <line num="393" count="0" type="stmt"/>
        <line num="394" count="0" type="stmt"/>
        <line num="396" count="0" type="cond" truecount="0" falsecount="1"/>
        <line num="397" count="0" type="stmt"/>
        <line num="399" count="0" type="stmt"/>
        <line num="404" count="4" type="stmt"/>
        <line num="405" count="4" type="stmt"/>
        <line num="407" count="4" type="cond" truecount="1" falsecount="0"/>
        <line num="408" count="2" type="stmt"/>
        <line num="409" count="2" type="stmt"/>
        <line num="413" count="2" type="stmt"/>
        <line num="415" count="1" type="stmt"/>
        <line num="416" count="1" type="stmt"/>
        <line num="418" count="3" type="cond" truecount="1" falsecount="0"/>
        <line num="419" count="3" type="stmt"/>
        <line num="421" count="3" type="stmt"/>
        <line num="426" count="4" type="stmt"/>
        <line num="427" count="4" type="stmt"/>
        <line num="428" count="4" type="stmt"/>
        <line num="430" count="4" type="cond" truecount="1" falsecount="0"/>
        <line num="431" count="2" type="stmt"/>
        <line num="432" count="2" type="stmt"/>
        <line num="435" count="2" type="stmt"/>
        <line num="437" count="2" type="cond" truecount="1" falsecount="0"/>
        <line num="438" count="2" type="stmt"/>
        <line num="440" count="2" type="stmt"/>
        <line num="445" count="2" type="stmt"/>
        <line num="446" count="2" type="stmt"/>
        <line num="448" count="2" type="cond" truecount="1" falsecount="0"/>
        <line num="449" count="1" type="stmt"/>
        <line num="450" count="1" type="stmt"/>
        <line num="453" count="1" type="stmt"/>
        <line num="454" count="1" type="stmt"/>
        <line num="456" count="1" type="cond" truecount="1" falsecount="0"/>
        <line num="457" count="1" type="stmt"/>
        <line num="459" count="1" type="stmt"/>
        <line num="464" count="0" type="stmt"/>
        <line num="466" count="0" type="stmt"/>
        <line num="471" count="0" type="cond" truecount="0" falsecount="1"/>
        <line num="473" count="0" type="stmt"/>
        <line num="474" count="0" type="stmt"/>
        <line num="479" count="0" type="stmt"/>
        <line num="481" count="0" type="stmt"/>
        <line num="482" count="0" type="stmt"/>
        <line num="484" count="0" type="cond" truecount="0" falsecount="1"/>
        <line num="485" count="0" type="stmt"/>
        <line num="487" count="0" type="stmt"/>
        <line num="492" count="1" type="stmt"/>
        <line num="493" count="1" type="stmt"/>
        <line num="499" count="1" type="cond" truecount="1" falsecount="0"/>
        <line num="500" count="1" type="stmt"/>
        <line num="501" count="1" type="stmt"/>
        <line num="504" count="0" type="cond" truecount="0" falsecount="2"/>
        <line num="506" count="0" type="cond" truecount="0" falsecount="1"/>
        <line num="507" count="0" type="stmt"/>
        <line num="508" count="0" type="stmt"/>
        <line num="510" count="0" type="stmt"/>
        <line num="511" count="0" type="stmt"/>
        <line num="512" count="0" type="stmt"/>
        <line num="517" count="0" type="stmt"/>
        <line num="518" count="0" type="stmt"/>
        <line num="523" count="0" type="cond" truecount="0" falsecount="1"/>
        <line num="524" count="0" type="stmt"/>
        <line num="525" count="0" type="stmt"/>
        <line num="528" count="0" type="stmt"/>
        <line num="529" count="0" type="cond" truecount="0" falsecount="2"/>
        <line num="531" count="0" type="cond" truecount="0" falsecount="1"/>
        <line num="532" count="0" type="stmt"/>
        <line num="534" count="0" type="stmt"/>
        <line num="539" count="1" type="stmt"/>
      </file>
      <file name="server-logger.ts" path="/Users/reeceharding/Gauntlet/New Scrapin'/src/services/server-logger.ts">
        <metrics statements="65" coveredstatements="63" conditionals="22" coveredconditionals="19" methods="14" coveredmethods="13"/>
        <line num="1" count="2" type="stmt"/>
        <line num="2" count="2" type="stmt"/>
        <line num="3" count="2" type="stmt"/>
        <line num="5" count="2" type="stmt"/>
        <line num="7" count="0" type="stmt"/>
        <line num="16" count="2" type="stmt"/>
        <line num="17" count="2" type="stmt"/>
        <line num="18" count="2" type="stmt"/>
        <line num="19" count="2" type="stmt"/>
        <line num="20" count="2" type="stmt"/>
        <line num="24" count="2" type="cond" truecount="1" falsecount="0"/>
        <line num="25" count="2" type="stmt"/>
        <line num="27" count="2" type="stmt"/>
        <line num="31" count="20" type="stmt"/>
        <line num="32" count="20" type="cond" truecount="1" falsecount="0"/>
        <line num="34" count="10" type="cond" truecount="1" falsecount="0"/>
        <line num="35" count="10" type="stmt"/>
        <line num="37" count="10" type="stmt"/>
        <line num="39" count="10" type="stmt"/>
        <line num="40" count="10" type="stmt"/>
        <line num="45" count="4" type="stmt"/>
        <line num="49" count="13" type="stmt"/>
        <line num="50" count="13" type="stmt"/>
        <line num="54" count="10053" type="stmt"/>
        <line num="55" count="10053" type="cond" truecount="1" falsecount="0"/>
        <line num="56" count="10053" type="stmt"/>
        <line num="57" count="10023" type="cond" truecount="1" falsecount="0"/>
        <line num="58" count="1" type="stmt"/>
        <line num="59" count="1" type="stmt"/>
        <line num="60" count="1" type="stmt"/>
        <line num="61" count="1" type="stmt"/>
        <line num="65" count="1" type="stmt"/>
        <line num="70" count="10053" type="stmt"/>
        <line num="71" count="10053" type="cond" truecount="2" falsecount="0"/>
        <line num="72" count="10053" type="stmt"/>
        <line num="75" count="10053" type="stmt"/>
        <line num="77" count="10024" type="stmt"/>
        <line num="83" count="10024" type="stmt"/>
        <line num="85" count="1" type="stmt"/>
        <line num="90" count="10053" type="stmt"/>
        <line num="100" count="10053" type="cond" truecount="1" falsecount="0"/>
        <line num="101" count="10045" type="stmt"/>
        <line num="102" count="10016" type="stmt"/>
        <line num="105" count="8" type="stmt"/>
        <line num="106" count="8" type="cond" truecount="2" falsecount="0"/>
        <line num="107" count="8" type="stmt"/>
        <line num="115" count="8" type="stmt"/>
        <line num="117" count="8" type="stmt"/>
        <line num="122" count="10010" type="stmt"/>
        <line num="126" count="3" type="stmt"/>
        <line num="130" count="0" type="stmt"/>
        <line num="134" count="36" type="cond" truecount="1" falsecount="1"/>
        <line num="135" count="36" type="stmt"/>
        <line num="141" count="14" type="stmt"/>
        <line num="145" count="14" type="cond" truecount="1" falsecount="0"/>
        <line num="146" count="4" type="stmt"/>
        <line num="148" count="14" type="stmt"/>
        <line num="150" count="14" type="stmt"/>
        <line num="151" count="14" type="stmt"/>
        <line num="153" count="14" type="cond" truecount="3" falsecount="0"/>
        <line num="154" count="2" type="stmt"/>
        <line num="162" count="2" type="stmt"/>
        <line num="163" count="2" type="stmt"/>
        <line num="168" count="2" type="stmt"/>
        <line num="177" count="10106" type="stmt"/>
      </file>
      <file name="user-profile.ts" path="/Users/reeceharding/Gauntlet/New Scrapin'/src/services/user-profile.ts">
        <metrics statements="37" coveredstatements="37" conditionals="12" coveredconditionals="9" methods="5" coveredmethods="5"/>
        <line num="2" count="1" type="stmt"/>
        <line num="41" count="12" type="stmt"/>
        <line num="42" count="13" type="stmt"/>
        <line num="45" count="3" type="stmt"/>
        <line num="46" count="3" type="stmt"/>
        <line num="52" count="2" type="cond" truecount="1" falsecount="0"/>
        <line num="53" count="1" type="stmt"/>
        <line num="54" count="1" type="stmt"/>
        <line num="57" count="1" type="stmt"/>
        <line num="59" count="2" type="cond" truecount="2" falsecount="0"/>
        <line num="60" count="2" type="stmt"/>
        <line num="61" count="2" type="stmt"/>
        <line num="66" count="3" type="stmt"/>
        <line num="67" count="3" type="stmt"/>
        <line num="77" count="3" type="cond" truecount="1" falsecount="0"/>
        <line num="78" count="2" type="stmt"/>
        <line num="79" count="2" type="stmt"/>
        <line num="82" count="1" type="stmt"/>
        <line num="84" count="2" type="cond" truecount="1" falsecount="1"/>
        <line num="85" count="2" type="stmt"/>
        <line num="90" count="3" type="stmt"/>
        <line num="91" count="3" type="stmt"/>
        <line num="106" count="3" type="cond" truecount="1" falsecount="0"/>
        <line num="107" count="2" type="stmt"/>
        <line num="108" count="2" type="stmt"/>
        <line num="111" count="1" type="stmt"/>
        <line num="113" count="2" type="cond" truecount="1" falsecount="1"/>
        <line num="114" count="2" type="stmt"/>
        <line num="119" count="3" type="stmt"/>
        <line num="120" count="3" type="stmt"/>
        <line num="126" count="3" type="cond" truecount="1" falsecount="0"/>
        <line num="127" count="2" type="stmt"/>
        <line num="128" count="2" type="stmt"/>
        <line num="131" count="2" type="cond" truecount="1" falsecount="1"/>
        <line num="132" count="2" type="stmt"/>
        <line num="138" count="1" type="stmt"/>
        <line num="139" count="1" type="stmt"/>
      </file>
    </package>
  </project>
</coverage>
