{"/Users/reeceharding/Gauntlet/New Scrapin'/src/lib/supabase.ts": {"path":"/Users/reeceharding/Gauntlet/New Scrapin'/src/lib/supabase.ts","statementMap":{"0":{"start":{"line":6,"column":13},"end":{"line":6,"column":24}},"1":{"start":{"line":1,"column":29},"end":{"line":1,"column":null}},"2":{"start":{"line":3,"column":20},"end":{"line":3,"column":56}},"3":{"start":{"line":4,"column":24},"end":{"line":4,"column":65}},"4":{"start":{"line":6,"column":24},"end":{"line":6,"column":null}}},"fnMap":{},"branchMap":{},"s":{"0":1,"1":1,"2":1,"3":1,"4":1},"f":{},"b":{}}
,"/Users/reeceharding/Gauntlet/New Scrapin'/src/services/auth.ts": {"path":"/Users/reeceharding/Gauntlet/New Scrapin'/src/services/auth.ts","statementMap":{"0":{"start":{"line":51,"column":13},"end":{"line":51,"column":32}},"1":{"start":{"line":539,"column":13},"end":{"line":539,"column":24}},"2":{"start":{"line":1,"column":74},"end":{"line":1,"column":null}},"3":{"start":{"line":2,"column":19},"end":{"line":2,"column":null}},"4":{"start":{"line":3,"column":25},"end":{"line":3,"column":null}},"5":{"start":{"line":4,"column":27},"end":{"line":4,"column":null}},"6":{"start":{"line":6,"column":22},"end":{"line":8,"column":null}},"7":{"start":{"line":11,"column":23},"end":{"line":11,"column":null}},"8":{"start":{"line":12,"column":20},"end":{"line":12,"column":null}},"9":{"start":{"line":15,"column":27},"end":{"line":15,"column":null}},"10":{"start":{"line":16,"column":29},"end":{"line":16,"column":45}},"11":{"start":{"line":17,"column":32},"end":{"line":17,"column":35}},"12":{"start":{"line":18,"column":28},"end":{"line":18,"column":44}},"13":{"start":{"line":21,"column":30},"end":{"line":21,"column":33}},"14":{"start":{"line":22,"column":29},"end":{"line":22,"column":33}},"15":{"start":{"line":25,"column":29},"end":{"line":25,"column":33}},"16":{"start":{"line":28,"column":22},"end":{"line":31,"column":null}},"17":{"start":{"line":33,"column":29},"end":{"line":36,"column":null}},"18":{"start":{"line":55,"column":4},"end":{"line":55,"column":null}},"19":{"start":{"line":59,"column":4},"end":{"line":63,"column":null}},"20":{"start":{"line":60,"column":6},"end":{"line":61,"column":null}},"21":{"start":{"line":67,"column":4},"end":{"line":69,"column":null}},"22":{"start":{"line":68,"column":6},"end":{"line":68,"column":null}},"23":{"start":{"line":73,"column":21},"end":{"line":73,"column":null}},"24":{"start":{"line":75,"column":4},"end":{"line":78,"column":null}},"25":{"start":{"line":76,"column":23},"end":{"line":76,"column":null}},"26":{"start":{"line":77,"column":6},"end":{"line":77,"column":null}},"27":{"start":{"line":80,"column":4},"end":{"line":80,"column":null}},"28":{"start":{"line":81,"column":4},"end":{"line":81,"column":null}},"29":{"start":{"line":82,"column":4},"end":{"line":82,"column":null}},"30":{"start":{"line":86,"column":21},"end":{"line":86,"column":null}},"31":{"start":{"line":88,"column":4},"end":{"line":91,"column":null}},"32":{"start":{"line":89,"column":23},"end":{"line":89,"column":null}},"33":{"start":{"line":90,"column":6},"end":{"line":90,"column":null}},"34":{"start":{"line":95,"column":21},"end":{"line":95,"column":null}},"35":{"start":{"line":97,"column":4},"end":{"line":121,"column":null}},"36":{"start":{"line":99,"column":6},"end":{"line":99,"column":null}},"37":{"start":{"line":101,"column":6},"end":{"line":101,"column":null}},"38":{"start":{"line":102,"column":6},"end":{"line":102,"column":null}},"39":{"start":{"line":103,"column":6},"end":{"line":103,"column":null}},"40":{"start":{"line":106,"column":6},"end":{"line":106,"column":null}},"41":{"start":{"line":109,"column":6},"end":{"line":120,"column":null}},"42":{"start":{"line":110,"column":8},"end":{"line":117,"column":null}},"43":{"start":{"line":119,"column":8},"end":{"line":119,"column":null}},"44":{"start":{"line":125,"column":25},"end":{"line":125,"column":null}},"45":{"start":{"line":127,"column":26},"end":{"line":132,"column":null}},"46":{"start":{"line":134,"column":20},"end":{"line":134,"column":45}},"47":{"start":{"line":135,"column":4},"end":{"line":137,"column":null}},"48":{"start":{"line":135,"column":26},"end":{"line":135,"column":61}},"49":{"start":{"line":136,"column":6},"end":{"line":136,"column":null}},"50":{"start":{"line":141,"column":25},"end":{"line":141,"column":null}},"51":{"start":{"line":142,"column":16},"end":{"line":142,"column":null}},"52":{"start":{"line":143,"column":22},"end":{"line":143,"column":null}},"53":{"start":{"line":146,"column":4},"end":{"line":150,"column":null}},"54":{"start":{"line":153,"column":4},"end":{"line":156,"column":null}},"55":{"start":{"line":159,"column":35},"end":{"line":164,"column":null}},"56":{"start":{"line":166,"column":4},"end":{"line":169,"column":null}},"57":{"start":{"line":167,"column":21},"end":{"line":167,"column":null}},"58":{"start":{"line":167,"column":43},"end":{"line":167,"column":47}},"59":{"start":{"line":168,"column":6},"end":{"line":168,"column":null}},"60":{"start":{"line":173,"column":16},"end":{"line":173,"column":null}},"61":{"start":{"line":174,"column":22},"end":{"line":174,"column":null}},"62":{"start":{"line":176,"column":4},"end":{"line":184,"column":null}},"63":{"start":{"line":188,"column":16},"end":{"line":188,"column":null}},"64":{"start":{"line":191,"column":26},"end":{"line":196,"column":null}},"65":{"start":{"line":198,"column":20},"end":{"line":198,"column":null}},"66":{"start":{"line":199,"column":4},"end":{"line":219,"column":null}},"67":{"start":{"line":201,"column":6},"end":{"line":211,"column":null}},"68":{"start":{"line":214,"column":6},"end":{"line":218,"column":null}},"69":{"start":{"line":223,"column":4},"end":{"line":299,"column":null}},"70":{"start":{"line":225,"column":6},"end":{"line":227,"column":null}},"71":{"start":{"line":226,"column":8},"end":{"line":226,"column":null}},"72":{"start":{"line":230,"column":6},"end":{"line":230,"column":null}},"73":{"start":{"line":233,"column":34},"end":{"line":237,"column":null}},"74":{"start":{"line":239,"column":28},"end":{"line":239,"column":59}},"75":{"start":{"line":240,"column":6},"end":{"line":242,"column":null}},"76":{"start":{"line":241,"column":8},"end":{"line":241,"column":null}},"77":{"start":{"line":245,"column":6},"end":{"line":245,"column":null}},"78":{"start":{"line":248,"column":30},"end":{"line":256,"column":null}},"79":{"start":{"line":258,"column":6},"end":{"line":261,"column":null}},"80":{"start":{"line":259,"column":8},"end":{"line":259,"column":null}},"81":{"start":{"line":260,"column":8},"end":{"line":260,"column":null}},"82":{"start":{"line":263,"column":6},"end":{"line":265,"column":null}},"83":{"start":{"line":264,"column":8},"end":{"line":264,"column":null}},"84":{"start":{"line":268,"column":38},"end":{"line":273,"column":null}},"85":{"start":{"line":275,"column":6},"end":{"line":278,"column":null}},"86":{"start":{"line":276,"column":8},"end":{"line":276,"column":null}},"87":{"start":{"line":277,"column":8},"end":{"line":277,"column":null}},"88":{"start":{"line":281,"column":6},"end":{"line":281,"column":null}},"89":{"start":{"line":284,"column":6},"end":{"line":291,"column":null}},"90":{"start":{"line":285,"column":8},"end":{"line":289,"column":null}},"91":{"start":{"line":293,"column":6},"end":{"line":293,"column":null}},"92":{"start":{"line":294,"column":6},"end":{"line":294,"column":null}},"93":{"start":{"line":296,"column":20},"end":{"line":296,"column":null}},"94":{"start":{"line":297,"column":6},"end":{"line":297,"column":null}},"95":{"start":{"line":298,"column":6},"end":{"line":298,"column":null}},"96":{"start":{"line":303,"column":4},"end":{"line":347,"column":null}},"97":{"start":{"line":305,"column":6},"end":{"line":305,"column":null}},"98":{"start":{"line":307,"column":30},"end":{"line":310,"column":null}},"99":{"start":{"line":312,"column":6},"end":{"line":316,"column":null}},"100":{"start":{"line":313,"column":8},"end":{"line":313,"column":null}},"101":{"start":{"line":314,"column":8},"end":{"line":314,"column":null}},"102":{"start":{"line":315,"column":8},"end":{"line":315,"column":null}},"103":{"start":{"line":319,"column":6},"end":{"line":319,"column":null}},"104":{"start":{"line":322,"column":6},"end":{"line":324,"column":null}},"105":{"start":{"line":323,"column":8},"end":{"line":323,"column":null}},"106":{"start":{"line":327,"column":6},"end":{"line":338,"column":null}},"107":{"start":{"line":328,"column":8},"end":{"line":335,"column":null}},"108":{"start":{"line":337,"column":8},"end":{"line":337,"column":null}},"109":{"start":{"line":340,"column":6},"end":{"line":340,"column":null}},"110":{"start":{"line":341,"column":6},"end":{"line":341,"column":null}},"111":{"start":{"line":343,"column":6},"end":{"line":345,"column":null}},"112":{"start":{"line":344,"column":8},"end":{"line":344,"column":null}},"113":{"start":{"line":346,"column":6},"end":{"line":346,"column":null}},"114":{"start":{"line":351,"column":4},"end":{"line":368,"column":null}},"115":{"start":{"line":352,"column":24},"end":{"line":354,"column":null}},"116":{"start":{"line":356,"column":6},"end":{"line":359,"column":null}},"117":{"start":{"line":357,"column":8},"end":{"line":357,"column":null}},"118":{"start":{"line":358,"column":8},"end":{"line":358,"column":null}},"119":{"start":{"line":361,"column":6},"end":{"line":361,"column":null}},"120":{"start":{"line":362,"column":6},"end":{"line":362,"column":null}},"121":{"start":{"line":364,"column":6},"end":{"line":366,"column":null}},"122":{"start":{"line":365,"column":8},"end":{"line":365,"column":null}},"123":{"start":{"line":367,"column":6},"end":{"line":367,"column":null}},"124":{"start":{"line":372,"column":4},"end":{"line":400,"column":null}},"125":{"start":{"line":374,"column":6},"end":{"line":374,"column":null}},"126":{"start":{"line":377,"column":6},"end":{"line":377,"column":null}},"127":{"start":{"line":380,"column":40},"end":{"line":382,"column":null}},"128":{"start":{"line":383,"column":36},"end":{"line":383,"column":null}},"129":{"start":{"line":385,"column":6},"end":{"line":388,"column":null}},"130":{"start":{"line":386,"column":8},"end":{"line":386,"column":null}},"131":{"start":{"line":387,"column":8},"end":{"line":387,"column":null}},"132":{"start":{"line":391,"column":6},"end":{"line":391,"column":null}},"133":{"start":{"line":393,"column":6},"end":{"line":393,"column":null}},"134":{"start":{"line":394,"column":6},"end":{"line":394,"column":null}},"135":{"start":{"line":396,"column":6},"end":{"line":398,"column":null}},"136":{"start":{"line":397,"column":8},"end":{"line":397,"column":null}},"137":{"start":{"line":399,"column":6},"end":{"line":399,"column":null}},"138":{"start":{"line":404,"column":4},"end":{"line":422,"column":null}},"139":{"start":{"line":405,"column":24},"end":{"line":405,"column":null}},"140":{"start":{"line":407,"column":6},"end":{"line":410,"column":null}},"141":{"start":{"line":408,"column":8},"end":{"line":408,"column":null}},"142":{"start":{"line":409,"column":8},"end":{"line":409,"column":null}},"143":{"start":{"line":413,"column":6},"end":{"line":413,"column":null}},"144":{"start":{"line":415,"column":6},"end":{"line":415,"column":null}},"145":{"start":{"line":416,"column":6},"end":{"line":416,"column":null}},"146":{"start":{"line":418,"column":6},"end":{"line":420,"column":null}},"147":{"start":{"line":419,"column":8},"end":{"line":419,"column":null}},"148":{"start":{"line":421,"column":6},"end":{"line":421,"column":null}},"149":{"start":{"line":426,"column":4},"end":{"line":441,"column":null}},"150":{"start":{"line":427,"column":40},"end":{"line":427,"column":null}},"151":{"start":{"line":428,"column":36},"end":{"line":428,"column":null}},"152":{"start":{"line":430,"column":6},"end":{"line":433,"column":null}},"153":{"start":{"line":431,"column":8},"end":{"line":431,"column":null}},"154":{"start":{"line":432,"column":8},"end":{"line":432,"column":null}},"155":{"start":{"line":435,"column":6},"end":{"line":435,"column":null}},"156":{"start":{"line":437,"column":6},"end":{"line":439,"column":null}},"157":{"start":{"line":438,"column":8},"end":{"line":438,"column":null}},"158":{"start":{"line":440,"column":6},"end":{"line":440,"column":null}},"159":{"start":{"line":445,"column":4},"end":{"line":460,"column":null}},"160":{"start":{"line":446,"column":24},"end":{"line":446,"column":null}},"161":{"start":{"line":448,"column":6},"end":{"line":451,"column":null}},"162":{"start":{"line":449,"column":8},"end":{"line":449,"column":null}},"163":{"start":{"line":450,"column":8},"end":{"line":450,"column":null}},"164":{"start":{"line":453,"column":6},"end":{"line":453,"column":null}},"165":{"start":{"line":454,"column":6},"end":{"line":454,"column":null}},"166":{"start":{"line":456,"column":6},"end":{"line":458,"column":null}},"167":{"start":{"line":457,"column":8},"end":{"line":457,"column":null}},"168":{"start":{"line":459,"column":6},"end":{"line":459,"column":null}},"169":{"start":{"line":464,"column":4},"end":{"line":488,"column":null}},"170":{"start":{"line":466,"column":33},"end":{"line":469,"column":null}},"171":{"start":{"line":471,"column":6},"end":{"line":476,"column":null}},"172":{"start":{"line":473,"column":8},"end":{"line":475,"column":null}},"173":{"start":{"line":474,"column":10},"end":{"line":474,"column":null}},"174":{"start":{"line":479,"column":6},"end":{"line":479,"column":null}},"175":{"start":{"line":481,"column":6},"end":{"line":481,"column":null}},"176":{"start":{"line":482,"column":6},"end":{"line":482,"column":null}},"177":{"start":{"line":484,"column":6},"end":{"line":486,"column":null}},"178":{"start":{"line":485,"column":8},"end":{"line":485,"column":null}},"179":{"start":{"line":487,"column":6},"end":{"line":487,"column":null}},"180":{"start":{"line":492,"column":4},"end":{"line":513,"column":null}},"181":{"start":{"line":493,"column":30},"end":{"line":497,"column":null}},"182":{"start":{"line":499,"column":6},"end":{"line":502,"column":null}},"183":{"start":{"line":500,"column":8},"end":{"line":500,"column":null}},"184":{"start":{"line":501,"column":8},"end":{"line":501,"column":null}},"185":{"start":{"line":504,"column":6},"end":{"line":504,"column":null}},"186":{"start":{"line":506,"column":6},"end":{"line":509,"column":null}},"187":{"start":{"line":507,"column":8},"end":{"line":507,"column":null}},"188":{"start":{"line":508,"column":8},"end":{"line":508,"column":null}},"189":{"start":{"line":510,"column":27},"end":{"line":510,"column":null}},"190":{"start":{"line":511,"column":6},"end":{"line":511,"column":null}},"191":{"start":{"line":512,"column":6},"end":{"line":512,"column":null}},"192":{"start":{"line":517,"column":4},"end":{"line":535,"column":null}},"193":{"start":{"line":518,"column":30},"end":{"line":521,"column":null}},"194":{"start":{"line":523,"column":6},"end":{"line":526,"column":null}},"195":{"start":{"line":524,"column":8},"end":{"line":524,"column":null}},"196":{"start":{"line":525,"column":8},"end":{"line":525,"column":null}},"197":{"start":{"line":528,"column":6},"end":{"line":528,"column":null}},"198":{"start":{"line":529,"column":6},"end":{"line":529,"column":null}},"199":{"start":{"line":531,"column":6},"end":{"line":533,"column":null}},"200":{"start":{"line":532,"column":8},"end":{"line":532,"column":null}},"201":{"start":{"line":534,"column":6},"end":{"line":534,"column":null}},"202":{"start":{"line":539,"column":27},"end":{"line":539,"column":null}}},"fnMap":{"0":{"name":"(anonymous_4)","decl":{"start":{"line":54,"column":2},"end":{"line":54,"column":14}},"loc":{"start":{"line":54,"column":54},"end":{"line":56,"column":null}}},"1":{"name":"(anonymous_5)","decl":{"start":{"line":58,"column":10},"end":{"line":58,"column":27}},"loc":{"start":{"line":58,"column":51},"end":{"line":64,"column":null}}},"2":{"name":"(anonymous_6)","decl":{"start":{"line":66,"column":10},"end":{"line":66,"column":24}},"loc":{"start":{"line":66,"column":45},"end":{"line":70,"column":null}}},"3":{"name":"(anonymous_7)","decl":{"start":{"line":72,"column":10},"end":{"line":72,"column":37}},"loc":{"start":{"line":72,"column":55},"end":{"line":83,"column":null}}},"4":{"name":"(anonymous_8)","decl":{"start":{"line":85,"column":10},"end":{"line":85,"column":29}},"loc":{"start":{"line":85,"column":50},"end":{"line":92,"column":null}}},"5":{"name":"(anonymous_9)","decl":{"start":{"line":94,"column":2},"end":{"line":94,"column":16}},"loc":{"start":{"line":94,"column":116},"end":{"line":122,"column":null}}},"6":{"name":"(anonymous_10)","decl":{"start":{"line":124,"column":2},"end":{"line":124,"column":16}},"loc":{"start":{"line":124,"column":89},"end":{"line":138,"column":null}}},"7":{"name":"(anonymous_11)","decl":{"start":{"line":135,"column":21},"end":{"line":135,"column":26}},"loc":{"start":{"line":135,"column":26},"end":{"line":135,"column":61}}},"8":{"name":"(anonymous_12)","decl":{"start":{"line":140,"column":2},"end":{"line":140,"column":16}},"loc":{"start":{"line":140,"column":89},"end":{"line":170,"column":null}}},"9":{"name":"(anonymous_13)","decl":{"start":{"line":167,"column":38},"end":{"line":167,"column":43}},"loc":{"start":{"line":167,"column":43},"end":{"line":167,"column":47}}},"10":{"name":"(anonymous_14)","decl":{"start":{"line":172,"column":2},"end":{"line":172,"column":16}},"loc":{"start":{"line":172,"column":113},"end":{"line":185,"column":null}}},"11":{"name":"(anonymous_15)","decl":{"start":{"line":187,"column":2},"end":{"line":187,"column":16}},"loc":{"start":{"line":187,"column":93},"end":{"line":220,"column":null}}},"12":{"name":"(anonymous_16)","decl":{"start":{"line":222,"column":2},"end":{"line":222,"column":8}},"loc":{"start":{"line":222,"column":106},"end":{"line":300,"column":null}}},"13":{"name":"(anonymous_17)","decl":{"start":{"line":302,"column":2},"end":{"line":302,"column":8}},"loc":{"start":{"line":302,"column":103},"end":{"line":348,"column":null}}},"14":{"name":"(anonymous_18)","decl":{"start":{"line":350,"column":2},"end":{"line":350,"column":8}},"loc":{"start":{"line":350,"column":75},"end":{"line":369,"column":null}}},"15":{"name":"(anonymous_19)","decl":{"start":{"line":371,"column":2},"end":{"line":371,"column":8}},"loc":{"start":{"line":371,"column":83},"end":{"line":401,"column":null}}},"16":{"name":"(anonymous_20)","decl":{"start":{"line":403,"column":2},"end":{"line":403,"column":8}},"loc":{"start":{"line":403,"column":77},"end":{"line":423,"column":null}}},"17":{"name":"(anonymous_21)","decl":{"start":{"line":425,"column":2},"end":{"line":425,"column":8}},"loc":{"start":{"line":425,"column":98},"end":{"line":442,"column":null}}},"18":{"name":"(anonymous_22)","decl":{"start":{"line":444,"column":2},"end":{"line":444,"column":8}},"loc":{"start":{"line":444,"column":73},"end":{"line":461,"column":null}}},"19":{"name":"(anonymous_23)","decl":{"start":{"line":463,"column":2},"end":{"line":463,"column":8}},"loc":{"start":{"line":463,"column":73},"end":{"line":489,"column":null}}},"20":{"name":"(anonymous_24)","decl":{"start":{"line":491,"column":2},"end":{"line":491,"column":8}},"loc":{"start":{"line":491,"column":96},"end":{"line":514,"column":null}}},"21":{"name":"(anonymous_25)","decl":{"start":{"line":516,"column":2},"end":{"line":516,"column":8}},"loc":{"start":{"line":516,"column":38},"end":{"line":536,"column":null}}}},"branchMap":{"0":{"loc":{"start":{"line":54,"column":14},"end":{"line":54,"column":52}},"type":"default-arg","locations":[{"start":{"line":54,"column":39},"end":{"line":54,"column":52}}]},"1":{"loc":{"start":{"line":59,"column":4},"end":{"line":63,"column":null}},"type":"if","locations":[{"start":{"line":59,"column":4},"end":{"line":63,"column":null}}]},"2":{"loc":{"start":{"line":67,"column":4},"end":{"line":69,"column":null}},"type":"if","locations":[{"start":{"line":67,"column":4},"end":{"line":69,"column":null}}]},"3":{"loc":{"start":{"line":73,"column":21},"end":{"line":73,"column":null}},"type":"binary-expr","locations":[{"start":{"line":73,"column":21},"end":{"line":73,"column":53}},{"start":{"line":73,"column":53},"end":{"line":73,"column":null}}]},"4":{"loc":{"start":{"line":75,"column":4},"end":{"line":78,"column":null}},"type":"if","locations":[{"start":{"line":75,"column":4},"end":{"line":78,"column":null}}]},"5":{"loc":{"start":{"line":86,"column":21},"end":{"line":86,"column":null}},"type":"binary-expr","locations":[{"start":{"line":86,"column":21},"end":{"line":86,"column":49}},{"start":{"line":86,"column":49},"end":{"line":86,"column":null}}]},"6":{"loc":{"start":{"line":88,"column":4},"end":{"line":91,"column":null}},"type":"if","locations":[{"start":{"line":88,"column":4},"end":{"line":91,"column":null}}]},"7":{"loc":{"start":{"line":95,"column":21},"end":{"line":95,"column":null}},"type":"binary-expr","locations":[{"start":{"line":95,"column":21},"end":{"line":95,"column":49}},{"start":{"line":95,"column":49},"end":{"line":95,"column":null}}]},"8":{"loc":{"start":{"line":97,"column":4},"end":{"line":121,"column":null}},"type":"if","locations":[{"start":{"line":97,"column":4},"end":{"line":121,"column":null}},{"start":{"line":100,"column":11},"end":{"line":121,"column":null}}]},"9":{"loc":{"start":{"line":134,"column":20},"end":{"line":134,"column":45}},"type":"binary-expr","locations":[{"start":{"line":134,"column":20},"end":{"line":134,"column":43}},{"start":{"line":134,"column":43},"end":{"line":134,"column":45}}]},"10":{"loc":{"start":{"line":135,"column":4},"end":{"line":137,"column":null}},"type":"if","locations":[{"start":{"line":135,"column":4},"end":{"line":137,"column":null}}]},"11":{"loc":{"start":{"line":166,"column":4},"end":{"line":169,"column":null}},"type":"if","locations":[{"start":{"line":166,"column":4},"end":{"line":169,"column":null}}]},"12":{"loc":{"start":{"line":166,"column":8},"end":{"line":166,"column":49}},"type":"binary-expr","locations":[{"start":{"line":166,"column":8},"end":{"line":166,"column":24}},{"start":{"line":166,"column":24},"end":{"line":166,"column":49}}]},"13":{"loc":{"start":{"line":199,"column":4},"end":{"line":219,"column":null}},"type":"if","locations":[{"start":{"line":199,"column":4},"end":{"line":219,"column":null}}]},"14":{"loc":{"start":{"line":225,"column":6},"end":{"line":227,"column":null}},"type":"if","locations":[{"start":{"line":225,"column":6},"end":{"line":227,"column":null}}]},"15":{"loc":{"start":{"line":239,"column":28},"end":{"line":239,"column":59}},"type":"binary-expr","locations":[{"start":{"line":239,"column":28},"end":{"line":239,"column":57}},{"start":{"line":239,"column":57},"end":{"line":239,"column":59}}]},"16":{"loc":{"start":{"line":240,"column":6},"end":{"line":242,"column":null}},"type":"if","locations":[{"start":{"line":240,"column":6},"end":{"line":242,"column":null}}]},"17":{"loc":{"start":{"line":252,"column":27},"end":{"line":254,"column":null}},"type":"cond-expr","locations":[{"start":{"line":253,"column":14},"end":{"line":253,"column":53}},{"start":{"line":254,"column":14},"end":{"line":254,"column":null}}]},"18":{"loc":{"start":{"line":258,"column":6},"end":{"line":261,"column":null}},"type":"if","locations":[{"start":{"line":258,"column":6},"end":{"line":261,"column":null}}]},"19":{"loc":{"start":{"line":263,"column":6},"end":{"line":265,"column":null}},"type":"if","locations":[{"start":{"line":263,"column":6},"end":{"line":265,"column":null}}]},"20":{"loc":{"start":{"line":275,"column":6},"end":{"line":278,"column":null}},"type":"if","locations":[{"start":{"line":275,"column":6},"end":{"line":278,"column":null}}]},"21":{"loc":{"start":{"line":284,"column":6},"end":{"line":291,"column":null}},"type":"if","locations":[{"start":{"line":284,"column":6},"end":{"line":291,"column":null}}]},"22":{"loc":{"start":{"line":296,"column":20},"end":{"line":296,"column":null}},"type":"cond-expr","locations":[{"start":{"line":296,"column":43},"end":{"line":296,"column":49}},{"start":{"line":296,"column":49},"end":{"line":296,"column":null}}]},"23":{"loc":{"start":{"line":312,"column":6},"end":{"line":316,"column":null}},"type":"if","locations":[{"start":{"line":312,"column":6},"end":{"line":316,"column":null}}]},"24":{"loc":{"start":{"line":322,"column":6},"end":{"line":324,"column":null}},"type":"if","locations":[{"start":{"line":322,"column":6},"end":{"line":324,"column":null}}]},"25":{"loc":{"start":{"line":322,"column":10},"end":{"line":322,"column":35}},"type":"binary-expr","locations":[{"start":{"line":322,"column":10},"end":{"line":322,"column":19}},{"start":{"line":322,"column":23},"end":{"line":322,"column":35}}]},"26":{"loc":{"start":{"line":343,"column":6},"end":{"line":345,"column":null}},"type":"if","locations":[{"start":{"line":343,"column":6},"end":{"line":345,"column":null}}]},"27":{"loc":{"start":{"line":353,"column":20},"end":{"line":353,"column":null}},"type":"cond-expr","locations":[{"start":{"line":353,"column":52},"end":{"line":353,"column":94}},{"start":{"line":353,"column":97},"end":{"line":353,"column":null}}]},"28":{"loc":{"start":{"line":356,"column":6},"end":{"line":359,"column":null}},"type":"if","locations":[{"start":{"line":356,"column":6},"end":{"line":359,"column":null}}]},"29":{"loc":{"start":{"line":364,"column":6},"end":{"line":366,"column":null}},"type":"if","locations":[{"start":{"line":364,"column":6},"end":{"line":366,"column":null}}]},"30":{"loc":{"start":{"line":385,"column":6},"end":{"line":388,"column":null}},"type":"if","locations":[{"start":{"line":385,"column":6},"end":{"line":388,"column":null}}]},"31":{"loc":{"start":{"line":396,"column":6},"end":{"line":398,"column":null}},"type":"if","locations":[{"start":{"line":396,"column":6},"end":{"line":398,"column":null}}]},"32":{"loc":{"start":{"line":407,"column":6},"end":{"line":410,"column":null}},"type":"if","locations":[{"start":{"line":407,"column":6},"end":{"line":410,"column":null}}]},"33":{"loc":{"start":{"line":418,"column":6},"end":{"line":420,"column":null}},"type":"if","locations":[{"start":{"line":418,"column":6},"end":{"line":420,"column":null}}]},"34":{"loc":{"start":{"line":430,"column":6},"end":{"line":433,"column":null}},"type":"if","locations":[{"start":{"line":430,"column":6},"end":{"line":433,"column":null}}]},"35":{"loc":{"start":{"line":437,"column":6},"end":{"line":439,"column":null}},"type":"if","locations":[{"start":{"line":437,"column":6},"end":{"line":439,"column":null}}]},"36":{"loc":{"start":{"line":448,"column":6},"end":{"line":451,"column":null}},"type":"if","locations":[{"start":{"line":448,"column":6},"end":{"line":451,"column":null}}]},"37":{"loc":{"start":{"line":456,"column":6},"end":{"line":458,"column":null}},"type":"if","locations":[{"start":{"line":456,"column":6},"end":{"line":458,"column":null}}]},"38":{"loc":{"start":{"line":471,"column":6},"end":{"line":476,"column":null}},"type":"if","locations":[{"start":{"line":471,"column":6},"end":{"line":476,"column":null}}]},"39":{"loc":{"start":{"line":484,"column":6},"end":{"line":486,"column":null}},"type":"if","locations":[{"start":{"line":484,"column":6},"end":{"line":486,"column":null}}]},"40":{"loc":{"start":{"line":499,"column":6},"end":{"line":502,"column":null}},"type":"if","locations":[{"start":{"line":499,"column":6},"end":{"line":502,"column":null}}]},"41":{"loc":{"start":{"line":504,"column":21},"end":{"line":504,"column":31}},"type":"binary-expr","locations":[{"start":{"line":504,"column":21},"end":{"line":504,"column":29}},{"start":{"line":504,"column":29},"end":{"line":504,"column":31}}]},"42":{"loc":{"start":{"line":506,"column":6},"end":{"line":509,"column":null}},"type":"if","locations":[{"start":{"line":506,"column":6},"end":{"line":509,"column":null}}]},"43":{"loc":{"start":{"line":523,"column":6},"end":{"line":526,"column":null}},"type":"if","locations":[{"start":{"line":523,"column":6},"end":{"line":526,"column":null}}]},"44":{"loc":{"start":{"line":529,"column":13},"end":{"line":529,"column":23}},"type":"binary-expr","locations":[{"start":{"line":529,"column":13},"end":{"line":529,"column":21}},{"start":{"line":529,"column":21},"end":{"line":529,"column":23}}]},"45":{"loc":{"start":{"line":531,"column":6},"end":{"line":533,"column":null}},"type":"if","locations":[{"start":{"line":531,"column":6},"end":{"line":533,"column":null}}]}},"s":{"0":35,"1":0,"2":1,"3":1,"4":1,"5":1,"6":1,"7":1,"8":1,"9":1,"10":1,"11":1,"12":1,"13":1,"14":1,"15":1,"16":1,"17":1,"18":36,"19":2,"20":1,"21":3,"22":1,"23":0,"24":0,"25":0,"26":0,"27":0,"28":0,"29":0,"30":5,"31":5,"32":0,"33":0,"34":5,"35":5,"36":2,"37":3,"38":3,"39":3,"40":3,"41":3,"42":3,"43":0,"44":0,"45":0,"46":0,"47":0,"48":0,"49":0,"50":0,"51":0,"52":0,"53":0,"54":0,"55":0,"56":0,"57":0,"58":0,"59":0,"60":2,"61":2,"62":2,"63":2,"64":2,"65":1,"66":1,"67":1,"68":1,"69":3,"70":3,"71":0,"72":3,"73":2,"74":2,"75":2,"76":0,"77":2,"78":1,"79":1,"80":1,"81":1,"82":0,"83":0,"84":0,"85":0,"86":0,"87":0,"88":0,"89":0,"90":0,"91":0,"92":0,"93":3,"94":3,"95":3,"96":5,"97":5,"98":5,"99":5,"100":3,"101":3,"102":3,"103":2,"104":2,"105":2,"106":2,"107":2,"108":0,"109":2,"110":2,"111":3,"112":3,"113":3,"114":0,"115":0,"116":0,"117":0,"118":0,"119":0,"120":0,"121":0,"122":0,"123":0,"124":0,"125":0,"126":0,"127":0,"128":0,"129":0,"130":0,"131":0,"132":0,"133":0,"134":0,"135":0,"136":0,"137":0,"138":4,"139":4,"140":4,"141":2,"142":2,"143":2,"144":1,"145":1,"146":3,"147":3,"148":3,"149":4,"150":4,"151":4,"152":4,"153":2,"154":2,"155":2,"156":2,"157":2,"158":2,"159":2,"160":2,"161":2,"162":1,"163":1,"164":1,"165":1,"166":1,"167":1,"168":1,"169":0,"170":0,"171":0,"172":0,"173":0,"174":0,"175":0,"176":0,"177":0,"178":0,"179":0,"180":1,"181":1,"182":1,"183":1,"184":1,"185":0,"186":0,"187":0,"188":0,"189":0,"190":0,"191":0,"192":0,"193":0,"194":0,"195":0,"196":0,"197":0,"198":0,"199":0,"200":0,"201":0,"202":1},"f":{"0":36,"1":2,"2":3,"3":0,"4":5,"5":5,"6":0,"7":0,"8":0,"9":0,"10":2,"11":2,"12":3,"13":5,"14":0,"15":0,"16":4,"17":4,"18":2,"19":0,"20":1,"21":0},"b":{"0":[1],"1":[1],"2":[1],"3":[0,0],"4":[0],"5":[5,3],"6":[0],"7":[5,3],"8":[2,3],"9":[0,0],"10":[0],"11":[0],"12":[0,0],"13":[1],"14":[0],"15":[2,0],"16":[0],"17":[1,0],"18":[1],"19":[0],"20":[0],"21":[0],"22":[3,0],"23":[3],"24":[2],"25":[2,2],"26":[3],"27":[0,0],"28":[0],"29":[0],"30":[0],"31":[0],"32":[2],"33":[3],"34":[2],"35":[2],"36":[1],"37":[1],"38":[0],"39":[0],"40":[1],"41":[0,0],"42":[0],"43":[0],"44":[0,0],"45":[0]}}
,"/Users/reeceharding/Gauntlet/New Scrapin'/src/services/server-logger.ts": {"path":"/Users/reeceharding/Gauntlet/New Scrapin'/src/services/server-logger.ts","statementMap":{"0":{"start":{"line":7,"column":13},"end":{"line":7,"column":25}},"1":{"start":{"line":177,"column":0},"end":{"line":177,"column":15}},"2":{"start":{"line":1,"column":17},"end":{"line":1,"column":null}},"3":{"start":{"line":2,"column":15},"end":{"line":2,"column":null}},"4":{"start":{"line":3,"column":18},"end":{"line":3,"column":null}},"5":{"start":{"line":5,"column":21},"end":{"line":5,"column":33}},"6":{"start":{"line":16,"column":4},"end":{"line":16,"column":null}},"7":{"start":{"line":17,"column":4},"end":{"line":17,"column":null}},"8":{"start":{"line":18,"column":4},"end":{"line":18,"column":null}},"9":{"start":{"line":19,"column":4},"end":{"line":19,"column":null}},"10":{"start":{"line":20,"column":4},"end":{"line":20,"column":null}},"11":{"start":{"line":24,"column":4},"end":{"line":26,"column":null}},"12":{"start":{"line":25,"column":6},"end":{"line":25,"column":null}},"13":{"start":{"line":27,"column":4},"end":{"line":27,"column":null}},"14":{"start":{"line":31,"column":4},"end":{"line":31,"column":null}},"15":{"start":{"line":32,"column":4},"end":{"line":41,"column":null}},"16":{"start":{"line":34,"column":6},"end":{"line":36,"column":null}},"17":{"start":{"line":35,"column":8},"end":{"line":35,"column":null}},"18":{"start":{"line":37,"column":6},"end":{"line":37,"column":null}},"19":{"start":{"line":39,"column":6},"end":{"line":39,"column":null}},"20":{"start":{"line":40,"column":6},"end":{"line":40,"column":null}},"21":{"start":{"line":45,"column":4},"end":{"line":45,"column":null}},"22":{"start":{"line":49,"column":4},"end":{"line":49,"column":null}},"23":{"start":{"line":50,"column":4},"end":{"line":50,"column":null}},"24":{"start":{"line":54,"column":4},"end":{"line":66,"column":null}},"25":{"start":{"line":55,"column":6},"end":{"line":63,"column":null}},"26":{"start":{"line":56,"column":22},"end":{"line":56,"column":null}},"27":{"start":{"line":57,"column":8},"end":{"line":62,"column":null}},"28":{"start":{"line":58,"column":28},"end":{"line":58,"column":null}},"29":{"start":{"line":59,"column":30},"end":{"line":59,"column":null}},"30":{"start":{"line":60,"column":10},"end":{"line":60,"column":null}},"31":{"start":{"line":61,"column":10},"end":{"line":61,"column":null}},"32":{"start":{"line":65,"column":6},"end":{"line":65,"column":null}},"33":{"start":{"line":70,"column":4},"end":{"line":86,"column":null}},"34":{"start":{"line":71,"column":23},"end":{"line":71,"column":null}},"35":{"start":{"line":72,"column":22},"end":{"line":72,"column":null}},"36":{"start":{"line":75,"column":6},"end":{"line":75,"column":null}},"37":{"start":{"line":77,"column":23},"end":{"line":81,"column":null}},"38":{"start":{"line":83,"column":6},"end":{"line":83,"column":null}},"39":{"start":{"line":85,"column":6},"end":{"line":85,"column":null}},"40":{"start":{"line":90,"column":20},"end":{"line":97,"column":null}},"41":{"start":{"line":100,"column":4},"end":{"line":103,"column":null}},"42":{"start":{"line":101,"column":6},"end":{"line":101,"column":null}},"43":{"start":{"line":102,"column":6},"end":{"line":102,"column":null}},"44":{"start":{"line":105,"column":4},"end":{"line":118,"column":null}},"45":{"start":{"line":106,"column":24},"end":{"line":106,"column":null}},"46":{"start":{"line":107,"column":6},"end":{"line":113,"column":null}},"47":{"start":{"line":115,"column":6},"end":{"line":115,"column":null}},"48":{"start":{"line":117,"column":6},"end":{"line":117,"column":null}},"49":{"start":{"line":122,"column":4},"end":{"line":122,"column":null}},"50":{"start":{"line":126,"column":4},"end":{"line":126,"column":null}},"51":{"start":{"line":130,"column":4},"end":{"line":130,"column":null}},"52":{"start":{"line":134,"column":25},"end":{"line":134,"column":null}},"53":{"start":{"line":135,"column":4},"end":{"line":139,"column":null}},"54":{"start":{"line":141,"column":4},"end":{"line":141,"column":null}},"55":{"start":{"line":145,"column":4},"end":{"line":147,"column":null}},"56":{"start":{"line":146,"column":6},"end":{"line":146,"column":null}},"57":{"start":{"line":148,"column":4},"end":{"line":148,"column":null}},"58":{"start":{"line":150,"column":16},"end":{"line":150,"column":null}},"59":{"start":{"line":151,"column":26},"end":{"line":151,"column":32}},"60":{"start":{"line":153,"column":4},"end":{"line":164,"column":null}},"61":{"start":{"line":154,"column":24},"end":{"line":160,"column":null}},"62":{"start":{"line":162,"column":6},"end":{"line":162,"column":null}},"63":{"start":{"line":163,"column":6},"end":{"line":163,"column":null}},"64":{"start":{"line":168,"column":4},"end":{"line":173,"column":null}},"65":{"start":{"line":177,"column":15},"end":{"line":177,"column":42}}},"fnMap":{"0":{"name":"(anonymous_4)","decl":{"start":{"line":15,"column":2},"end":{"line":15,"column":24}},"loc":{"start":{"line":15,"column":24},"end":{"line":21,"column":null}}},"1":{"name":"(anonymous_5)","decl":{"start":{"line":23,"column":2},"end":{"line":23,"column":16}},"loc":{"start":{"line":23,"column":44},"end":{"line":28,"column":null}}},"2":{"name":"(anonymous_6)","decl":{"start":{"line":30,"column":9},"end":{"line":30,"column":21}},"loc":{"start":{"line":30,"column":45},"end":{"line":42,"column":null}}},"3":{"name":"(anonymous_7)","decl":{"start":{"line":44,"column":9},"end":{"line":44,"column":20}},"loc":{"start":{"line":44,"column":56},"end":{"line":46,"column":null}}},"4":{"name":"(anonymous_8)","decl":{"start":{"line":48,"column":9},"end":{"line":48,"column":33}},"loc":{"start":{"line":48,"column":33},"end":{"line":51,"column":null}}},"5":{"name":"(anonymous_9)","decl":{"start":{"line":53,"column":2},"end":{"line":53,"column":16}},"loc":{"start":{"line":53,"column":62},"end":{"line":67,"column":null}}},"6":{"name":"(anonymous_10)","decl":{"start":{"line":69,"column":2},"end":{"line":69,"column":16}},"loc":{"start":{"line":69,"column":83},"end":{"line":87,"column":null}}},"7":{"name":"(anonymous_11)","decl":{"start":{"line":89,"column":2},"end":{"line":89,"column":16}},"loc":{"start":{"line":89,"column":110},"end":{"line":119,"column":null}}},"8":{"name":"(anonymous_12)","decl":{"start":{"line":121,"column":2},"end":{"line":121,"column":15}},"loc":{"start":{"line":121,"column":64},"end":{"line":123,"column":null}}},"9":{"name":"(anonymous_13)","decl":{"start":{"line":125,"column":2},"end":{"line":125,"column":15}},"loc":{"start":{"line":125,"column":64},"end":{"line":127,"column":null}}},"10":{"name":"(anonymous_14)","decl":{"start":{"line":129,"column":2},"end":{"line":129,"column":15}},"loc":{"start":{"line":129,"column":65},"end":{"line":131,"column":null}}},"11":{"name":"(anonymous_15)","decl":{"start":{"line":133,"column":2},"end":{"line":133,"column":15}},"loc":{"start":{"line":133,"column":71},"end":{"line":142,"column":null}}},"12":{"name":"(anonymous_16)","decl":{"start":{"line":144,"column":2},"end":{"line":144,"column":16}},"loc":{"start":{"line":144,"column":73},"end":{"line":165,"column":null}}},"13":{"name":"(anonymous_17)","decl":{"start":{"line":167,"column":2},"end":{"line":167,"column":15}},"loc":{"start":{"line":167,"column":94},"end":{"line":174,"column":null}}}},"branchMap":{"0":{"loc":{"start":{"line":24,"column":4},"end":{"line":26,"column":null}},"type":"if","locations":[{"start":{"line":24,"column":4},"end":{"line":26,"column":null}}]},"1":{"loc":{"start":{"line":32,"column":4},"end":{"line":41,"column":null}},"type":"if","locations":[{"start":{"line":32,"column":4},"end":{"line":41,"column":null}}]},"2":{"loc":{"start":{"line":34,"column":6},"end":{"line":36,"column":null}},"type":"if","locations":[{"start":{"line":34,"column":6},"end":{"line":36,"column":null}}]},"3":{"loc":{"start":{"line":55,"column":6},"end":{"line":63,"column":null}},"type":"if","locations":[{"start":{"line":55,"column":6},"end":{"line":63,"column":null}}]},"4":{"loc":{"start":{"line":57,"column":8},"end":{"line":62,"column":null}},"type":"if","locations":[{"start":{"line":57,"column":8},"end":{"line":62,"column":null}}]},"5":{"loc":{"start":{"line":69,"column":42},"end":{"line":69,"column":66}},"type":"default-arg","locations":[{"start":{"line":69,"column":61},"end":{"line":69,"column":66}}]},"6":{"loc":{"start":{"line":71,"column":23},"end":{"line":71,"column":null}},"type":"cond-expr","locations":[{"start":{"line":71,"column":33},"end":{"line":71,"column":47}},{"start":{"line":71,"column":47},"end":{"line":71,"column":null}}]},"7":{"loc":{"start":{"line":80,"column":19},"end":{"line":80,"column":null}},"type":"binary-expr","locations":[{"start":{"line":80,"column":19},"end":{"line":80,"column":36}},{"start":{"line":80,"column":40},"end":{"line":80,"column":null}}]},"8":{"loc":{"start":{"line":89,"column":73},"end":{"line":89,"column":93}},"type":"default-arg","locations":[{"start":{"line":89,"column":88},"end":{"line":89,"column":93}}]},"9":{"loc":{"start":{"line":100,"column":4},"end":{"line":103,"column":null}},"type":"if","locations":[{"start":{"line":100,"column":4},"end":{"line":103,"column":null}}]},"10":{"loc":{"start":{"line":106,"column":24},"end":{"line":106,"column":null}},"type":"binary-expr","locations":[{"start":{"line":106,"column":24},"end":{"line":106,"column":47}},{"start":{"line":106,"column":51},"end":{"line":106,"column":null}}]},"11":{"loc":{"start":{"line":134,"column":25},"end":{"line":134,"column":null}},"type":"cond-expr","locations":[{"start":{"line":134,"column":50},"end":{"line":134,"column":63}},{"start":{"line":134,"column":66},"end":{"line":134,"column":null}}]},"12":{"loc":{"start":{"line":137,"column":10},"end":{"line":137,"column":58}},"type":"binary-expr","locations":[{"start":{"line":137,"column":10},"end":{"line":137,"column":36}},{"start":{"line":137,"column":36},"end":{"line":137,"column":58}}]},"13":{"loc":{"start":{"line":145,"column":4},"end":{"line":147,"column":null}},"type":"if","locations":[{"start":{"line":145,"column":4},"end":{"line":147,"column":null}}]},"14":{"loc":{"start":{"line":153,"column":4},"end":{"line":164,"column":null}},"type":"if","locations":[{"start":{"line":153,"column":4},"end":{"line":164,"column":null}}]},"15":{"loc":{"start":{"line":153,"column":8},"end":{"line":153,"column":89}},"type":"binary-expr","locations":[{"start":{"line":153,"column":8},"end":{"line":153,"column":46}},{"start":{"line":153,"column":46},"end":{"line":153,"column":89}}]}},"s":{"0":0,"1":10106,"2":2,"3":2,"4":2,"5":2,"6":2,"7":2,"8":2,"9":2,"10":2,"11":2,"12":2,"13":2,"14":20,"15":20,"16":10,"17":10,"18":10,"19":10,"20":10,"21":4,"22":13,"23":13,"24":10053,"25":10053,"26":10053,"27":10023,"28":1,"29":1,"30":1,"31":1,"32":1,"33":10053,"34":10053,"35":10053,"36":10053,"37":10024,"38":10024,"39":1,"40":10053,"41":10053,"42":10045,"43":10016,"44":8,"45":8,"46":8,"47":8,"48":8,"49":10010,"50":3,"51":0,"52":36,"53":36,"54":14,"55":14,"56":4,"57":14,"58":14,"59":14,"60":14,"61":2,"62":2,"63":2,"64":2,"65":2},"f":{"0":2,"1":2,"2":20,"3":4,"4":13,"5":10053,"6":10053,"7":10053,"8":10010,"9":3,"10":0,"11":36,"12":14,"13":2},"b":{"0":[2],"1":[10],"2":[10],"3":[10053],"4":[1],"5":[0],"6":[36,10017],"7":[10024,0],"8":[10049],"9":[10045],"10":[8,8],"11":[36,0],"12":[36,36],"13":[4],"14":[2],"15":[14,4]}}
,"/Users/reeceharding/Gauntlet/New Scrapin'/src/services/user-profile.ts": {"path":"/Users/reeceharding/Gauntlet/New Scrapin'/src/services/user-profile.ts","statementMap":{"0":{"start":{"line":41,"column":13},"end":{"line":41,"column":39}},"1":{"start":{"line":139,"column":13},"end":{"line":139,"column":31}},"2":{"start":{"line":2,"column":19},"end":{"line":2,"column":null}},"3":{"start":{"line":138,"column":25},"end":{"line":138,"column":null}},"4":{"start":{"line":42,"column":22},"end":{"line":42,"column":44}},"5":{"start":{"line":45,"column":4},"end":{"line":62,"column":null}},"6":{"start":{"line":46,"column":30},"end":{"line":50,"column":null}},"7":{"start":{"line":52,"column":6},"end":{"line":55,"column":null}},"8":{"start":{"line":53,"column":8},"end":{"line":53,"column":null}},"9":{"start":{"line":54,"column":8},"end":{"line":54,"column":null}},"10":{"start":{"line":57,"column":6},"end":{"line":57,"column":null}},"11":{"start":{"line":59,"column":25},"end":{"line":59,"column":null}},"12":{"start":{"line":60,"column":6},"end":{"line":60,"column":null}},"13":{"start":{"line":61,"column":6},"end":{"line":61,"column":null}},"14":{"start":{"line":66,"column":4},"end":{"line":86,"column":null}},"15":{"start":{"line":67,"column":39},"end":{"line":75,"column":null}},"16":{"start":{"line":77,"column":6},"end":{"line":80,"column":null}},"17":{"start":{"line":78,"column":8},"end":{"line":78,"column":null}},"18":{"start":{"line":79,"column":8},"end":{"line":79,"column":null}},"19":{"start":{"line":82,"column":6},"end":{"line":82,"column":null}},"20":{"start":{"line":84,"column":6},"end":{"line":84,"column":null}},"21":{"start":{"line":85,"column":6},"end":{"line":85,"column":null}},"22":{"start":{"line":90,"column":4},"end":{"line":115,"column":null}},"23":{"start":{"line":91,"column":39},"end":{"line":104,"column":null}},"24":{"start":{"line":106,"column":6},"end":{"line":109,"column":null}},"25":{"start":{"line":107,"column":8},"end":{"line":107,"column":null}},"26":{"start":{"line":108,"column":8},"end":{"line":108,"column":null}},"27":{"start":{"line":111,"column":6},"end":{"line":111,"column":null}},"28":{"start":{"line":113,"column":6},"end":{"line":113,"column":null}},"29":{"start":{"line":114,"column":6},"end":{"line":114,"column":null}},"30":{"start":{"line":119,"column":4},"end":{"line":133,"column":null}},"31":{"start":{"line":120,"column":24},"end":{"line":124,"column":null}},"32":{"start":{"line":126,"column":6},"end":{"line":129,"column":null}},"33":{"start":{"line":127,"column":8},"end":{"line":127,"column":null}},"34":{"start":{"line":128,"column":8},"end":{"line":128,"column":null}},"35":{"start":{"line":131,"column":6},"end":{"line":131,"column":null}},"36":{"start":{"line":132,"column":6},"end":{"line":132,"column":null}},"37":{"start":{"line":139,"column":34},"end":{"line":139,"column":null}}},"fnMap":{"0":{"name":"(anonymous_4)","decl":{"start":{"line":42,"column":2},"end":{"line":42,"column":14}},"loc":{"start":{"line":42,"column":46},"end":{"line":42,"column":null}}},"1":{"name":"(anonymous_5)","decl":{"start":{"line":44,"column":2},"end":{"line":44,"column":8}},"loc":{"start":{"line":44,"column":64},"end":{"line":63,"column":null}}},"2":{"name":"(anonymous_6)","decl":{"start":{"line":65,"column":2},"end":{"line":65,"column":8}},"loc":{"start":{"line":65,"column":85},"end":{"line":87,"column":null}}},"3":{"name":"(anonymous_7)","decl":{"start":{"line":89,"column":2},"end":{"line":89,"column":8}},"loc":{"start":{"line":89,"column":85},"end":{"line":116,"column":null}}},"4":{"name":"(anonymous_8)","decl":{"start":{"line":118,"column":2},"end":{"line":118,"column":8}},"loc":{"start":{"line":118,"column":53},"end":{"line":134,"column":null}}}},"branchMap":{"0":{"loc":{"start":{"line":52,"column":6},"end":{"line":55,"column":null}},"type":"if","locations":[{"start":{"line":52,"column":6},"end":{"line":55,"column":null}}]},"1":{"loc":{"start":{"line":59,"column":25},"end":{"line":59,"column":null}},"type":"cond-expr","locations":[{"start":{"line":59,"column":50},"end":{"line":59,"column":58}},{"start":{"line":59,"column":58},"end":{"line":59,"column":null}}]},"2":{"loc":{"start":{"line":77,"column":6},"end":{"line":80,"column":null}},"type":"if","locations":[{"start":{"line":77,"column":6},"end":{"line":80,"column":null}}]},"3":{"loc":{"start":{"line":84,"column":19},"end":{"line":84,"column":null}},"type":"cond-expr","locations":[{"start":{"line":84,"column":44},"end":{"line":84,"column":52}},{"start":{"line":84,"column":52},"end":{"line":84,"column":null}}]},"4":{"loc":{"start":{"line":106,"column":6},"end":{"line":109,"column":null}},"type":"if","locations":[{"start":{"line":106,"column":6},"end":{"line":109,"column":null}}]},"5":{"loc":{"start":{"line":113,"column":19},"end":{"line":113,"column":null}},"type":"cond-expr","locations":[{"start":{"line":113,"column":44},"end":{"line":113,"column":52}},{"start":{"line":113,"column":52},"end":{"line":113,"column":null}}]},"6":{"loc":{"start":{"line":126,"column":6},"end":{"line":129,"column":null}},"type":"if","locations":[{"start":{"line":126,"column":6},"end":{"line":129,"column":null}}]},"7":{"loc":{"start":{"line":131,"column":19},"end":{"line":131,"column":null}},"type":"cond-expr","locations":[{"start":{"line":131,"column":44},"end":{"line":131,"column":52}},{"start":{"line":131,"column":52},"end":{"line":131,"column":null}}]}},"s":{"0":12,"1":0,"2":1,"3":1,"4":13,"5":3,"6":3,"7":2,"8":1,"9":1,"10":1,"11":2,"12":2,"13":2,"14":3,"15":3,"16":3,"17":2,"18":2,"19":1,"20":2,"21":2,"22":3,"23":3,"24":3,"25":2,"26":2,"27":1,"28":2,"29":2,"30":3,"31":3,"32":3,"33":2,"34":2,"35":2,"36":2,"37":1},"f":{"0":13,"1":3,"2":3,"3":3,"4":3},"b":{"0":[1],"1":[1,1],"2":[2],"3":[2,0],"4":[2],"5":[2,0],"6":[2],"7":[2,0]}}
}
