TN:
SF:src/lib/supabase.ts
FNF:0
FNH:0
DA:1,1
DA:3,1
DA:4,1
DA:6,1
LF:4
LH:4
BRF:0
BRH:0
end_of_record
TN:
SF:src/services/auth.ts
FN:54,(anonymous_4)
FN:58,(anonymous_5)
FN:66,(anonymous_6)
FN:72,(anonymous_7)
FN:85,(anonymous_8)
FN:94,(anonymous_9)
FN:124,(anonymous_10)
FN:135,(anonymous_11)
FN:140,(anonymous_12)
FN:167,(anonymous_13)
FN:172,(anonymous_14)
FN:187,(anonymous_15)
FN:222,(anonymous_16)
FN:302,(anonymous_17)
FN:350,(anonymous_18)
FN:371,(anonymous_19)
FN:403,(anonymous_20)
FN:425,(anonymous_21)
FN:444,(anonymous_22)
FN:463,(anonymous_23)
FN:491,(anonymous_24)
FN:516,(anonymous_25)
FNF:22
FNH:13
FNDA:36,(anonymous_4)
FNDA:2,(anonymous_5)
FNDA:3,(anonymous_6)
FNDA:0,(anonymous_7)
FNDA:5,(anonymous_8)
FNDA:5,(anonymous_9)
FNDA:0,(anonymous_10)
FNDA:0,(anonymous_11)
FNDA:0,(anonymous_12)
FNDA:0,(anonymous_13)
FNDA:2,(anonymous_14)
FNDA:2,(anonymous_15)
FNDA:3,(anonymous_16)
FNDA:5,(anonymous_17)
FNDA:0,(anonymous_18)
FNDA:0,(anonymous_19)
FNDA:4,(anonymous_20)
FNDA:4,(anonymous_21)
FNDA:2,(anonymous_22)
FNDA:0,(anonymous_23)
FNDA:1,(anonymous_24)
FNDA:0,(anonymous_25)
DA:1,1
DA:2,1
DA:3,1
DA:4,1
DA:6,1
DA:11,1
DA:12,1
DA:15,1
DA:16,1
DA:17,1
DA:18,1
DA:21,1
DA:22,1
DA:25,1
DA:28,1
DA:33,1
DA:51,35
DA:55,36
DA:59,2
DA:60,1
DA:67,3
DA:68,1
DA:73,0
DA:75,0
DA:76,0
DA:77,0
DA:80,0
DA:81,0
DA:82,0
DA:86,5
DA:88,5
DA:89,0
DA:90,0
DA:95,5
DA:97,5
DA:99,2
DA:101,3
DA:102,3
DA:103,3
DA:106,3
DA:109,3
DA:110,3
DA:119,0
DA:125,0
DA:127,0
DA:134,0
DA:135,0
DA:136,0
DA:141,0
DA:142,0
DA:143,0
DA:146,0
DA:153,0
DA:159,0
DA:166,0
DA:167,0
DA:168,0
DA:173,2
DA:174,2
DA:176,2
DA:188,2
DA:191,2
DA:198,1
DA:199,1
DA:201,1
DA:214,1
DA:223,3
DA:225,3
DA:226,0
DA:230,3
DA:233,2
DA:239,2
DA:240,2
DA:241,0
DA:245,2
DA:248,1
DA:258,1
DA:259,1
DA:260,1
DA:263,0
DA:264,0
DA:268,0
DA:275,0
DA:276,0
DA:277,0
DA:281,0
DA:284,0
DA:285,0
DA:293,0
DA:294,0
DA:296,3
DA:297,3
DA:298,3
DA:303,5
DA:305,5
DA:307,5
DA:312,5
DA:313,3
DA:314,3
DA:315,3
DA:319,2
DA:322,2
DA:323,2
DA:327,2
DA:328,2
DA:337,0
DA:340,2
DA:341,2
DA:343,3
DA:344,3
DA:346,3
DA:351,0
DA:352,0
DA:356,0
DA:357,0
DA:358,0
DA:361,0
DA:362,0
DA:364,0
DA:365,0
DA:367,0
DA:372,0
DA:374,0
DA:377,0
DA:380,0
DA:383,0
DA:385,0
DA:386,0
DA:387,0
DA:391,0
DA:393,0
DA:394,0
DA:396,0
DA:397,0
DA:399,0
DA:404,4
DA:405,4
DA:407,4
DA:408,2
DA:409,2
DA:413,2
DA:415,1
DA:416,1
DA:418,3
DA:419,3
DA:421,3
DA:426,4
DA:427,4
DA:428,4
DA:430,4
DA:431,2
DA:432,2
DA:435,2
DA:437,2
DA:438,2
DA:440,2
DA:445,2
DA:446,2
DA:448,2
DA:449,1
DA:450,1
DA:453,1
DA:454,1
DA:456,1
DA:457,1
DA:459,1
DA:464,0
DA:466,0
DA:471,0
DA:473,0
DA:474,0
DA:479,0
DA:481,0
DA:482,0
DA:484,0
DA:485,0
DA:487,0
DA:492,1
DA:493,1
DA:499,1
DA:500,1
DA:501,1
DA:504,0
DA:506,0
DA:507,0
DA:508,0
DA:510,0
DA:511,0
DA:512,0
DA:517,0
DA:518,0
DA:523,0
DA:524,0
DA:525,0
DA:528,0
DA:529,0
DA:531,0
DA:532,0
DA:534,0
DA:539,1
LF:200
LH:110
BRDA:54,0,0,1
BRDA:59,1,0,1
BRDA:67,2,0,1
BRDA:73,3,0,0
BRDA:73,3,1,0
BRDA:75,4,0,0
BRDA:86,5,0,5
BRDA:86,5,1,3
BRDA:88,6,0,0
BRDA:95,7,0,5
BRDA:95,7,1,3
BRDA:97,8,0,2
BRDA:97,8,1,3
BRDA:134,9,0,0
BRDA:134,9,1,0
BRDA:135,10,0,0
BRDA:166,11,0,0
BRDA:166,12,0,0
BRDA:166,12,1,0
BRDA:199,13,0,1
BRDA:225,14,0,0
BRDA:239,15,0,2
BRDA:239,15,1,0
BRDA:240,16,0,0
BRDA:252,17,0,1
BRDA:252,17,1,0
BRDA:258,18,0,1
BRDA:263,19,0,0
BRDA:275,20,0,0
BRDA:284,21,0,0
BRDA:296,22,0,3
BRDA:296,22,1,0
BRDA:312,23,0,3
BRDA:322,24,0,2
BRDA:322,25,0,2
BRDA:322,25,1,2
BRDA:343,26,0,3
BRDA:353,27,0,0
BRDA:353,27,1,0
BRDA:356,28,0,0
BRDA:364,29,0,0
BRDA:385,30,0,0
BRDA:396,31,0,0
BRDA:407,32,0,2
BRDA:418,33,0,3
BRDA:430,34,0,2
BRDA:437,35,0,2
BRDA:448,36,0,1
BRDA:456,37,0,1
BRDA:471,38,0,0
BRDA:484,39,0,0
BRDA:499,40,0,1
BRDA:504,41,0,0
BRDA:504,41,1,0
BRDA:506,42,0,0
BRDA:523,43,0,0
BRDA:529,44,0,0
BRDA:529,44,1,0
BRDA:531,45,0,0
BRF:59
BRH:26
end_of_record
TN:
SF:src/services/server-logger.ts
FN:15,(anonymous_4)
FN:23,(anonymous_5)
FN:30,(anonymous_6)
FN:44,(anonymous_7)
FN:48,(anonymous_8)
FN:53,(anonymous_9)
FN:69,(anonymous_10)
FN:89,(anonymous_11)
FN:121,(anonymous_12)
FN:125,(anonymous_13)
FN:129,(anonymous_14)
FN:133,(anonymous_15)
FN:144,(anonymous_16)
FN:167,(anonymous_17)
FNF:14
FNH:13
FNDA:2,(anonymous_4)
FNDA:2,(anonymous_5)
FNDA:20,(anonymous_6)
FNDA:4,(anonymous_7)
FNDA:13,(anonymous_8)
FNDA:10053,(anonymous_9)
FNDA:10053,(anonymous_10)
FNDA:10053,(anonymous_11)
FNDA:10010,(anonymous_12)
FNDA:3,(anonymous_13)
FNDA:0,(anonymous_14)
FNDA:36,(anonymous_15)
FNDA:14,(anonymous_16)
FNDA:2,(anonymous_17)
DA:1,2
DA:2,2
DA:3,2
DA:5,2
DA:7,0
DA:16,2
DA:17,2
DA:18,2
DA:19,2
DA:20,2
DA:24,2
DA:25,2
DA:27,2
DA:31,20
DA:32,20
DA:34,10
DA:35,10
DA:37,10
DA:39,10
DA:40,10
DA:45,4
DA:49,13
DA:50,13
DA:54,10053
DA:55,10053
DA:56,10053
DA:57,10023
DA:58,1
DA:59,1
DA:60,1
DA:61,1
DA:65,1
DA:70,10053
DA:71,10053
DA:72,10053
DA:75,10053
DA:77,10024
DA:83,10024
DA:85,1
DA:90,10053
DA:100,10053
DA:101,10045
DA:102,10016
DA:105,8
DA:106,8
DA:107,8
DA:115,8
DA:117,8
DA:122,10010
DA:126,3
DA:130,0
DA:134,36
DA:135,36
DA:141,14
DA:145,14
DA:146,4
DA:148,14
DA:150,14
DA:151,14
DA:153,14
DA:154,2
DA:162,2
DA:163,2
DA:168,2
DA:177,10106
LF:65
LH:63
BRDA:24,0,0,2
BRDA:32,1,0,10
BRDA:34,2,0,10
BRDA:55,3,0,10053
BRDA:57,4,0,1
BRDA:69,5,0,0
BRDA:71,6,0,36
BRDA:71,6,1,10017
BRDA:80,7,0,10024
BRDA:80,7,1,0
BRDA:89,8,0,10049
BRDA:100,9,0,10045
BRDA:106,10,0,8
BRDA:106,10,1,8
BRDA:134,11,0,36
BRDA:134,11,1,0
BRDA:137,12,0,36
BRDA:137,12,1,36
BRDA:145,13,0,4
BRDA:153,14,0,2
BRDA:153,15,0,14
BRDA:153,15,1,4
BRF:22
BRH:19
end_of_record
TN:
SF:src/services/user-profile.ts
FN:42,(anonymous_4)
FN:44,(anonymous_5)
FN:65,(anonymous_6)
FN:89,(anonymous_7)
FN:118,(anonymous_8)
FNF:5
FNH:5
FNDA:13,(anonymous_4)
FNDA:3,(anonymous_5)
FNDA:3,(anonymous_6)
FNDA:3,(anonymous_7)
FNDA:3,(anonymous_8)
DA:2,1
DA:41,12
DA:42,13
DA:45,3
DA:46,3
DA:52,2
DA:53,1
DA:54,1
DA:57,1
DA:59,2
DA:60,2
DA:61,2
DA:66,3
DA:67,3
DA:77,3
DA:78,2
DA:79,2
DA:82,1
DA:84,2
DA:85,2
DA:90,3
DA:91,3
DA:106,3
DA:107,2
DA:108,2
DA:111,1
DA:113,2
DA:114,2
DA:119,3
DA:120,3
DA:126,3
DA:127,2
DA:128,2
DA:131,2
DA:132,2
DA:138,1
DA:139,1
LF:37
LH:37
BRDA:52,0,0,1
BRDA:59,1,0,1
BRDA:59,1,1,1
BRDA:77,2,0,2
BRDA:84,3,0,2
BRDA:84,3,1,0
BRDA:106,4,0,2
BRDA:113,5,0,2
BRDA:113,5,1,0
BRDA:126,6,0,2
BRDA:131,7,0,2
BRDA:131,7,1,0
BRF:12
BRH:9
end_of_record
